#
# There is insufficient memory for the Java Runtime Environment to continue.
# Native memory allocation (malloc) failed to allocate 1272656 bytes for Chunk::new
# Possible reasons:
#   The system is out of physical RAM or swap space
#   In 32 bit mode, the process size limit was hit
# Possible solutions:
#   Reduce memory load on the system
#   Increase physical memory or swap space
#   Check if swap backing store is full
#   Use 64 bit Java on a 64 bit OS
#   Decrease Java heap size (-Xmx/-Xms)
#   Decrease number of Java threads
#   Decrease Java thread stack sizes (-Xss)
#   Set larger code cache with -XX:ReservedCodeCacheSize=
# This output file may be truncated or incomplete.
#
#  Out of Memory Error (allocation.cpp:390), pid=7244, tid=0x0000000000000e44
#
# JRE version: Java(TM) SE Runtime Environment (8.0_92-b14) (build 1.8.0_92-b14)
# Java VM: Java HotSpot(TM) 64-Bit Server VM (25.92-b14 mixed mode windows-amd64 compressed oops)
# Failed to write core dump. Minidumps are not enabled by default on client versions of Windows
#

---------------  T H R E A D  ---------------

Current thread (0x0000000016c99000):  JavaThread "C2 CompilerThread0" daemon [_thread_in_native, id=3652, stack(0x0000000017570000,0x0000000017670000)]

Stack: [0x0000000017570000,0x0000000017670000]
[error occurred during error reporting (printing stack bounds), id 0xc0000005]

Native frames: (J=compiled Java code, j=interpreted, Vv=VM code, C=native code)


Current CompileTask:
C2:   4590 1807   !   4       com.android.dx.cf.code.BytecodeArray::parseInstruction (2764 bytes)


---------------  P R O C E S S  ---------------

Java Threads: ( => current thread )
  0x0000000017c2c800 JavaThread "pool-2-thread-4" [_thread_blocked, id=5872, stack(0x0000000018770000,0x0000000018870000)]
  0x0000000016fa2800 JavaThread "pool-2-thread-3" [_thread_blocked, id=1388, stack(0x0000000018670000,0x0000000018770000)]
  0x0000000017b8e800 JavaThread "pool-2-thread-2" [_thread_in_Java, id=4288, stack(0x0000000018570000,0x0000000018670000)]
  0x0000000017b82800 JavaThread "pool-3-thread-1" [_thread_blocked, id=6740, stack(0x0000000018470000,0x0000000018570000)]
  0x0000000017013000 JavaThread "pool-2-thread-1" [_thread_blocked, id=8604, stack(0x0000000018370000,0x0000000018470000)]
  0x0000000016d12000 JavaThread "Service Thread" daemon [_thread_blocked, id=9872, stack(0x0000000017970000,0x0000000017a70000)]
  0x0000000016cdd000 JavaThread "C1 CompilerThread3" daemon [_thread_blocked, id=6784, stack(0x0000000017870000,0x0000000017970000)]
  0x0000000016cca000 JavaThread "C2 CompilerThread2" daemon [_thread_in_native, id=9888, stack(0x0000000017770000,0x0000000017870000)]
  0x0000000016c9d000 JavaThread "C2 CompilerThread1" daemon [_thread_in_native, id=9960, stack(0x0000000017670000,0x0000000017770000)]
=>0x0000000016c99000 JavaThread "C2 CompilerThread0" daemon [_thread_in_native, id=3652, stack(0x0000000017570000,0x0000000017670000)]
  0x0000000016c96000 JavaThread "Attach Listener" daemon [_thread_blocked, id=5940, stack(0x0000000017470000,0x0000000017570000)]
  0x0000000016c95000 JavaThread "Signal Dispatcher" daemon [_thread_blocked, id=2076, stack(0x0000000017370000,0x0000000017470000)]
  0x000000000224d800 JavaThread "Finalizer" daemon [_thread_blocked, id=10788, stack(0x0000000017070000,0x0000000017170000)]
  0x0000000014d6d800 JavaThread "Reference Handler" daemon [_thread_blocked, id=3308, stack(0x0000000016b70000,0x0000000016c70000)]
  0x0000000001f9d800 JavaThread "main" [_thread_in_vm, id=4244, stack(0x0000000002050000,0x0000000002150000)]

Other Threads:
  0x0000000014d68800 VMThread [stack: 0x0000000016a70000,0x0000000016b70000] [id=3932]
  0x0000000016d15000 WatcherThread [stack: 0x0000000017a70000,0x0000000017b70000] [id=10668]

VM state:not at safepoint (normal execution)

VM Mutex/Monitor currently owned by a thread: None

Heap:
 PSYoungGen      total 128000K, used 53831K [0x00000000eab00000, 0x00000000f2d00000, 0x0000000100000000)
  eden space 122880K, 39% used [0x00000000eab00000,0x00000000eda95a70,0x00000000f2300000)
  from space 5120K, 99% used [0x00000000f2800000,0x00000000f2cfc500,0x00000000f2d00000)
  to   space 5120K, 0% used [0x00000000f2300000,0x00000000f2300000,0x00000000f2800000)
 ParOldGen       total 81920K, used 21834K [0x00000000c0000000, 0x00000000c5000000, 0x00000000eab00000)
  object space 81920K, 26% used [0x00000000c0000000,0x00000000c1552978,0x00000000c5000000)
 Metaspace       used 6365K, capacity 7154K, committed 7296K, reserved 1056768K
  class space    used 606K, capacity 618K, committed 640K, reserved 1048576K

Card table byte_map: [0x0000000011610000,0x0000000011820000] byte_map_base: 0x0000000011010000

Marking Bits: (ParMarkBitMap*) 0x00000000740764f0
 Begin Bits: [0x0000000012180000, 0x0000000013180000)
 End Bits:   [0x0000000013180000, 0x0000000014180000)

Polling page: 0x0000000000980000

CodeCache: size=245760Kb used=8180Kb max_used=8180Kb free=237579Kb
 bounds [0x0000000002250000, 0x0000000002a60000, 0x0000000011250000]
 total_blobs=2227 nmethods=1957 adapters=182
 compilation: enabled

Compilation events (10 events):
Event: 4.524 Thread 0x0000000016cdd000 2014       2       com.android.dx.rop.annotation.Annotations::combine (24 bytes)
Event: 4.524 Thread 0x0000000016cdd000 nmethod 2014 0x0000000002a3cb90 code [0x0000000002a3cd00, 0x0000000002a3cf58]
Event: 4.529 Thread 0x0000000016cdd000 2015 %     3       com.android.dx.ssa.SCCP::simulateBranch @ 615 (666 bytes)
Event: 4.534 Thread 0x0000000016cdd000 nmethod 2015% 0x0000000002a4dad0 code [0x0000000002a4df80, 0x0000000002a51bb8]
Event: 4.538 Thread 0x0000000016cdd000 2016       1       com.android.dx.ssa.PhiInsn::isPhiOrMove (2 bytes)
Event: 4.539 Thread 0x0000000016cdd000 nmethod 2016 0x0000000002a3c8d0 code [0x0000000002a3ca20, 0x0000000002a3cb30]
Event: 4.570 Thread 0x0000000016cdd000 2019       2       java.util.Vector::grow (57 bytes)
Event: 4.570 Thread 0x0000000016cdd000 nmethod 2019 0x0000000002a3c310 code [0x0000000002a3c480, 0x0000000002a3c718]
Event: 4.576 Thread 0x0000000016cdd000 2021       3       com.android.dx.ssa.SCCP::simulateBranch (666 bytes)
Event: 4.581 Thread 0x0000000016cdd000 nmethod 2021 0x0000000002a538d0 code [0x0000000002a53d80, 0x0000000002a57938]

GC Heap History (8 events):
Event: 1.365 GC heap before
{Heap before GC invocations=1 (full 0):
 PSYoungGen      total 35840K, used 30720K [0x00000000eab00000, 0x00000000ed300000, 0x0000000100000000)
  eden space 30720K, 100% used [0x00000000eab00000,0x00000000ec900000,0x00000000ec900000)
  from space 5120K, 0% used [0x00000000ece00000,0x00000000ece00000,0x00000000ed300000)
  to   space 5120K, 0% used [0x00000000ec900000,0x00000000ec900000,0x00000000ece00000)
 ParOldGen       total 81920K, used 0K [0x00000000c0000000, 0x00000000c5000000, 0x00000000eab00000)
  object space 81920K, 0% used [0x00000000c0000000,0x00000000c0000000,0x00000000c5000000)
 Metaspace       used 5877K, capacity 6768K, committed 7040K, reserved 1056768K
  class space    used 602K, capacity 616K, committed 640K, reserved 1048576K
Event: 1.382 GC heap after
Heap after GC invocations=1 (full 0):
 PSYoungGen      total 35840K, used 4773K [0x00000000eab00000, 0x00000000ef100000, 0x0000000100000000)
  eden space 30720K, 0% used [0x00000000eab00000,0x00000000eab00000,0x00000000ec900000)
  from space 5120K, 93% used [0x00000000ec900000,0x00000000ecda9638,0x00000000ece00000)
  to   space 5120K, 0% used [0x00000000eec00000,0x00000000eec00000,0x00000000ef100000)
 ParOldGen       total 81920K, used 16K [0x00000000c0000000, 0x00000000c5000000, 0x00000000eab00000)
  object space 81920K, 0% used [0x00000000c0000000,0x00000000c0004000,0x00000000c5000000)
 Metaspace       used 5877K, capacity 6768K, committed 7040K, reserved 1056768K
  class space    used 602K, capacity 616K, committed 640K, reserved 1048576K
}
Event: 2.077 GC heap before
{Heap before GC invocations=2 (full 0):
 PSYoungGen      total 35840K, used 35493K [0x00000000eab00000, 0x00000000ef100000, 0x0000000100000000)
  eden space 30720K, 100% used [0x00000000eab00000,0x00000000ec900000,0x00000000ec900000)
  from space 5120K, 93% used [0x00000000ec900000,0x00000000ecda9638,0x00000000ece00000)
  to   space 5120K, 0% used [0x00000000eec00000,0x00000000eec00000,0x00000000ef100000)
 ParOldGen       total 81920K, used 16K [0x00000000c0000000, 0x00000000c5000000, 0x00000000eab00000)
  object space 81920K, 0% used [0x00000000c0000000,0x00000000c0004000,0x00000000c5000000)
 Metaspace       used 6116K, capacity 7026K, committed 7296K, reserved 1056768K
  class space    used 604K, capacity 618K, committed 640K, reserved 1048576K
Event: 2.133 GC heap after
Heap after GC invocations=2 (full 0):
 PSYoungGen      total 66560K, used 5103K [0x00000000eab00000, 0x00000000ef100000, 0x0000000100000000)
  eden space 61440K, 0% used [0x00000000eab00000,0x00000000eab00000,0x00000000ee700000)
  from space 5120K, 99% used [0x00000000eec00000,0x00000000ef0fbd90,0x00000000ef100000)
  to   space 5120K, 0% used [0x00000000ee700000,0x00000000ee700000,0x00000000eec00000)
 ParOldGen       total 81920K, used 2815K [0x00000000c0000000, 0x00000000c5000000, 0x00000000eab00000)
  object space 81920K, 3% used [0x00000000c0000000,0x00000000c02bfc60,0x00000000c5000000)
 Metaspace       used 6116K, capacity 7026K, committed 7296K, reserved 1056768K
  class space    used 604K, capacity 618K, committed 640K, reserved 1048576K
}
Event: 3.545 GC heap before
{Heap before GC invocations=3 (full 0):
 PSYoungGen      total 66560K, used 66543K [0x00000000eab00000, 0x00000000ef100000, 0x0000000100000000)
  eden space 61440K, 100% used [0x00000000eab00000,0x00000000ee700000,0x00000000ee700000)
  from space 5120K, 99% used [0x00000000eec00000,0x00000000ef0fbd90,0x00000000ef100000)
  to   space 5120K, 0% used [0x00000000ee700000,0x00000000ee700000,0x00000000eec00000)
 ParOldGen       total 81920K, used 2815K [0x00000000c0000000, 0x00000000c5000000, 0x00000000eab00000)
  object space 81920K, 3% used [0x00000000c0000000,0x00000000c02bfc60,0x00000000c5000000)
 Metaspace       used 6261K, capacity 7090K, committed 7296K, reserved 1056768K
  class space    used 605K, capacity 618K, committed 640K, reserved 1048576K
Event: 3.581 GC heap after
Heap after GC invocations=3 (full 0):
 PSYoungGen      total 66560K, used 5118K [0x00000000eab00000, 0x00000000f2d00000, 0x0000000100000000)
  eden space 61440K, 0% used [0x00000000eab00000,0x00000000eab00000,0x00000000ee700000)
  from space 5120K, 99% used [0x00000000ee700000,0x00000000eebff8c0,0x00000000eec00000)
  to   space 5120K, 0% used [0x00000000f2800000,0x00000000f2800000,0x00000000f2d00000)
 ParOldGen       total 81920K, used 12065K [0x00000000c0000000, 0x00000000c5000000, 0x00000000eab00000)
  object space 81920K, 14% used [0x00000000c0000000,0x00000000c0bc8580,0x00000000c5000000)
 Metaspace       used 6261K, capacity 7090K, committed 7296K, reserved 1056768K
  class space    used 605K, capacity 618K, committed 640K, reserved 1048576K
}
Event: 4.303 GC heap before
{Heap before GC invocations=4 (full 0):
 PSYoungGen      total 66560K, used 66558K [0x00000000eab00000, 0x00000000f2d00000, 0x0000000100000000)
  eden space 61440K, 100% used [0x00000000eab00000,0x00000000ee700000,0x00000000ee700000)
  from space 5120K, 99% used [0x00000000ee700000,0x00000000eebff8c0,0x00000000eec00000)
  to   space 5120K, 0% used [0x00000000f2800000,0x00000000f2800000,0x00000000f2d00000)
 ParOldGen       total 81920K, used 12065K [0x00000000c0000000, 0x00000000c5000000, 0x00000000eab00000)
  object space 81920K, 14% used [0x00000000c0000000,0x00000000c0bc8580,0x00000000c5000000)
 Metaspace       used 6312K, capacity 7154K, committed 7296K, reserved 1056768K
  class space    used 606K, capacity 618K, committed 640K, reserved 1048576K
Event: 4.329 GC heap after
Heap after GC invocations=4 (full 0):
 PSYoungGen      total 128000K, used 5105K [0x00000000eab00000, 0x00000000f2d00000, 0x0000000100000000)
  eden space 122880K, 0% used [0x00000000eab00000,0x00000000eab00000,0x00000000f2300000)
  from space 5120K, 99% used [0x00000000f2800000,0x00000000f2cfc500,0x00000000f2d00000)
  to   space 5120K, 0% used [0x00000000f2300000,0x00000000f2300000,0x00000000f2800000)
 ParOldGen       total 81920K, used 21834K [0x00000000c0000000, 0x00000000c5000000, 0x00000000eab00000)
  object space 81920K, 26% used [0x00000000c0000000,0x00000000c1552978,0x00000000c5000000)
 Metaspace       used 6312K, capacity 7154K, committed 7296K, reserved 1056768K
  class space    used 606K, capacity 618K, committed 640K, reserved 1048576K
}

Deoptimization events (10 events):
Event: 3.347 Thread 0x0000000017c2c800 Uncommon trap: reason=unstable_if action=reinterpret pc=0x000000000263e6bc method=com.android.dx.util.IntList.binarysearch(I)I @ 105
Event: 3.352 Thread 0x0000000017b8e800 Uncommon trap: reason=unstable_if action=reinterpret pc=0x000000000287b730 method=com.android.dx.rop.code.RegisterSpecSet.put(Lcom/android/dx/rop/code/RegisterSpec;)V @ 77
Event: 3.376 Thread 0x0000000017c2c800 Uncommon trap: reason=unstable_if action=reinterpret pc=0x00000000027e64c4 method=com.android.dx.ssa.SsaMethod.blockIndexToRopLabel(I)I @ 1
Event: 3.844 Thread 0x0000000017013000 Uncommon trap: reason=bimorphic action=maybe_recompile pc=0x000000000297d150 method=com.android.dx.cf.code.BytecodeArray.parseInstruction(ILcom/android/dx/cf/code/BytecodeArray$Visitor;)I @ 1130
Event: 3.845 Thread 0x0000000017013000 Uncommon trap: reason=bimorphic action=maybe_recompile pc=0x000000000297d150 method=com.android.dx.cf.code.BytecodeArray.parseInstruction(ILcom/android/dx/cf/code/BytecodeArray$Visitor;)I @ 1130
Event: 3.904 Thread 0x0000000016fa2800 Uncommon trap: reason=unstable_if action=reinterpret pc=0x0000000002925d44 method=com.android.dx.ssa.SsaBasicBlock.newFromRop(Lcom/android/dx/rop/code/RopMethod;ILcom/android/dx/ssa/SsaMethod;)Lcom/android/dx/ssa/SsaBasicBlock; @ 164
Event: 4.276 Thread 0x0000000017b8e800 Uncommon trap: reason=unstable_if action=reinterpret pc=0x00000000026cd69c method=com.android.dx.ssa.SCCP.simulateStmt(Lcom/android/dx/ssa/SsaInsn;)V @ 53
Event: 4.283 Thread 0x0000000017b8e800 Uncommon trap: reason=unstable_if action=reinterpret pc=0x00000000029b7c08 method=com.android.dx.ssa.SCCP.simulateBranch(Lcom/android/dx/ssa/SsaInsn;)V @ 548
Event: 4.285 Thread 0x0000000017b8e800 Uncommon trap: reason=class_check action=maybe_recompile pc=0x000000000261f384 method=java.util.HashMap.putVal(ILjava/lang/Object;Ljava/lang/Object;ZZ)Ljava/lang/Object; @ 203
Event: 4.491 Thread 0x0000000017b8e800 Uncommon trap: reason=unstable_if action=reinterpret pc=0x00000000027be858 method=com.android.dx.rop.code.LocalItem.compareHandlesNulls(Lcom/android/dx/rop/cst/CstString;Lcom/android/dx/rop/cst/CstString;)I @ 14

Internal exceptions (5 events):
Event: 0.061 Thread 0x0000000001f9d800 Exception <a 'java/lang/NoSuchMethodError': Method sun.misc.Unsafe.defineClass(Ljava/lang/String;[BII)Ljava/lang/Class; name or signature does not match> (0x00000000eab07cc0) thrown at [D:\re\workspace\8-2-build-windows-amd64-cygwin\jdk8u92\6642\hotspot\srÆÁ=G¯?
Event: 0.061 Thread 0x0000000001f9d800 Exception <a 'java/lang/NoSuchMethodError': Method sun.misc.Unsafe.prefetchRead(Ljava/lang/Object;J)V name or signature does not match> (0x00000000eab07fa8) thrown at [D:\re\workspace\8-2-build-windows-amd64-cygwin\jdk8u92\6642\hotspot\src\share\vm\prims\j‡›¼k\ö?
Event: 1.398 Thread 0x0000000017c2c800 Implicit null exception at 0x000000000258dfe2 to 0x000000000258e0e1
Event: 2.715 Thread 0x0000000017013000 Implicit null exception at 0x0000000002520f42 to 0x0000000002522f79
Event: 4.491 Thread 0x0000000017b8e800 Implicit null exception at 0x00000000027bd3dd to 0x00000000027be82d

Events (10 events):
Event: 4.329 Executing VM operation: ParallelGCFailedAllocation done
Event: 4.477 Thread 0x0000000017013000 DEOPT PACKING pc=0x000000000271c075 sp=0x000000001846e5a0
Event: 4.477 Thread 0x0000000017013000 DEOPT UNPACKING pc=0x000000000229787f sp=0x000000001846e330 mode 0
Event: 4.491 Thread 0x0000000017b8e800 Uncommon trap: trap_request=0xffffff65 fr.pc=0x00000000027be858
Event: 4.492 Thread 0x0000000017b8e800 DEOPT PACKING pc=0x00000000027be858 sp=0x000000001866eb60
Event: 4.492 Thread 0x0000000017b8e800 DEOPT UNPACKING pc=0x000000000229582a sp=0x000000001866e948 mode 2
Event: 4.505 Thread 0x0000000001f9d800 DEOPT PACKING pc=0x0000000002958421 sp=0x000000000214ebd0
Event: 4.505 Thread 0x0000000001f9d800 DEOPT UNPACKING pc=0x000000000229787f sp=0x000000000214e990 mode 0
Event: 4.506 Thread 0x0000000001f9d800 DEOPT PACKING pc=0x000000000295a892 sp=0x000000000214ecd0
Event: 4.506 Thread 0x0000000001f9d800 DEOPT UNPACKING pc=0x000000000229787f sp=0x000000000214eae0 mode 0


Dynamic libraries:
0x00007ff74c760000 - 0x00007ff74c797000 	C:\Program Files\Java\jdk1.8.0_92\bin\java.exe
0x00007ffc2cd40000 - 0x00007ffc2cf01000 	C:\WINDOWS\SYSTEM32\ntdll.dll
0x00007ffc2aa80000 - 0x00007ffc2ab2d000 	C:\WINDOWS\system32\KERNEL32.DLL
0x00007ffc294f0000 - 0x00007ffc296d8000 	C:\WINDOWS\system32\KERNELBASE.dll
0x00007ffc2cc90000 - 0x00007ffc2cd37000 	C:\WINDOWS\system32\ADVAPI32.dll
0x00007ffc2a8a0000 - 0x00007ffc2a93d000 	C:\WINDOWS\system32\msvcrt.dll
0x00007ffc2af80000 - 0x00007ffc2afdb000 	C:\WINDOWS\system32\sechost.dll
0x00007ffc2ab30000 - 0x00007ffc2ac4c000 	C:\WINDOWS\system32\RPCRT4.dll
0x00007ffc2b200000 - 0x00007ffc2b356000 	C:\WINDOWS\system32\USER32.dll
0x00007ffc2b530000 - 0x00007ffc2b6b6000 	C:\WINDOWS\system32\GDI32.dll
0x00007ffc16690000 - 0x00007ffc16904000 	C:\WINDOWS\WinSxS\amd64_microsoft.windows.common-controls_6595b64144ccf1df_6.0.10586.0_none_8c15ae12515e1c22\COMCTL32.dll
0x00007ffc2ac50000 - 0x00007ffc2aecd000 	C:\WINDOWS\system32\combase.dll
0x00007ffc296e0000 - 0x00007ffc2974a000 	C:\WINDOWS\system32\bcryptPrimitives.dll
0x00007ffc2af30000 - 0x00007ffc2af6b000 	C:\WINDOWS\system32\IMM32.DLL
0x0000000073140000 - 0x0000000073212000 	C:\Program Files\Java\jdk1.8.0_92\jre\bin\msvcr100.dll
0x0000000073860000 - 0x00000000740f6000 	C:\Program Files\Java\jdk1.8.0_92\jre\bin\server\jvm.dll
0x00007ffc2af70000 - 0x00007ffc2af78000 	C:\WINDOWS\system32\PSAPI.DLL
0x00007ffc1e470000 - 0x00007ffc1e479000 	C:\WINDOWS\SYSTEM32\WSOCK32.dll
0x00007ffc2aa10000 - 0x00007ffc2aa7b000 	C:\WINDOWS\system32\WS2_32.dll
0x00007ffc27980000 - 0x00007ffc279a3000 	C:\WINDOWS\SYSTEM32\WINMM.dll
0x00007ffc1e4b0000 - 0x00007ffc1e4ba000 	C:\WINDOWS\SYSTEM32\VERSION.dll
0x00007ffc27640000 - 0x00007ffc2766c000 	C:\WINDOWS\SYSTEM32\WINMMBASE.dll
0x00007ffc293f0000 - 0x00007ffc29433000 	C:\WINDOWS\system32\cfgmgr32.dll
0x0000000073850000 - 0x000000007385f000 	C:\Program Files\Java\jdk1.8.0_92\jre\bin\verify.dll
0x0000000073820000 - 0x0000000073849000 	C:\Program Files\Java\jdk1.8.0_92\jre\bin\java.dll
0x0000000073800000 - 0x0000000073816000 	C:\Program Files\Java\jdk1.8.0_92\jre\bin\zip.dll
0x00007ffc2b6c0000 - 0x00007ffc2cc1c000 	C:\WINDOWS\system32\SHELL32.dll
0x00007ffc29810000 - 0x00007ffc29e54000 	C:\WINDOWS\system32\windows.storage.dll
0x00007ffc2a300000 - 0x00007ffc2a352000 	C:\WINDOWS\system32\shlwapi.dll
0x00007ffc29380000 - 0x00007ffc2938f000 	C:\WINDOWS\system32\kernel.appcore.dll
0x00007ffc29750000 - 0x00007ffc29805000 	C:\WINDOWS\system32\shcore.dll
0x00007ffc29390000 - 0x00007ffc293db000 	C:\WINDOWS\system32\powrprof.dll
0x00007ffc29360000 - 0x00007ffc29374000 	C:\WINDOWS\system32\profapi.dll

VM Arguments:
jvm_args: -Djava.awt.headless=true -Xmx1024M -Dfile.encoding=windows-1252 -Duser.country=419 -Duser.language=es -Duser.variant 
java_command: com.android.dx.command.Main --dex --force-jumbo --num-threads=4 --multi-dex --output C:\Facu\TipCal\app\build\intermediates\transforms\dex\debug\folders\1000\10\com.android.support-support-v4-23.1.1_d3c1463bce4e7c4850af167ff9d7ea18ddcbaf0f C:\Facu\TipCal\app\build\intermediates\exploded-aar\com.android.support\support-v4\23.1.1\jars\classes.jar
java_class_path (initial): C:\Users\Admin\AppData\Local\Android\android-sdk\build-tools\23.0.3\lib\dx.jar
Launcher Type: SUN_STANDARD

Environment Variables:
PATH=C:\ProgramData\Oracle\Java\javapath;C:\Program Files (x86)\Common Files\Intel\Shared Files\cpp\bin\Intel64;C:\WINDOWS\system32;C:\WINDOWS;C:\WINDOWS\System32\Wbem;C:\WINDOWS\System32\WindowsPowerShell\v1.0\;C:\Program Files (x86)\Microsoft SQL Server\110\Tools\Binn\;C:\Program Files\Microsoft SQL Server\110\Tools\Binn\;C:\Program Files\Microsoft SQL Server\110\DTS\Binn\;C:\Program Files (x86)\Microsoft SQL Server\110\Tools\Binn\ManagementStudio\;C:\Program Files (x86)\Microsoft Visual Studio 10.0\Common7\IDE\PrivateAssemblies\;C:\Program Files (x86)\Microsoft SQL Server\110\DTS\Binn\;C:\Program Files (x86)\Microsoft SQL Server\100\Tools\Binn\;C:\Program Files\Microsoft SQL Server\100\Tools\Binn\;C:\Program Files\Microsoft SQL Server\100\DTS\Binn\;C:\Program Files (x86)\Microsoft SQL Server\100\Tools\Binn\VSShell\Common7\IDE\;C:\Program Files (x86)\Microsoft SQL Server\100\DTS\Binn\;C:\WINDOWS\system32\config\systemprofile\.dnx\bin;C:\Program Files\Microsoft DNX\Dnvm\;C:\Program Files\Microsoft\Web Platform Installer\;C:\Program Files (x86)\Skype\Phone\
USERNAME=MaxiE
OS=Windows_NT
PROCESSOR_IDENTIFIER=Intel64 Family 6 Model 58 Stepping 9, GenuineIntel



---------------  S Y S T E M  ---------------

OS: Windows 10.0 , 64 bit Build 10586 (10.0.10586.0)

CPU:total 8 (4 cores per cpu, 2 threads per core) family 6 model 58 stepping 9, cmov, cx8, fxsr, mmx, sse, sse2, sse3, ssse3, sse4.1, sse4.2, popcnt, avx, aes, clmul, erms, ht, tsc, tscinvbit, tscinv

Memory: 4k page, physical 7826712k(1419428k free), swap 7826712k(5376k free)

vm_info: Java HotSpot(TM) 64-Bit Server VM (25.92-b14) for windows-amd64 JRE (1.8.0_92-b14), built on Mar 31 2016 21:03:04 by "java_re" with MS VC++ 10.0 (VS2010)

time: Wed Jun 01 21:42:07 2016
elapsed time: 4 seconds (0d 0h 0m 4s)

