#
# There is insufficient memory for the Java Runtime Environment to continue.
# Native memory allocation (malloc) failed to allocate 321376 bytes for Chunk::new
# Possible reasons:
#   The system is out of physical RAM or swap space
#   In 32 bit mode, the process size limit was hit
# Possible solutions:
#   Reduce memory load on the system
#   Increase physical memory or swap space
#   Check if swap backing store is full
#   Use 64 bit Java on a 64 bit OS
#   Decrease Java heap size (-Xmx/-Xms)
#   Decrease number of Java threads
#   Decrease Java thread stack sizes (-Xss)
#   Set larger code cache with -XX:ReservedCodeCacheSize=
# This output file may be truncated or incomplete.
#
#  Out of Memory Error (allocation.cpp:390), pid=11240, tid=0x0000000000000a84
#
# JRE version: Java(TM) SE Runtime Environment (8.0_92-b14) (build 1.8.0_92-b14)
# Java VM: Java HotSpot(TM) 64-Bit Server VM (25.92-b14 mixed mode windows-amd64 compressed oops)
# Failed to write core dump. Minidumps are not enabled by default on client versions of Windows
#

---------------  T H R E A D  ---------------

Current thread (0x0000000016c5c800):  JavaThread "C2 CompilerThread0" daemon [_thread_in_native, id=2692, stack(0x0000000017430000,0x0000000017530000)]

Stack: [0x0000000017430000,0x0000000017530000]
[error occurred during error reporting (printing stack bounds), id 0xc0000005]

Native frames: (J=compiled Java code, j=interpreted, Vv=VM code, C=native code)


Current CompileTask:
C2:   3519 1287       4       com.android.dx.ssa.SsaMethod::computeReachability (131 bytes)


---------------  P R O C E S S  ---------------

Java Threads: ( => current thread )
  0x0000000016fdf800 JavaThread "pool-2-thread-4" [_thread_blocked, id=6900, stack(0x0000000018630000,0x0000000018730000)]
  0x0000000016fdf000 JavaThread "pool-2-thread-3" [_thread_blocked, id=1036, stack(0x0000000018530000,0x0000000018630000)]
  0x0000000016fde000 JavaThread "pool-2-thread-2" [_thread_in_Java, id=6256, stack(0x0000000018430000,0x0000000018530000)]
  0x0000000016fda800 JavaThread "pool-3-thread-1" [_thread_blocked, id=5972, stack(0x0000000018330000,0x0000000018430000)]
  0x0000000016fd5000 JavaThread "pool-2-thread-1" [_thread_blocked, id=3676, stack(0x0000000018230000,0x0000000018330000)]
  0x0000000016c8a800 JavaThread "Service Thread" daemon [_thread_blocked, id=1060, stack(0x0000000017830000,0x0000000017930000)]
  0x0000000016c64800 JavaThread "C1 CompilerThread3" daemon [_thread_blocked, id=5268, stack(0x0000000017730000,0x0000000017830000)]
  0x0000000016c61800 JavaThread "C2 CompilerThread2" daemon [_thread_in_native, id=1380, stack(0x0000000017630000,0x0000000017730000)]
  0x0000000016c60800 JavaThread "C2 CompilerThread1" daemon [_thread_in_native, id=4728, stack(0x0000000017530000,0x0000000017630000)]
=>0x0000000016c5c800 JavaThread "C2 CompilerThread0" daemon [_thread_in_native, id=2692, stack(0x0000000017430000,0x0000000017530000)]
  0x0000000016c5a000 JavaThread "Attach Listener" daemon [_thread_blocked, id=5340, stack(0x0000000017330000,0x0000000017430000)]
  0x0000000016c57000 JavaThread "Signal Dispatcher" daemon [_thread_blocked, id=5028, stack(0x0000000017230000,0x0000000017330000)]
  0x00000000021f9000 JavaThread "Finalizer" daemon [_thread_blocked, id=2844, stack(0x0000000017030000,0x0000000017130000)]
  0x00000000021f5800 JavaThread "Reference Handler" daemon [_thread_blocked, id=5100, stack(0x0000000016b30000,0x0000000016c30000)]
  0x000000000084d800 JavaThread "main" [_thread_blocked, id=9144, stack(0x0000000002000000,0x0000000002100000)]

Other Threads:
  0x0000000014d38800 VMThread [stack: 0x0000000016a30000,0x0000000016b30000] [id=5092]
  0x0000000016ce1800 WatcherThread [stack: 0x0000000017930000,0x0000000017a30000] [id=6332]

VM state:not at safepoint (normal execution)

VM Mutex/Monitor currently owned by a thread: None

Heap:
 PSYoungGen      total 35840K, used 29526K [0x00000000eab00000, 0x00000000ed300000, 0x0000000100000000)
  eden space 30720K, 79% used [0x00000000eab00000,0x00000000ec2d93d8,0x00000000ec900000)
  from space 5120K, 99% used [0x00000000ec900000,0x00000000ecdfc698,0x00000000ece00000)
  to   space 5120K, 0% used [0x00000000ece00000,0x00000000ece00000,0x00000000ed300000)
 ParOldGen       total 81920K, used 568K [0x00000000c0000000, 0x00000000c5000000, 0x00000000eab00000)
  object space 81920K, 0% used [0x00000000c0000000,0x00000000c008e358,0x00000000c5000000)
 Metaspace       used 6088K, capacity 6962K, committed 7040K, reserved 1056768K
  class space    used 604K, capacity 618K, committed 640K, reserved 1048576K

Card table byte_map: [0x00000000115c0000,0x00000000117d0000] byte_map_base: 0x0000000010fc0000

Marking Bits: (ParMarkBitMap*) 0x00000000740764f0
 Begin Bits: [0x0000000012130000, 0x0000000013130000)
 End Bits:   [0x0000000013130000, 0x0000000014130000)

Polling page: 0x0000000000830000

CodeCache: size=245760Kb used=5189Kb max_used=5189Kb free=240570Kb
 bounds [0x0000000002200000, 0x0000000002720000, 0x0000000011200000]
 total_blobs=1594 nmethods=1324 adapters=182
 compilation: disabled (not enough contiguous free space left)

Compilation events (10 events):
Event: 3.402 Thread 0x0000000016c64800 nmethod 1290 0x00000000026ed790 code [0x00000000026ed980, 0x00000000026ee3b8]
Event: 3.402 Thread 0x0000000016c64800 1284       3       com.android.dx.rop.cst.CstKnownNull::getType (4 bytes)
Event: 3.402 Thread 0x0000000016c64800 nmethod 1284 0x00000000026eec10 code [0x00000000026eed60, 0x00000000026eeeb0]
Event: 3.402 Thread 0x0000000016c64800 1283       3       com.android.dx.rop.code.Rops::opGetField (97 bytes)
Event: 3.403 Thread 0x0000000016c64800 nmethod 1283 0x00000000026eef50 code [0x00000000026ef180, 0x00000000026efdf8]
Event: 3.403 Thread 0x0000000016c64800 1285       3       java.util.HashMap$HashIterator::hasNext (13 bytes)
Event: 3.404 Thread 0x0000000016c64800 nmethod 1285 0x00000000026f0390 code [0x00000000026f04e0, 0x00000000026f0690]
Event: 3.404 Thread 0x0000000016c64800 1275       3       com.android.dx.rop.code.DexTranslationAdvice::hasConstantOperation (163 bytes)
Event: 3.405 Thread 0x0000000016c64800 nmethod 1275 0x00000000026f0710 code [0x00000000026f0960, 0x00000000026f21f8]
Event: 3.405 Thread 0x0000000016c64800 1269       3       com.android.dx.dex.file.ClassDefItem::addVirtualMethod (9 bytes)

GC Heap History (2 events):
Event: 3.321 GC heap before
{Heap before GC invocations=1 (full 0):
 PSYoungGen      total 35840K, used 30720K [0x00000000eab00000, 0x00000000ed300000, 0x0000000100000000)
  eden space 30720K, 100% used [0x00000000eab00000,0x00000000ec900000,0x00000000ec900000)
  from space 5120K, 0% used [0x00000000ece00000,0x00000000ece00000,0x00000000ed300000)
  to   space 5120K, 0% used [0x00000000ec900000,0x00000000ec900000,0x00000000ece00000)
 ParOldGen       total 81920K, used 0K [0x00000000c0000000, 0x00000000c5000000, 0x00000000eab00000)
  object space 81920K, 0% used [0x00000000c0000000,0x00000000c0000000,0x00000000c5000000)
 Metaspace       used 6012K, capacity 6898K, committed 7040K, reserved 1056768K
  class space    used 603K, capacity 618K, committed 640K, reserved 1048576K
Event: 3.339 GC heap after
Heap after GC invocations=1 (full 0):
 PSYoungGen      total 35840K, used 5105K [0x00000000eab00000, 0x00000000ed300000, 0x0000000100000000)
  eden space 30720K, 0% used [0x00000000eab00000,0x00000000eab00000,0x00000000ec900000)
  from space 5120K, 99% used [0x00000000ec900000,0x00000000ecdfc698,0x00000000ece00000)
  to   space 5120K, 0% used [0x00000000ece00000,0x00000000ece00000,0x00000000ed300000)
 ParOldGen       total 81920K, used 568K [0x00000000c0000000, 0x00000000c5000000, 0x00000000eab00000)
  object space 81920K, 0% used [0x00000000c0000000,0x00000000c008e358,0x00000000c5000000)
 Metaspace       used 6012K, capacity 6898K, committed 7040K, reserved 1056768K
  class space    used 603K, capacity 618K, committed 640K, reserved 1048576K
}

Deoptimization events (5 events):
Event: 2.275 Thread 0x0000000016fdf000 Uncommon trap: reason=unstable_if action=reinterpret pc=0x000000000241e3b0 method=java.util.BitSet.nextSetBit(I)I @ 87
Event: 2.752 Thread 0x000000000084d800 Uncommon trap: reason=unstable_if action=reinterpret pc=0x00000000025275a0 method=com.android.dx.rop.code.RegisterSpec.equals(ILcom/android/dx/rop/type/TypeBearer;Lcom/android/dx/rop/code/LocalItem;)Z @ 42
Event: 3.011 Thread 0x000000000084d800 Uncommon trap: reason=unstable_if action=reinterpret pc=0x00000000025e79d0 method=com.android.dx.ssa.SsaRenamer$BlockRenamer.addMapping(ILcom/android/dx/rop/code/RegisterSpec;)V @ 120
Event: 3.308 Thread 0x0000000016fdf800 Uncommon trap: reason=unstable_if action=reinterpret pc=0x000000000256b26c method=com.android.dx.rop.code.RegisterSpecSet.put(Lcom/android/dx/rop/code/RegisterSpec;)V @ 77
Event: 3.308 Thread 0x0000000016fdf800 Uncommon trap: reason=unstable_if action=reinterpret pc=0x00000000025bab6c method=com.android.dx.rop.code.RegisterSpecSet.put(Lcom/android/dx/rop/code/RegisterSpec;)V @ 77

Internal exceptions (2 events):
Event: 0.065 Thread 0x000000000084d800 Exception <a 'java/lang/NoSuchMethodError': Method sun.misc.Unsafe.defineClass(Ljava/lang/String;[BII)Ljava/lang/Class; name or signature does not match> (0x00000000eab07cc0) thrown at [D:\re\workspace\8-2-build-windows-amd64-cygwin\jdk8u92\6642\hotspot\srDçç´·°?
Event: 0.065 Thread 0x000000000084d800 Exception <a 'java/lang/NoSuchMethodError': Method sun.misc.Unsafe.prefetchRead(Ljava/lang/Object;J)V name or signature does not match> (0x00000000eab07fa8) thrown at [D:\re\workspace\8-2-build-windows-amd64-cygwin\jdk8u92\6642\hotspot\src\share\vm\prims\j

Events (10 events):
Event: 3.308 Thread 0x0000000016fdf800 DEOPT UNPACKING pc=0x000000000224582a sp=0x000000001872e638 mode 2
Event: 3.308 Thread 0x0000000016fdf800 Uncommon trap: trap_request=0xffffff65 fr.pc=0x00000000025bab6c
Event: 3.308 Thread 0x0000000016fdf800 DEOPT PACKING pc=0x00000000025bab6c sp=0x000000001872e6a0
Event: 3.308 Thread 0x0000000016fdf800 DEOPT UNPACKING pc=0x000000000224582a sp=0x000000001872e5c0 mode 2
Event: 3.309 loading class com/android/dx/dex/file/FieldAnnotationStruct
Event: 3.309 loading class com/android/dx/dex/file/FieldAnnotationStruct done
Event: 3.321 Executing VM operation: ParallelGCFailedAllocation
Event: 3.339 Executing VM operation: ParallelGCFailedAllocation done
Event: 3.405 loading class com/android/dx/cf/attrib/AttExceptions
Event: 3.405 loading class com/android/dx/cf/attrib/AttExceptions done


Dynamic libraries:
0x00007ff74c760000 - 0x00007ff74c797000 	C:\Program Files\Java\jdk1.8.0_92\bin\java.exe
0x00007ffc2cd40000 - 0x00007ffc2cf01000 	C:\WINDOWS\SYSTEM32\ntdll.dll
0x00007ffc2aa80000 - 0x00007ffc2ab2d000 	C:\WINDOWS\system32\KERNEL32.DLL
0x00007ffc294f0000 - 0x00007ffc296d8000 	C:\WINDOWS\system32\KERNELBASE.dll
0x00007ffc2cc90000 - 0x00007ffc2cd37000 	C:\WINDOWS\system32\ADVAPI32.dll
0x00007ffc2a8a0000 - 0x00007ffc2a93d000 	C:\WINDOWS\system32\msvcrt.dll
0x00007ffc2af80000 - 0x00007ffc2afdb000 	C:\WINDOWS\system32\sechost.dll
0x00007ffc2ab30000 - 0x00007ffc2ac4c000 	C:\WINDOWS\system32\RPCRT4.dll
0x00007ffc2b200000 - 0x00007ffc2b356000 	C:\WINDOWS\system32\USER32.dll
0x00007ffc2b530000 - 0x00007ffc2b6b6000 	C:\WINDOWS\system32\GDI32.dll
0x00007ffc16690000 - 0x00007ffc16904000 	C:\WINDOWS\WinSxS\amd64_microsoft.windows.common-controls_6595b64144ccf1df_6.0.10586.0_none_8c15ae12515e1c22\COMCTL32.dll
0x00007ffc2ac50000 - 0x00007ffc2aecd000 	C:\WINDOWS\system32\combase.dll
0x00007ffc296e0000 - 0x00007ffc2974a000 	C:\WINDOWS\system32\bcryptPrimitives.dll
0x00007ffc2af30000 - 0x00007ffc2af6b000 	C:\WINDOWS\system32\IMM32.DLL
0x0000000073140000 - 0x0000000073212000 	C:\Program Files\Java\jdk1.8.0_92\jre\bin\msvcr100.dll
0x0000000073860000 - 0x00000000740f6000 	C:\Program Files\Java\jdk1.8.0_92\jre\bin\server\jvm.dll
0x00007ffc2af70000 - 0x00007ffc2af78000 	C:\WINDOWS\system32\PSAPI.DLL
0x00007ffc1e470000 - 0x00007ffc1e479000 	C:\WINDOWS\SYSTEM32\WSOCK32.dll
0x00007ffc2aa10000 - 0x00007ffc2aa7b000 	C:\WINDOWS\system32\WS2_32.dll
0x00007ffc27980000 - 0x00007ffc279a3000 	C:\WINDOWS\SYSTEM32\WINMM.dll
0x00007ffc1e4b0000 - 0x00007ffc1e4ba000 	C:\WINDOWS\SYSTEM32\VERSION.dll
0x00007ffc27640000 - 0x00007ffc2766c000 	C:\WINDOWS\SYSTEM32\WINMMBASE.dll
0x00007ffc293f0000 - 0x00007ffc29433000 	C:\WINDOWS\system32\cfgmgr32.dll
0x0000000073850000 - 0x000000007385f000 	C:\Program Files\Java\jdk1.8.0_92\jre\bin\verify.dll
0x0000000073820000 - 0x0000000073849000 	C:\Program Files\Java\jdk1.8.0_92\jre\bin\java.dll
0x0000000073800000 - 0x0000000073816000 	C:\Program Files\Java\jdk1.8.0_92\jre\bin\zip.dll
0x00007ffc2b6c0000 - 0x00007ffc2cc1c000 	C:\WINDOWS\system32\SHELL32.dll
0x00007ffc29810000 - 0x00007ffc29e54000 	C:\WINDOWS\system32\windows.storage.dll
0x00007ffc2a300000 - 0x00007ffc2a352000 	C:\WINDOWS\system32\shlwapi.dll
0x00007ffc29380000 - 0x00007ffc2938f000 	C:\WINDOWS\system32\kernel.appcore.dll
0x00007ffc29750000 - 0x00007ffc29805000 	C:\WINDOWS\system32\shcore.dll
0x00007ffc29390000 - 0x00007ffc293db000 	C:\WINDOWS\system32\powrprof.dll
0x00007ffc29360000 - 0x00007ffc29374000 	C:\WINDOWS\system32\profapi.dll

VM Arguments:
jvm_args: -Djava.awt.headless=true -Xmx1024M -Dfile.encoding=windows-1252 -Duser.country=419 -Duser.language=es -Duser.variant 
java_command: com.android.dx.command.Main --dex --force-jumbo --num-threads=4 --multi-dex --output C:\Facu\TipCal\app\build\intermediates\transforms\dex\debug\folders\1000\10\com.android.support-appcompat-v7-23.1.1_6782366d4566ad5d7a2fa947cbd1c2e35c746cc2 C:\Facu\TipCal\app\build\intermediates\exploded-aar\com.android.support\appcompat-v7\23.1.1\jars\classes.jar
java_class_path (initial): C:\Users\Admin\AppData\Local\Android\android-sdk\build-tools\23.0.3\lib\dx.jar
Launcher Type: SUN_STANDARD

Environment Variables:
PATH=C:\ProgramData\Oracle\Java\javapath;C:\Program Files (x86)\Common Files\Intel\Shared Files\cpp\bin\Intel64;C:\WINDOWS\system32;C:\WINDOWS;C:\WINDOWS\System32\Wbem;C:\WINDOWS\System32\WindowsPowerShell\v1.0\;C:\Program Files (x86)\Microsoft SQL Server\110\Tools\Binn\;C:\Program Files\Microsoft SQL Server\110\Tools\Binn\;C:\Program Files\Microsoft SQL Server\110\DTS\Binn\;C:\Program Files (x86)\Microsoft SQL Server\110\Tools\Binn\ManagementStudio\;C:\Program Files (x86)\Microsoft Visual Studio 10.0\Common7\IDE\PrivateAssemblies\;C:\Program Files (x86)\Microsoft SQL Server\110\DTS\Binn\;C:\Program Files (x86)\Microsoft SQL Server\100\Tools\Binn\;C:\Program Files\Microsoft SQL Server\100\Tools\Binn\;C:\Program Files\Microsoft SQL Server\100\DTS\Binn\;C:\Program Files (x86)\Microsoft SQL Server\100\Tools\Binn\VSShell\Common7\IDE\;C:\Program Files (x86)\Microsoft SQL Server\100\DTS\Binn\;C:\WINDOWS\system32\config\systemprofile\.dnx\bin;C:\Program Files\Microsoft DNX\Dnvm\;C:\Program Files\Microsoft\Web Platform Installer\;C:\Program Files (x86)\Skype\Phone\
USERNAME=MaxiE
OS=Windows_NT
PROCESSOR_IDENTIFIER=Intel64 Family 6 Model 58 Stepping 9, GenuineIntel



---------------  S Y S T E M  ---------------

OS: Windows 10.0 , 64 bit Build 10586 (10.0.10586.0)

CPU:total 8 (4 cores per cpu, 2 threads per core) family 6 model 58 stepping 9, cmov, cx8, fxsr, mmx, sse, sse2, sse3, ssse3, sse4.1, sse4.2, popcnt, avx, aes, clmul, erms, ht, tsc, tscinvbit, tscinv

Memory: 4k page, physical 7826712k(1329852k free), swap 7826712k(5240k free)

vm_info: Java HotSpot(TM) 64-Bit Server VM (25.92-b14) for windows-amd64 JRE (1.8.0_92-b14), built on Mar 31 2016 21:03:04 by "java_re" with MS VC++ 10.0 (VS2010)

time: Wed Jun 01 21:41:41 2016
elapsed time: 3 seconds (0d 0h 0m 3s)

