#
# There is insufficient memory for the Java Runtime Environment to continue.
# Native memory allocation (malloc) failed to allocate 1062016 bytes for Chunk::new
# Possible reasons:
#   The system is out of physical RAM or swap space
#   In 32 bit mode, the process size limit was hit
# Possible solutions:
#   Reduce memory load on the system
#   Increase physical memory or swap space
#   Check if swap backing store is full
#   Use 64 bit Java on a 64 bit OS
#   Decrease Java heap size (-Xmx/-Xms)
#   Decrease number of Java threads
#   Decrease Java thread stack sizes (-Xss)
#   Set larger code cache with -XX:ReservedCodeCacheSize=
# This output file may be truncated or incomplete.
#
#  Out of Memory Error (allocation.cpp:390), pid=10324, tid=0x0000000000002ac4
#
# JRE version: Java(TM) SE Runtime Environment (8.0_92-b14) (build 1.8.0_92-b14)
# Java VM: Java HotSpot(TM) 64-Bit Server VM (25.92-b14 mixed mode windows-amd64 compressed oops)
# Failed to write core dump. Minidumps are not enabled by default on client versions of Windows
#

---------------  T H R E A D  ---------------

Current thread (0x0000000016def800):  JavaThread "C2 CompilerThread1" daemon [_thread_in_native, id=10948, stack(0x00000000176c0000,0x00000000177c0000)]

Stack: [0x00000000176c0000,0x00000000177c0000]
[error occurred during error reporting (printing stack bounds), id 0xc0000005]

Native frames: (J=compiled Java code, j=interpreted, Vv=VM code, C=native code)


Current CompileTask:
C2:   6488 1935       4       com.android.dx.cf.code.Simulator$SimVisitor::visitConstant (332 bytes)


---------------  P R O C E S S  ---------------

Java Threads: ( => current thread )
  0x00000000170c8800 JavaThread "pool-2-thread-4" [_thread_in_Java, id=11136, stack(0x0000000017fc0000,0x00000000180c0000)]
  0x00000000170bd000 JavaThread "pool-3-thread-1" [_thread_blocked, id=11144, stack(0x0000000017cc0000,0x0000000017dc0000)]
  0x00000000170ba800 JavaThread "pool-2-thread-1" [_thread_in_Java, id=256, stack(0x0000000017bc0000,0x0000000017cc0000)]
  0x0000000016e85000 JavaThread "Service Thread" daemon [_thread_blocked, id=6480, stack(0x00000000179c0000,0x0000000017ac0000)]
  0x0000000016df3800 JavaThread "C1 CompilerThread3" daemon [_thread_blocked, id=8004, stack(0x00000000178c0000,0x00000000179c0000)]
  0x0000000016df0000 JavaThread "C2 CompilerThread2" daemon [_thread_in_native, id=8952, stack(0x00000000177c0000,0x00000000178c0000)]
=>0x0000000016def800 JavaThread "C2 CompilerThread1" daemon [_thread_in_native, id=10948, stack(0x00000000176c0000,0x00000000177c0000)]
  0x0000000016deb800 JavaThread "C2 CompilerThread0" daemon [_thread_in_native, id=10356, stack(0x00000000175c0000,0x00000000176c0000)]
  0x0000000016de9000 JavaThread "Attach Listener" daemon [_thread_blocked, id=10924, stack(0x00000000174c0000,0x00000000175c0000)]
  0x00000000023be800 JavaThread "Signal Dispatcher" daemon [_thread_blocked, id=7336, stack(0x00000000173c0000,0x00000000174c0000)]
  0x00000000023b9000 JavaThread "Finalizer" daemon [_thread_blocked, id=9152, stack(0x00000000171c0000,0x00000000172c0000)]
  0x00000000023b6000 JavaThread "Reference Handler" daemon [_thread_blocked, id=10872, stack(0x0000000016cc0000,0x0000000016dc0000)]
  0x00000000020bd800 JavaThread "main" [_thread_blocked, id=10028, stack(0x00000000021c0000,0x00000000022c0000)]

Other Threads:
  0x0000000014ed8800 VMThread [stack: 0x0000000016bc0000,0x0000000016cc0000] [id=3280]
  0x0000000016e93800 WatcherThread [stack: 0x0000000017ac0000,0x0000000017bc0000] [id=1048]

VM state:not at safepoint (normal execution)

VM Mutex/Monitor currently owned by a thread: None

Heap:
 PSYoungGen      total 128000K, used 21405K [0x00000000eab00000, 0x00000000fcc00000, 0x0000000100000000)
  eden space 122880K, 13% used [0x00000000eab00000,0x00000000ebaee770,0x00000000f2300000)
  from space 5120K, 99% used [0x00000000f2300000,0x00000000f27f9008,0x00000000f2800000)
  to   space 25088K, 0% used [0x00000000fb380000,0x00000000fb380000,0x00000000fcc00000)
 ParOldGen       total 81920K, used 40523K [0x00000000c0000000, 0x00000000c5000000, 0x00000000eab00000)
  object space 81920K, 49% used [0x00000000c0000000,0x00000000c2792d10,0x00000000c5000000)
 Metaspace       used 6478K, capacity 7192K, committed 7424K, reserved 1056768K
  class space    used 627K, capacity 656K, committed 768K, reserved 1048576K

Card table byte_map: [0x0000000011780000,0x0000000011990000] byte_map_base: 0x0000000011180000

Marking Bits: (ParMarkBitMap*) 0x00000000771064f0
 Begin Bits: [0x00000000122f0000, 0x00000000132f0000)
 End Bits:   [0x00000000132f0000, 0x00000000142f0000)

Polling page: 0x0000000000430000

CodeCache: size=245760Kb used=9345Kb max_used=9345Kb free=236414Kb
 bounds [0x00000000023c0000, 0x0000000002cf0000, 0x00000000113c0000]
 total_blobs=2287 nmethods=2017 adapters=182
 compilation: enabled

Compilation events (10 events):
Event: 6.310 Thread 0x0000000016df3800 2150       2       com.android.dx.dex.file.ClassDefItem::addStaticField (10 bytes)
Event: 6.310 Thread 0x0000000016df3800 nmethod 2150 0x0000000002c9bfd0 code [0x0000000002c9c140, 0x0000000002c9c2a8]
Event: 6.323 Thread 0x0000000016df3800 2155       2       java.util.Arrays::sort (19 bytes)
Event: 6.323 Thread 0x0000000016df3800 nmethod 2155 0x0000000002cb4f50 code [0x0000000002cb50c0, 0x0000000002cb5278]
Event: 6.323 Thread 0x0000000016df3800 2156       2       java.util.DualPivotQuicksort::sort (1195 bytes)
Event: 6.327 Thread 0x0000000016df3800 nmethod 2156 0x0000000002ca7810 code [0x0000000002ca7b00, 0x0000000002ca8fe8]
Event: 6.335 Thread 0x0000000016df3800 2163       2       java.util.DualPivotQuicksort::sort (614 bytes)
Event: 6.337 Thread 0x0000000016df3800 nmethod 2163 0x0000000002ca5490 code [0x0000000002ca56e0, 0x0000000002ca6438]
Event: 6.337 Thread 0x0000000016df3800 2166   !   2       com.android.dx.cf.code.ExecutionStack::change (116 bytes)
Event: 6.338 Thread 0x0000000016df3800 nmethod 2166 0x0000000002cb38d0 code [0x0000000002cb3b60, 0x0000000002cb45f8]

GC Heap History (10 events):
Event: 1.740 GC heap before
{Heap before GC invocations=1 (full 0):
 PSYoungGen      total 35840K, used 30720K [0x00000000eab00000, 0x00000000ed300000, 0x0000000100000000)
  eden space 30720K, 100% used [0x00000000eab00000,0x00000000ec900000,0x00000000ec900000)
  from space 5120K, 0% used [0x00000000ece00000,0x00000000ece00000,0x00000000ed300000)
  to   space 5120K, 0% used [0x00000000ec900000,0x00000000ec900000,0x00000000ece00000)
 ParOldGen       total 81920K, used 0K [0x00000000c0000000, 0x00000000c5000000, 0x00000000eab00000)
  object space 81920K, 0% used [0x00000000c0000000,0x00000000c0000000,0x00000000c5000000)
 Metaspace       used 5911K, capacity 6834K, committed 7040K, reserved 1056768K
  class space    used 603K, capacity 618K, committed 640K, reserved 1048576K
Event: 1.830 GC heap after
Heap after GC invocations=1 (full 0):
 PSYoungGen      total 35840K, used 5119K [0x00000000eab00000, 0x00000000ef100000, 0x0000000100000000)
  eden space 30720K, 0% used [0x00000000eab00000,0x00000000eab00000,0x00000000ec900000)
  from space 5120K, 99% used [0x00000000ec900000,0x00000000ecdffca0,0x00000000ece00000)
  to   space 5120K, 0% used [0x00000000eec00000,0x00000000eec00000,0x00000000ef100000)
 ParOldGen       total 81920K, used 630K [0x00000000c0000000, 0x00000000c5000000, 0x00000000eab00000)
  object space 81920K, 0% used [0x00000000c0000000,0x00000000c009daa0,0x00000000c5000000)
 Metaspace       used 5911K, capacity 6834K, committed 7040K, reserved 1056768K
  class space    used 603K, capacity 618K, committed 640K, reserved 1048576K
}
Event: 2.366 GC heap before
{Heap before GC invocations=2 (full 0):
 PSYoungGen      total 35840K, used 35839K [0x00000000eab00000, 0x00000000ef100000, 0x0000000100000000)
  eden space 30720K, 100% used [0x00000000eab00000,0x00000000ec900000,0x00000000ec900000)
  from space 5120K, 99% used [0x00000000ec900000,0x00000000ecdffca0,0x00000000ece00000)
  to   space 5120K, 0% used [0x00000000eec00000,0x00000000eec00000,0x00000000ef100000)
 ParOldGen       total 81920K, used 630K [0x00000000c0000000, 0x00000000c5000000, 0x00000000eab00000)
  object space 81920K, 0% used [0x00000000c0000000,0x00000000c009daa0,0x00000000c5000000)
 Metaspace       used 6146K, capacity 7026K, committed 7296K, reserved 1056768K
  class space    used 604K, capacity 618K, committed 640K, reserved 1048576K
Event: 2.397 GC heap after
Heap after GC invocations=2 (full 0):
 PSYoungGen      total 66560K, used 5101K [0x00000000eab00000, 0x00000000ef100000, 0x0000000100000000)
  eden space 61440K, 0% used [0x00000000eab00000,0x00000000eab00000,0x00000000ee700000)
  from space 5120K, 99% used [0x00000000eec00000,0x00000000ef0fb5c8,0x00000000ef100000)
  to   space 5120K, 0% used [0x00000000ee700000,0x00000000ee700000,0x00000000eec00000)
 ParOldGen       total 81920K, used 4239K [0x00000000c0000000, 0x00000000c5000000, 0x00000000eab00000)
  object space 81920K, 5% used [0x00000000c0000000,0x00000000c0423e10,0x00000000c5000000)
 Metaspace       used 6146K, capacity 7026K, committed 7296K, reserved 1056768K
  class space    used 604K, capacity 618K, committed 640K, reserved 1048576K
}
Event: 3.078 GC heap before
{Heap before GC invocations=3 (full 0):
 PSYoungGen      total 66560K, used 66541K [0x00000000eab00000, 0x00000000ef100000, 0x0000000100000000)
  eden space 61440K, 100% used [0x00000000eab00000,0x00000000ee700000,0x00000000ee700000)
  from space 5120K, 99% used [0x00000000eec00000,0x00000000ef0fb5c8,0x00000000ef100000)
  to   space 5120K, 0% used [0x00000000ee700000,0x00000000ee700000,0x00000000eec00000)
 ParOldGen       total 81920K, used 4239K [0x00000000c0000000, 0x00000000c5000000, 0x00000000eab00000)
  object space 81920K, 5% used [0x00000000c0000000,0x00000000c0423e10,0x00000000c5000000)
 Metaspace       used 6270K, capacity 7090K, committed 7296K, reserved 1056768K
  class space    used 604K, capacity 618K, committed 640K, reserved 1048576K
Event: 3.106 GC heap after
Heap after GC invocations=3 (full 0):
 PSYoungGen      total 66560K, used 5111K [0x00000000eab00000, 0x00000000f2d00000, 0x0000000100000000)
  eden space 61440K, 0% used [0x00000000eab00000,0x00000000eab00000,0x00000000ee700000)
  from space 5120K, 99% used [0x00000000ee700000,0x00000000eebfdfe0,0x00000000eec00000)
  to   space 5120K, 0% used [0x00000000f2800000,0x00000000f2800000,0x00000000f2d00000)
 ParOldGen       total 81920K, used 13195K [0x00000000c0000000, 0x00000000c5000000, 0x00000000eab00000)
  object space 81920K, 16% used [0x00000000c0000000,0x00000000c0ce2f10,0x00000000c5000000)
 Metaspace       used 6270K, capacity 7090K, committed 7296K, reserved 1056768K
  class space    used 604K, capacity 618K, committed 640K, reserved 1048576K
}
Event: 4.239 GC heap before
{Heap before GC invocations=4 (full 0):
 PSYoungGen      total 66560K, used 66551K [0x00000000eab00000, 0x00000000f2d00000, 0x0000000100000000)
  eden space 61440K, 100% used [0x00000000eab00000,0x00000000ee700000,0x00000000ee700000)
  from space 5120K, 99% used [0x00000000ee700000,0x00000000eebfdfe0,0x00000000eec00000)
  to   space 5120K, 0% used [0x00000000f2800000,0x00000000f2800000,0x00000000f2d00000)
 ParOldGen       total 81920K, used 13195K [0x00000000c0000000, 0x00000000c5000000, 0x00000000eab00000)
  object space 81920K, 16% used [0x00000000c0000000,0x00000000c0ce2f10,0x00000000c5000000)
 Metaspace       used 6396K, capacity 7192K, committed 7424K, reserved 1056768K
  class space    used 625K, capacity 656K, committed 768K, reserved 1048576K
Event: 4.274 GC heap after
Heap after GC invocations=4 (full 0):
 PSYoungGen      total 128000K, used 5112K [0x00000000eab00000, 0x00000000f2d00000, 0x0000000100000000)
  eden space 122880K, 0% used [0x00000000eab00000,0x00000000eab00000,0x00000000f2300000)
  from space 5120K, 99% used [0x00000000f2800000,0x00000000f2cfe320,0x00000000f2d00000)
  to   space 5120K, 0% used [0x00000000f2300000,0x00000000f2300000,0x00000000f2800000)
 ParOldGen       total 81920K, used 22317K [0x00000000c0000000, 0x00000000c5000000, 0x00000000eab00000)
  object space 81920K, 27% used [0x00000000c0000000,0x00000000c15cb580,0x00000000c5000000)
 Metaspace       used 6396K, capacity 7192K, committed 7424K, reserved 1056768K
  class space    used 625K, capacity 656K, committed 768K, reserved 1048576K
}
Event: 5.900 GC heap before
{Heap before GC invocations=5 (full 0):
 PSYoungGen      total 128000K, used 127992K [0x00000000eab00000, 0x00000000f2d00000, 0x0000000100000000)
  eden space 122880K, 100% used [0x00000000eab00000,0x00000000f2300000,0x00000000f2300000)
  from space 5120K, 99% used [0x00000000f2800000,0x00000000f2cfe320,0x00000000f2d00000)
  to   space 5120K, 0% used [0x00000000f2300000,0x00000000f2300000,0x00000000f2800000)
 ParOldGen       total 81920K, used 22317K [0x00000000c0000000, 0x00000000c5000000, 0x00000000eab00000)
  object space 81920K, 27% used [0x00000000c0000000,0x00000000c15cb580,0x00000000c5000000)
 Metaspace       used 6462K, capacity 7192K, committed 7424K, reserved 1056768K
  class space    used 625K, capacity 656K, committed 768K, reserved 1048576K
Event: 6.047 GC heap after
Heap after GC invocations=5 (full 0):
 PSYoungGen      total 128000K, used 5092K [0x00000000eab00000, 0x00000000fcc00000, 0x0000000100000000)
  eden space 122880K, 0% used [0x00000000eab00000,0x00000000eab00000,0x00000000f2300000)
  from space 5120K, 99% used [0x00000000f2300000,0x00000000f27f9008,0x00000000f2800000)
  to   space 25088K, 0% used [0x00000000fb380000,0x00000000fb380000,0x00000000fcc00000)
 ParOldGen       total 81920K, used 40523K [0x00000000c0000000, 0x00000000c5000000, 0x00000000eab00000)
  object space 81920K, 49% used [0x00000000c0000000,0x00000000c2792d10,0x00000000c5000000)
 Metaspace       used 6462K, capacity 7192K, committed 7424K, reserved 1056768K
  class space    used 625K, capacity 656K, committed 768K, reserved 1048576K
}

Deoptimization events (10 events):
Event: 4.356 Thread 0x00000000170c5000 Uncommon trap: reason=bimorphic action=maybe_recompile pc=0x0000000002acf8e4 method=com.android.dx.cf.code.BytecodeArray.parseInstruction(ILcom/android/dx/cf/code/BytecodeArray$Visitor;)I @ 955
Event: 4.356 Thread 0x00000000170c5000 Uncommon trap: reason=bimorphic action=maybe_recompile pc=0x0000000002acf8e4 method=com.android.dx.cf.code.BytecodeArray.parseInstruction(ILcom/android/dx/cf/code/BytecodeArray$Visitor;)I @ 955
Event: 4.493 Thread 0x00000000170c8800 Uncommon trap: reason=unstable_if action=reinterpret pc=0x0000000002aff968 method=com.android.dx.rop.code.DexTranslationAdvice.hasConstantOperation(Lcom/android/dx/rop/code/Rop;Lcom/android/dx/rop/code/RegisterSpec;Lcom/android/dx/rop/code/RegisterSpec;)Z fô†!ƒ@
Event: 5.016 Thread 0x00000000170ba800 Uncommon trap: reason=unstable_if action=reinterpret pc=0x0000000002be471c method=java.util.HashMap.putVal(ILjava/lang/Object;Ljava/lang/Object;ZZ)Ljava/lang/Object; @ 206
Event: 5.056 Thread 0x00000000170c7800 Uncommon trap: reason=unstable_if action=reinterpret pc=0x0000000002a8d540 method=java.util.HashMap.resize()[Ljava/util/HashMap$Node; @ 206
Event: 5.157 Thread 0x00000000020bd800 Uncommon trap: reason=unstable_if action=reinterpret pc=0x0000000002a8b030 method=com.android.dx.rop.cst.CstNat.equals(Ljava/lang/Object;)Z @ 25
Event: 5.438 Thread 0x00000000170c5000 Uncommon trap: reason=unstable_if action=reinterpret pc=0x0000000002bf911c method=com.android.dx.ssa.SCCP.simulateBranch(Lcom/android/dx/ssa/SsaInsn;)V @ 548
Event: 5.452 Thread 0x00000000170c8800 Uncommon trap: reason=class_check action=maybe_recompile pc=0x0000000002bc61d8 method=com.android.dx.ssa.back.FirstFitLocalCombiningAllocator.findNextUnreservedRopReg(IILcom/android/dx/ssa/back/FirstFitLocalCombiningAllocator$Alignment;)I @ 60
Event: 5.452 Thread 0x00000000170c8800 Uncommon trap: reason=class_check action=maybe_recompile pc=0x0000000002bc61d8 method=com.android.dx.ssa.back.FirstFitLocalCombiningAllocator.findNextUnreservedRopReg(IILcom/android/dx/ssa/back/FirstFitLocalCombiningAllocator$Alignment;)I @ 60
Event: 5.708 Thread 0x00000000170c8800 Uncommon trap: reason=bimorphic action=maybe_recompile pc=0x000000000295ed2c method=com.android.dx.ssa.LiteralOpUpgrader.tryReplacingWithConstant(Lcom/android/dx/ssa/NormalSsaInsn;)Z @ 62

Internal exceptions (5 events):
Event: 0.072 Thread 0x00000000020bd800 Exception <a 'java/lang/NoSuchMethodError': Method sun.misc.Unsafe.defineClass(Ljava/lang/String;[BII)Ljava/lang/Class; name or signature does not match> (0x00000000eab07cc0) thrown at [D:\re\workspace\8-2-build-windows-amd64-cygwin\jdk8u92\6642\hotspot\srâˆµèÈ{²?
Event: 0.072 Thread 0x00000000020bd800 Exception <a 'java/lang/NoSuchMethodError': Method sun.misc.Unsafe.prefetchRead(Ljava/lang/Object;J)V name or signature does not match> (0x00000000eab07fa8) thrown at [D:\re\workspace\8-2-build-windows-amd64-cygwin\jdk8u92\6642\hotspot\src\share\vm\prims\j¿»‰¯@
Event: 3.960 Thread 0x00000000170c7800 Exception <a 'java/lang/ArrayIndexOutOfBoundsException': 18> (0x00000000edd60078) thrown at [D:\re\workspace\8-2-build-windows-amd64-cygwin\jdk8u92\6642\hotspot\src\share\vm\interpreter\interpreterRuntime.cpp, line 366]
Event: 3.961 Thread 0x00000000170c7800 Exception <a 'java/lang/ArrayIndexOutOfBoundsException': 145> (0x00000000edd61bf8) thrown at [D:\re\workspace\8-2-build-windows-amd64-cygwin\jdk8u92\6642\hotspot\src\share\vm\interpreter\interpreterRuntime.cpp, line 366]
Event: 3.962 Thread 0x00000000170c7800 Exception <a 'java/lang/ArrayIndexOutOfBoundsException'> (0x00000000edd62ee0) thrown at [D:\re\workspace\8-2-build-windows-amd64-cygwin\jdk8u92\6642\hotspot\src\share\vm\runtime\sharedRuntime.cpp, line 605]

Events (10 events):
Event: 5.899 Executing VM operation: ParallelGCFailedAllocation
Event: 6.047 Executing VM operation: ParallelGCFailedAllocation done
Event: 6.294 Thread 0x00000000170c8800 DEOPT PACKING pc=0x000000000289b651 sp=0x00000000180be810
Event: 6.294 Thread 0x00000000170c8800 DEOPT UNPACKING pc=0x000000000240787f sp=0x00000000180be578 mode 0
Event: 6.326 loading class java/util/HashMap$KeySet
Event: 6.326 loading class java/util/HashMap$KeySet done
Event: 6.326 loading class java/util/HashMap$KeyIterator
Event: 6.327 loading class java/util/HashMap$KeyIterator done
Event: 6.330 Thread 0x00000000170c5000 Thread exited: 0x00000000170c5000
Event: 6.331 Thread 0x00000000170c7800 Thread exited: 0x00000000170c7800


Dynamic libraries:
0x00007ff696010000 - 0x00007ff696047000 	C:\Program Files\Java\jdk1.8.0_92\bin\java.exe
0x00007fffc5e30000 - 0x00007fffc5ff1000 	C:\WINDOWS\SYSTEM32\ntdll.dll
0x00007fffc3c80000 - 0x00007fffc3d2d000 	C:\WINDOWS\system32\KERNEL32.DLL
0x00007fffc2eb0000 - 0x00007fffc3098000 	C:\WINDOWS\system32\KERNELBASE.dll
0x00007fffc3520000 - 0x00007fffc35c7000 	C:\WINDOWS\system32\ADVAPI32.dll
0x00007fffc5d90000 - 0x00007fffc5e2d000 	C:\WINDOWS\system32\msvcrt.dll
0x00007fffc3c20000 - 0x00007fffc3c7b000 	C:\WINDOWS\system32\sechost.dll
0x00007fffc5820000 - 0x00007fffc593c000 	C:\WINDOWS\system32\RPCRT4.dll
0x00007fffc39c0000 - 0x00007fffc3b16000 	C:\WINDOWS\system32\USER32.dll
0x00007fffc3640000 - 0x00007fffc37c6000 	C:\WINDOWS\system32\GDI32.dll
0x00007fffabc20000 - 0x00007fffabe94000 	C:\WINDOWS\WinSxS\amd64_microsoft.windows.common-controls_6595b64144ccf1df_6.0.10586.0_none_8c15ae12515e1c22\COMCTL32.dll
0x00007fffc5a00000 - 0x00007fffc5c7d000 	C:\WINDOWS\system32\combase.dll
0x00007fffc2d60000 - 0x00007fffc2dca000 	C:\WINDOWS\system32\bcryptPrimitives.dll
0x00007fffc3830000 - 0x00007fffc386b000 	C:\WINDOWS\system32\IMM32.DLL
0x0000000076460000 - 0x0000000076532000 	C:\Program Files\Java\jdk1.8.0_92\jre\bin\msvcr100.dll
0x00000000768f0000 - 0x0000000077186000 	C:\Program Files\Java\jdk1.8.0_92\jre\bin\server\jvm.dll
0x00007fffc3510000 - 0x00007fffc3518000 	C:\WINDOWS\system32\PSAPI.DLL
0x00007fffb9970000 - 0x00007fffb9979000 	C:\WINDOWS\SYSTEM32\WSOCK32.dll
0x00007fffc35d0000 - 0x00007fffc363b000 	C:\WINDOWS\system32\WS2_32.dll
0x00007fffba360000 - 0x00007fffba36a000 	C:\WINDOWS\SYSTEM32\VERSION.dll
0x00007fffc0a70000 - 0x00007fffc0a93000 	C:\WINDOWS\SYSTEM32\WINMM.dll
0x00007fffc0730000 - 0x00007fffc075c000 	C:\WINDOWS\SYSTEM32\WINMMBASE.dll
0x00007fffc3130000 - 0x00007fffc3173000 	C:\WINDOWS\system32\cfgmgr32.dll
0x00000000768e0000 - 0x00000000768ef000 	C:\Program Files\Java\jdk1.8.0_92\jre\bin\verify.dll
0x00000000768b0000 - 0x00000000768d9000 	C:\Program Files\Java\jdk1.8.0_92\jre\bin\java.dll
0x0000000076890000 - 0x00000000768a6000 	C:\Program Files\Java\jdk1.8.0_92\jre\bin\zip.dll
0x00007fffc3e90000 - 0x00007fffc53ec000 	C:\WINDOWS\system32\SHELL32.dll
0x00007fffc2540000 - 0x00007fffc2b84000 	C:\WINDOWS\system32\windows.storage.dll
0x00007fffc37d0000 - 0x00007fffc3822000 	C:\WINDOWS\system32\shlwapi.dll
0x00007fffc24c0000 - 0x00007fffc24cf000 	C:\WINDOWS\system32\kernel.appcore.dll
0x00007fffc2df0000 - 0x00007fffc2ea5000 	C:\WINDOWS\system32\shcore.dll
0x00007fffc2470000 - 0x00007fffc24bb000 	C:\WINDOWS\system32\powrprof.dll
0x00007fffc2450000 - 0x00007fffc2464000 	C:\WINDOWS\system32\profapi.dll

VM Arguments:
jvm_args: -Djava.awt.headless=true -Xmx1024M -Dfile.encoding=windows-1252 -Duser.country=419 -Duser.language=es -Duser.variant 
java_command: com.android.dx.command.Main --dex --force-jumbo --num-threads=4 --multi-dex --output C:\Facu\TipCal\app\build\intermediates\transforms\dex\debug\folders\1000\10\com.android.support-appcompat-v7-23.1.1_6782366d4566ad5d7a2fa947cbd1c2e35c746cc2 C:\Facu\TipCal\app\build\intermediates\exploded-aar\com.android.support\appcompat-v7\23.1.1\jars\classes.jar
java_class_path (initial): C:\Users\Admin\AppData\Local\Android\android-sdk\build-tools\23.0.3\lib\dx.jar
Launcher Type: SUN_STANDARD

Environment Variables:
PATH=C:\ProgramData\Oracle\Java\javapath;C:\Program Files (x86)\Common Files\Intel\Shared Files\cpp\bin\Intel64;C:\WINDOWS\system32;C:\WINDOWS;C:\WINDOWS\System32\Wbem;C:\WINDOWS\System32\WindowsPowerShell\v1.0\;C:\Program Files (x86)\Microsoft SQL Server\110\Tools\Binn\;C:\Program Files\Microsoft SQL Server\110\Tools\Binn\;C:\Program Files\Microsoft SQL Server\110\DTS\Binn\;C:\Program Files (x86)\Microsoft SQL Server\110\Tools\Binn\ManagementStudio\;C:\Program Files (x86)\Microsoft Visual Studio 10.0\Common7\IDE\PrivateAssemblies\;C:\Program Files (x86)\Microsoft SQL Server\110\DTS\Binn\;C:\Program Files (x86)\Microsoft SQL Server\100\Tools\Binn\;C:\Program Files\Microsoft SQL Server\100\Tools\Binn\;C:\Program Files\Microsoft SQL Server\100\DTS\Binn\;C:\Program Files (x86)\Microsoft SQL Server\100\Tools\Binn\VSShell\Common7\IDE\;C:\Program Files (x86)\Microsoft SQL Server\100\DTS\Binn\;C:\WINDOWS\system32\config\systemprofile\.dnx\bin;C:\Program Files\Microsoft DNX\Dnvm\;C:\Program Files\Microsoft\Web Platform Installer\;C:\Program Files (x86)\Skype\Phone\
USERNAME=MaxiE
OS=Windows_NT
PROCESSOR_IDENTIFIER=Intel64 Family 6 Model 58 Stepping 9, GenuineIntel



---------------  S Y S T E M  ---------------

OS: Windows 10.0 , 64 bit Build 10586 (10.0.10586.0)

CPU:total 8 (4 cores per cpu, 2 threads per core) family 6 model 58 stepping 9, cmov, cx8, fxsr, mmx, sse, sse2, sse3, ssse3, sse4.1, sse4.2, popcnt, avx, aes, clmul, erms, ht, tsc, tscinvbit, tscinv

Memory: 4k page, physical 7826712k(1631200k free), swap 7826712k(9324k free)

vm_info: Java HotSpot(TM) 64-Bit Server VM (25.92-b14) for windows-amd64 JRE (1.8.0_92-b14), built on Mar 31 2016 21:03:04 by "java_re" with MS VC++ 10.0 (VS2010)

time: Thu Jun 02 17:00:29 2016
elapsed time: 6 seconds (0d 0h 0m 6s)

