#
# There is insufficient memory for the Java Runtime Environment to continue.
# Native memory allocation (malloc) failed to allocate 262176 bytes for Chunk::new
# Possible reasons:
#   The system is out of physical RAM or swap space
#   In 32 bit mode, the process size limit was hit
# Possible solutions:
#   Reduce memory load on the system
#   Increase physical memory or swap space
#   Check if swap backing store is full
#   Use 64 bit Java on a 64 bit OS
#   Decrease Java heap size (-Xmx/-Xms)
#   Decrease number of Java threads
#   Decrease Java thread stack sizes (-Xss)
#   Set larger code cache with -XX:ReservedCodeCacheSize=
# This output file may be truncated or incomplete.
#
#  Out of Memory Error (allocation.cpp:390), pid=3236, tid=0x000000000000156c
#
# JRE version: Java(TM) SE Runtime Environment (8.0_92-b14) (build 1.8.0_92-b14)
# Java VM: Java HotSpot(TM) 64-Bit Server VM (25.92-b14 mixed mode windows-amd64 compressed oops)
# Failed to write core dump. Minidumps are not enabled by default on client versions of Windows
#

---------------  T H R E A D  ---------------

Current thread (0x0000000016c9f000):  JavaThread "C2 CompilerThread2" daemon [_thread_in_native, id=5484, stack(0x0000000017670000,0x0000000017770000)]

Stack: [0x0000000017670000,0x0000000017770000]
[error occurred during error reporting (printing stack bounds), id 0xc0000005]

Native frames: (J=compiled Java code, j=interpreted, Vv=VM code, C=native code)


Current CompileTask:
C2:   1893 1261       4       com.android.dx.ssa.SsaMethod::computeReachability (131 bytes)


---------------  P R O C E S S  ---------------

Java Threads: ( => current thread )
  0x0000000016fd7000 JavaThread "pool-2-thread-4" [_thread_in_Java, id=10432, stack(0x0000000018670000,0x0000000018770000)]
  0x0000000016fd5800 JavaThread "pool-2-thread-3" [_thread_in_Java, id=2732, stack(0x0000000018570000,0x0000000018670000)]
  0x0000000016fd4800 JavaThread "pool-2-thread-2" [_thread_in_Java, id=1224, stack(0x0000000018470000,0x0000000018570000)]
  0x0000000017ad3000 JavaThread "pool-3-thread-1" [_thread_blocked, id=8720, stack(0x0000000018370000,0x0000000018470000)]
  0x0000000017adb800 JavaThread "pool-2-thread-1" [_thread_in_Java, id=5040, stack(0x0000000018270000,0x0000000018370000)]
  0x0000000016d2e800 JavaThread "Service Thread" daemon [_thread_blocked, id=3080, stack(0x0000000017870000,0x0000000017970000)]
  0x0000000016cfc000 JavaThread "C1 CompilerThread3" daemon [_thread_in_native, id=6296, stack(0x0000000017770000,0x0000000017870000)]
=>0x0000000016c9f000 JavaThread "C2 CompilerThread2" daemon [_thread_in_native, id=5484, stack(0x0000000017670000,0x0000000017770000)]
  0x0000000016c9e000 JavaThread "C2 CompilerThread1" daemon [_thread_in_native, id=4372, stack(0x0000000017570000,0x0000000017670000)]
  0x0000000016c9a000 JavaThread "C2 CompilerThread0" daemon [_thread_in_native, id=1056, stack(0x0000000017470000,0x0000000017570000)]
  0x0000000016c97000 JavaThread "Attach Listener" daemon [_thread_blocked, id=10192, stack(0x0000000017370000,0x0000000017470000)]
  0x0000000016c96000 JavaThread "Signal Dispatcher" daemon [_thread_blocked, id=3040, stack(0x0000000017270000,0x0000000017370000)]
  0x0000000016c90800 JavaThread "Finalizer" daemon [_thread_blocked, id=5288, stack(0x0000000017070000,0x0000000017170000)]
  0x0000000014d8d800 JavaThread "Reference Handler" daemon [_thread_blocked, id=1000, stack(0x0000000016b70000,0x0000000016c70000)]
  0x000000000045d800 JavaThread "main" [_thread_in_native, id=6464, stack(0x0000000002070000,0x0000000002170000)]

Other Threads:
  0x0000000014d88800 VMThread [stack: 0x0000000016a70000,0x0000000016b70000] [id=8616]
  0x0000000016d21800 WatcherThread [stack: 0x0000000017970000,0x0000000017a70000] [id=1544]

VM state:not at safepoint (normal execution)

VM Mutex/Monitor currently owned by a thread: None

Heap:
 PSYoungGen      total 35840K, used 20161K [0x00000000eab00000, 0x00000000ef100000, 0x0000000100000000)
  eden space 30720K, 50% used [0x00000000eab00000,0x00000000eba21528,0x00000000ec900000)
  from space 5120K, 91% used [0x00000000ec900000,0x00000000ecd8ef70,0x00000000ece00000)
  to   space 5120K, 0% used [0x00000000eec00000,0x00000000eec00000,0x00000000ef100000)
 ParOldGen       total 81920K, used 16K [0x00000000c0000000, 0x00000000c5000000, 0x00000000eab00000)
  object space 81920K, 0% used [0x00000000c0000000,0x00000000c0004000,0x00000000c5000000)
 Metaspace       used 6072K, capacity 6962K, committed 7040K, reserved 1056768K
  class space    used 603K, capacity 618K, committed 640K, reserved 1048576K

Card table byte_map: [0x0000000011630000,0x0000000011840000] byte_map_base: 0x0000000011030000

Marking Bits: (ParMarkBitMap*) 0x00000000740764f0
 Begin Bits: [0x00000000121a0000, 0x00000000131a0000)
 End Bits:   [0x00000000131a0000, 0x00000000141a0000)

Polling page: 0x0000000000430000

CodeCache: size=245760Kb used=5062Kb max_used=5062Kb free=240697Kb
 bounds [0x0000000002270000, 0x0000000002770000, 0x0000000011270000]
 total_blobs=1534 nmethods=1265 adapters=182
 compilation: enabled

Compilation events (10 events):
Event: 1.881 Thread 0x0000000016cfc000 nmethod 1271 0x0000000002764290 code [0x00000000027643e0, 0x00000000027644f0]
Event: 1.881 Thread 0x0000000016cfc000 1252       3       com.android.dx.cf.code.LocalVariableList::<init> (6 bytes)
Event: 1.881 Thread 0x0000000016cfc000 nmethod 1252 0x0000000002764550 code [0x00000000027646c0, 0x0000000002764848]
Event: 1.881 Thread 0x0000000016cfc000 1250       3       com.android.dx.dex.file.OffsettedItem::<init> (44 bytes)
Event: 1.882 Thread 0x0000000016cfc000 nmethod 1250 0x00000000027648d0 code [0x0000000002764a80, 0x0000000002764f58]
Event: 1.882 Thread 0x0000000016cfc000 1257       3       com.android.dx.dex.file.MemberIdItem::<init> (14 bytes)
Event: 1.882 Thread 0x0000000016cfc000 nmethod 1257 0x0000000002765150 code [0x00000000027652e0, 0x0000000002765788]
Event: 1.882 Thread 0x0000000016cfc000 1249       3       com.android.dx.cf.direct.StdAttributeFactory::localVariableTable (98 bytes)
Event: 1.884 Thread 0x0000000016cfc000 nmethod 1249 0x00000000027659d0 code [0x0000000002765c80, 0x0000000002766dd8]
Event: 1.884 Thread 0x0000000016cfc000 1278       3       com.android.dx.ssa.SCCP::run (298 bytes)

GC Heap History (2 events):
Event: 1.410 GC heap before
{Heap before GC invocations=1 (full 0):
 PSYoungGen      total 35840K, used 30720K [0x00000000eab00000, 0x00000000ed300000, 0x0000000100000000)
  eden space 30720K, 100% used [0x00000000eab00000,0x00000000ec900000,0x00000000ec900000)
  from space 5120K, 0% used [0x00000000ece00000,0x00000000ece00000,0x00000000ed300000)
  to   space 5120K, 0% used [0x00000000ec900000,0x00000000ec900000,0x00000000ece00000)
 ParOldGen       total 81920K, used 0K [0x00000000c0000000, 0x00000000c5000000, 0x00000000eab00000)
  object space 81920K, 0% used [0x00000000c0000000,0x00000000c0000000,0x00000000c5000000)
 Metaspace       used 5918K, capacity 6832K, committed 7040K, reserved 1056768K
  class space    used 601K, capacity 616K, committed 640K, reserved 1048576K
Event: 1.607 GC heap after
Heap after GC invocations=1 (full 0):
 PSYoungGen      total 35840K, used 4667K [0x00000000eab00000, 0x00000000ef100000, 0x0000000100000000)
  eden space 30720K, 0% used [0x00000000eab00000,0x00000000eab00000,0x00000000ec900000)
  from space 5120K, 91% used [0x00000000ec900000,0x00000000ecd8ef70,0x00000000ece00000)
  to   space 5120K, 0% used [0x00000000eec00000,0x00000000eec00000,0x00000000ef100000)
 ParOldGen       total 81920K, used 16K [0x00000000c0000000, 0x00000000c5000000, 0x00000000eab00000)
  object space 81920K, 0% used [0x00000000c0000000,0x00000000c0004000,0x00000000c5000000)
 Metaspace       used 5918K, capacity 6832K, committed 7040K, reserved 1056768K
  class space    used 601K, capacity 616K, committed 640K, reserved 1048576K
}

Deoptimization events (6 events):
Event: 0.895 Thread 0x0000000016fd7000 Uncommon trap: reason=unstable_if action=reinterpret pc=0x0000000002489abc method=java.util.HashMap.getNode(ILjava/lang/Object;)Ljava/util/HashMap$Node; @ 62
Event: 0.999 Thread 0x0000000017adb800 Uncommon trap: reason=unstable_if action=reinterpret pc=0x00000000024beea8 method=java.util.HashMap.getNode(ILjava/lang/Object;)Ljava/util/HashMap$Node; @ 62
Event: 1.651 Thread 0x0000000016fd4800 Uncommon trap: reason=unstable_if action=reinterpret pc=0x00000000024a2670 method=java.util.BitSet.nextSetBit(I)I @ 87
Event: 1.758 Thread 0x0000000017adb800 Uncommon trap: reason=class_check action=maybe_recompile pc=0x00000000025564a0 method=com.android.dx.rop.type.Type.equals(Ljava/lang/Object;)Z @ 8
Event: 1.760 Thread 0x0000000017adb800 Uncommon trap: reason=null_check action=make_not_entrant pc=0x00000000025564b0 method=com.android.dx.rop.type.Type.equals(Ljava/lang/Object;)Z @ 8
Event: 1.882 Thread 0x0000000016fd7000 Uncommon trap: reason=unstable_if action=reinterpret pc=0x00000000026f0cb8 method=com.android.dx.cf.code.Ropper.labelToResultIndex(I)I @ 34

Internal exceptions (3 events):
Event: 0.056 Thread 0x000000000045d800 Exception <a 'java/lang/NoSuchMethodError': Method sun.misc.Unsafe.defineClass(Ljava/lang/String;[BII)Ljava/lang/Class; name or signature does not match> (0x00000000eab07cc0) thrown at [D:\re\workspace\8-2-build-windows-amd64-cygwin\jdk8u92\6642\hotspot\srÚ²+¬zå¬?
Event: 0.056 Thread 0x000000000045d800 Exception <a 'java/lang/NoSuchMethodError': Method sun.misc.Unsafe.prefetchRead(Ljava/lang/Object;J)V name or signature does not match> (0x00000000eab07fa8) thrown at [D:\re\workspace\8-2-build-windows-amd64-cygwin\jdk8u92\6642\hotspot\src\share\vm\prims\jÄˆ§¹8'ü?
Event: 1.760 Thread 0x0000000017adb800 Implicit null exception at 0x00000000025563a2 to 0x00000000025564a1

Events (10 events):
Event: 1.777 Thread 0x0000000017adb800 DEOPT UNPACKING pc=0x00000000022b787f sp=0x000000001836e358 mode 0
Event: 1.879 loading class com/android/dx/cf/code/Ropper$ExceptionHandlerSetup
Event: 1.879 loading class com/android/dx/cf/code/Ropper$ExceptionHandlerSetup done
Event: 1.881 loading class java/util/HashMap$Values
Event: 1.881 loading class java/util/HashMap$Values done
Event: 1.881 loading class java/util/HashMap$ValueIterator
Event: 1.882 loading class java/util/HashMap$ValueIterator done
Event: 1.882 Thread 0x0000000016fd7000 Uncommon trap: trap_request=0xffffff65 fr.pc=0x00000000026f0cb8
Event: 1.882 Thread 0x0000000016fd7000 DEOPT PACKING pc=0x00000000026f0cb8 sp=0x000000001876eec0
Event: 1.882 Thread 0x0000000016fd7000 DEOPT UNPACKING pc=0x00000000022b582a sp=0x000000001876ee68 mode 2


Dynamic libraries:
0x00007ff74c760000 - 0x00007ff74c797000 	C:\Program Files\Java\jdk1.8.0_92\bin\java.exe
0x00007ffc2cd40000 - 0x00007ffc2cf01000 	C:\WINDOWS\SYSTEM32\ntdll.dll
0x00007ffc2aa80000 - 0x00007ffc2ab2d000 	C:\WINDOWS\system32\KERNEL32.DLL
0x00007ffc294f0000 - 0x00007ffc296d8000 	C:\WINDOWS\system32\KERNELBASE.dll
0x00007ffc2cc90000 - 0x00007ffc2cd37000 	C:\WINDOWS\system32\ADVAPI32.dll
0x00007ffc2a8a0000 - 0x00007ffc2a93d000 	C:\WINDOWS\system32\msvcrt.dll
0x00007ffc2af80000 - 0x00007ffc2afdb000 	C:\WINDOWS\system32\sechost.dll
0x00007ffc2ab30000 - 0x00007ffc2ac4c000 	C:\WINDOWS\system32\RPCRT4.dll
0x00007ffc2b200000 - 0x00007ffc2b356000 	C:\WINDOWS\system32\USER32.dll
0x00007ffc2b530000 - 0x00007ffc2b6b6000 	C:\WINDOWS\system32\GDI32.dll
0x00007ffc16690000 - 0x00007ffc16904000 	C:\WINDOWS\WinSxS\amd64_microsoft.windows.common-controls_6595b64144ccf1df_6.0.10586.0_none_8c15ae12515e1c22\COMCTL32.dll
0x00007ffc2ac50000 - 0x00007ffc2aecd000 	C:\WINDOWS\system32\combase.dll
0x00007ffc296e0000 - 0x00007ffc2974a000 	C:\WINDOWS\system32\bcryptPrimitives.dll
0x00007ffc2af30000 - 0x00007ffc2af6b000 	C:\WINDOWS\system32\IMM32.DLL
0x0000000073140000 - 0x0000000073212000 	C:\Program Files\Java\jdk1.8.0_92\jre\bin\msvcr100.dll
0x0000000073860000 - 0x00000000740f6000 	C:\Program Files\Java\jdk1.8.0_92\jre\bin\server\jvm.dll
0x00007ffc2af70000 - 0x00007ffc2af78000 	C:\WINDOWS\system32\PSAPI.DLL
0x00007ffc1e470000 - 0x00007ffc1e479000 	C:\WINDOWS\SYSTEM32\WSOCK32.dll
0x00007ffc27980000 - 0x00007ffc279a3000 	C:\WINDOWS\SYSTEM32\WINMM.dll
0x00007ffc2aa10000 - 0x00007ffc2aa7b000 	C:\WINDOWS\system32\WS2_32.dll
0x00007ffc1e4b0000 - 0x00007ffc1e4ba000 	C:\WINDOWS\SYSTEM32\VERSION.dll
0x00007ffc27640000 - 0x00007ffc2766c000 	C:\WINDOWS\SYSTEM32\WINMMBASE.dll
0x00007ffc293f0000 - 0x00007ffc29433000 	C:\WINDOWS\system32\cfgmgr32.dll
0x0000000073850000 - 0x000000007385f000 	C:\Program Files\Java\jdk1.8.0_92\jre\bin\verify.dll
0x0000000073820000 - 0x0000000073849000 	C:\Program Files\Java\jdk1.8.0_92\jre\bin\java.dll
0x0000000073800000 - 0x0000000073816000 	C:\Program Files\Java\jdk1.8.0_92\jre\bin\zip.dll
0x00007ffc2b6c0000 - 0x00007ffc2cc1c000 	C:\WINDOWS\system32\SHELL32.dll
0x00007ffc29810000 - 0x00007ffc29e54000 	C:\WINDOWS\system32\windows.storage.dll
0x00007ffc2a300000 - 0x00007ffc2a352000 	C:\WINDOWS\system32\shlwapi.dll
0x00007ffc29380000 - 0x00007ffc2938f000 	C:\WINDOWS\system32\kernel.appcore.dll
0x00007ffc29750000 - 0x00007ffc29805000 	C:\WINDOWS\system32\shcore.dll
0x00007ffc29390000 - 0x00007ffc293db000 	C:\WINDOWS\system32\powrprof.dll
0x00007ffc29360000 - 0x00007ffc29374000 	C:\WINDOWS\system32\profapi.dll

VM Arguments:
jvm_args: -Djava.awt.headless=true -Xmx1024M -Dfile.encoding=windows-1252 -Duser.country=419 -Duser.language=es -Duser.variant 
java_command: com.android.dx.command.Main --dex --force-jumbo --num-threads=4 --multi-dex --output C:\Facu\TipCal\app\build\intermediates\transforms\dex\debug\folders\1000\10\com.android.support-support-v4-23.1.1_d3c1463bce4e7c4850af167ff9d7ea18ddcbaf0f C:\Facu\TipCal\app\build\intermediates\exploded-aar\com.android.support\support-v4\23.1.1\jars\classes.jar
java_class_path (initial): C:\Users\Admin\AppData\Local\Android\android-sdk\build-tools\23.0.3\lib\dx.jar
Launcher Type: SUN_STANDARD

Environment Variables:
PATH=C:\ProgramData\Oracle\Java\javapath;C:\Program Files (x86)\Common Files\Intel\Shared Files\cpp\bin\Intel64;C:\WINDOWS\system32;C:\WINDOWS;C:\WINDOWS\System32\Wbem;C:\WINDOWS\System32\WindowsPowerShell\v1.0\;C:\Program Files (x86)\Microsoft SQL Server\110\Tools\Binn\;C:\Program Files\Microsoft SQL Server\110\Tools\Binn\;C:\Program Files\Microsoft SQL Server\110\DTS\Binn\;C:\Program Files (x86)\Microsoft SQL Server\110\Tools\Binn\ManagementStudio\;C:\Program Files (x86)\Microsoft Visual Studio 10.0\Common7\IDE\PrivateAssemblies\;C:\Program Files (x86)\Microsoft SQL Server\110\DTS\Binn\;C:\Program Files (x86)\Microsoft SQL Server\100\Tools\Binn\;C:\Program Files\Microsoft SQL Server\100\Tools\Binn\;C:\Program Files\Microsoft SQL Server\100\DTS\Binn\;C:\Program Files (x86)\Microsoft SQL Server\100\Tools\Binn\VSShell\Common7\IDE\;C:\Program Files (x86)\Microsoft SQL Server\100\DTS\Binn\;C:\WINDOWS\system32\config\systemprofile\.dnx\bin;C:\Program Files\Microsoft DNX\Dnvm\;C:\Program Files\Microsoft\Web Platform Installer\;C:\Program Files (x86)\Skype\Phone\
USERNAME=MaxiE
OS=Windows_NT
PROCESSOR_IDENTIFIER=Intel64 Family 6 Model 58 Stepping 9, GenuineIntel



---------------  S Y S T E M  ---------------

OS: Windows 10.0 , 64 bit Build 10586 (10.0.10586.0)

CPU:total 8 (4 cores per cpu, 2 threads per core) family 6 model 58 stepping 9, cmov, cx8, fxsr, mmx, sse, sse2, sse3, ssse3, sse4.1, sse4.2, popcnt, avx, aes, clmul, erms, ht, tsc, tscinvbit, tscinv

Memory: 4k page, physical 7826712k(1527772k free), swap 7826712k(4108k free)

vm_info: Java HotSpot(TM) 64-Bit Server VM (25.92-b14) for windows-amd64 JRE (1.8.0_92-b14), built on Mar 31 2016 21:03:04 by "java_re" with MS VC++ 10.0 (VS2010)

time: Wed Jun 01 21:41:43 2016
elapsed time: 1 seconds (0d 0h 0m 1s)

