#
# There is insufficient memory for the Java Runtime Environment to continue.
# Native memory allocation (malloc) failed to allocate 160336 bytes for Chunk::new
# Possible reasons:
#   The system is out of physical RAM or swap space
#   In 32 bit mode, the process size limit was hit
# Possible solutions:
#   Reduce memory load on the system
#   Increase physical memory or swap space
#   Check if swap backing store is full
#   Use 64 bit Java on a 64 bit OS
#   Decrease Java heap size (-Xmx/-Xms)
#   Decrease number of Java threads
#   Decrease Java thread stack sizes (-Xss)
#   Set larger code cache with -XX:ReservedCodeCacheSize=
# This output file may be truncated or incomplete.
#
#  Out of Memory Error (allocation.cpp:390), pid=9372, tid=0x0000000000000a40
#
# JRE version: Java(TM) SE Runtime Environment (8.0_92-b14) (build 1.8.0_92-b14)
# Java VM: Java HotSpot(TM) 64-Bit Server VM (25.92-b14 mixed mode windows-amd64 compressed oops)
# Failed to write core dump. Minidumps are not enabled by default on client versions of Windows
#

---------------  T H R E A D  ---------------

Current thread (0x0000000016d8d000):  JavaThread "C2 CompilerThread1" daemon [_thread_in_native, id=2624, stack(0x0000000017660000,0x0000000017760000)]

Stack: [0x0000000017660000,0x0000000017760000]
[error occurred during error reporting (printing stack bounds), id 0xc0000005]

Native frames: (J=compiled Java code, j=interpreted, Vv=VM code, C=native code)


Current CompileTask:
C2:    751  704       4       com.android.dx.ssa.SsaBasicBlock::forEachInsn (37 bytes)


---------------  P R O C E S S  ---------------

Java Threads: ( => current thread )
  0x0000000017ba0000 JavaThread "pool-2-thread-4" [_thread_blocked, id=2516, stack(0x0000000018760000,0x0000000018860000)]
  0x000000001704b800 JavaThread "pool-2-thread-3" [_thread_in_Java, id=1952, stack(0x0000000018660000,0x0000000018760000)]
  0x0000000017045800 JavaThread "pool-2-thread-2" [_thread_in_Java, id=8108, stack(0x0000000018560000,0x0000000018660000)]
  0x0000000017121800 JavaThread "pool-3-thread-1" [_thread_blocked, id=3136, stack(0x0000000018460000,0x0000000018560000)]
  0x0000000017121000 JavaThread "pool-2-thread-1" [_thread_blocked, id=7180, stack(0x0000000018360000,0x0000000018460000)]
  0x0000000016ddd800 JavaThread "Service Thread" daemon [_thread_blocked, id=1796, stack(0x0000000017960000,0x0000000017a60000)]
  0x0000000016d95800 JavaThread "C1 CompilerThread3" daemon [_thread_in_native, id=2276, stack(0x0000000017860000,0x0000000017960000)]
  0x0000000016d97000 JavaThread "C2 CompilerThread2" daemon [_thread_in_native, id=8400, stack(0x0000000017760000,0x0000000017860000)]
=>0x0000000016d8d000 JavaThread "C2 CompilerThread1" daemon [_thread_in_native, id=2624, stack(0x0000000017660000,0x0000000017760000)]
  0x0000000016d89000 JavaThread "C2 CompilerThread0" daemon [_thread_in_native, id=6320, stack(0x0000000017560000,0x0000000017660000)]
  0x0000000016d86000 JavaThread "Attach Listener" daemon [_thread_blocked, id=6164, stack(0x0000000017460000,0x0000000017560000)]
  0x0000000016d85000 JavaThread "Signal Dispatcher" daemon [_thread_blocked, id=3388, stack(0x0000000017360000,0x0000000017460000)]
  0x000000000235d800 JavaThread "Finalizer" daemon [_thread_blocked, id=5472, stack(0x0000000017160000,0x0000000017260000)]
  0x0000000014e7d800 JavaThread "Reference Handler" daemon [_thread_blocked, id=912, stack(0x0000000016c60000,0x0000000016d60000)]
  0x00000000020fd800 JavaThread "main" [_thread_in_Java, id=2424, stack(0x0000000002100000,0x0000000002200000)]

Other Threads:
  0x0000000014e78800 VMThread [stack: 0x0000000016b60000,0x0000000016c60000] [id=108]
  0x0000000016de0800 WatcherThread [stack: 0x0000000017a60000,0x0000000017b60000] [id=10712]

VM state:not at safepoint (normal execution)

VM Mutex/Monitor currently owned by a thread: None

Heap:
 PSYoungGen      total 35840K, used 20904K [0x00000000eab00000, 0x00000000ed300000, 0x0000000100000000)
  eden space 30720K, 68% used [0x00000000eab00000,0x00000000ebf6a3f0,0x00000000ec900000)
  from space 5120K, 0% used [0x00000000ece00000,0x00000000ece00000,0x00000000ed300000)
  to   space 5120K, 0% used [0x00000000ec900000,0x00000000ec900000,0x00000000ece00000)
 ParOldGen       total 81920K, used 0K [0x00000000c0000000, 0x00000000c5000000, 0x00000000eab00000)
  object space 81920K, 0% used [0x00000000c0000000,0x00000000c0000000,0x00000000c5000000)
 Metaspace       used 5835K, capacity 6770K, committed 7040K, reserved 1056768K
  class space    used 599K, capacity 618K, committed 640K, reserved 1048576K

Card table byte_map: [0x0000000011720000,0x0000000011930000] byte_map_base: 0x0000000011120000

Marking Bits: (ParMarkBitMap*) 0x00000000740764f0
 Begin Bits: [0x0000000012290000, 0x0000000013290000)
 End Bits:   [0x0000000013290000, 0x0000000014290000)

Polling page: 0x00000000020d0000

CodeCache: size=245760Kb used=3028Kb max_used=3040Kb free=242731Kb
 bounds [0x0000000002360000, 0x0000000002660000, 0x0000000011360000]
 total_blobs=1028 nmethods=757 adapters=182
 compilation: enabled

Compilation events (10 events):
Event: 0.672 Thread 0x0000000016d95800 nmethod 726 0x0000000002627a90 code [0x0000000002627c00, 0x0000000002627fa8]
Event: 0.672 Thread 0x0000000016d95800  716       3       com.android.dx.ssa.SsaBasicBlock::isExitBlock (20 bytes)
Event: 0.672 Thread 0x0000000016d95800 nmethod 716 0x0000000002625510 code [0x0000000002625660, 0x00000000026258b0]
Event: 0.672 Thread 0x0000000016d95800  715       3       com.android.dx.ssa.SsaConverter::nodeNeedsUniquePredecessor (32 bytes)
Event: 0.673 Thread 0x0000000016d95800 nmethod 715 0x0000000002626f10 code [0x00000000026270c0, 0x00000000026276d8]
Event: 0.673 Thread 0x0000000016d95800  749       3       com.android.dx.util.BitIntSet::has (28 bytes)
Event: 0.673 Thread 0x0000000016d95800 nmethod 749 0x0000000002644350 code [0x00000000026444c0, 0x00000000026447f0]
Event: 0.673 Thread 0x0000000016d95800  717   !   3       com.android.dx.ssa.LocalVariableInfo::setStarts (40 bytes)
Event: 0.673 Thread 0x0000000016d97000 nmethod 744 0x0000000002644950 code [0x0000000002644aa0, 0x0000000002644df8]
Event: 0.673 Thread 0x0000000016d97000  748       4       java.util.BitSet::nextSetBit (102 bytes)

GC Heap History (0 events):
No events

Deoptimization events (2 events):
Event: 0.634 Thread 0x0000000017045800 Uncommon trap: reason=unstable_if action=reinterpret pc=0x000000000256c630 method=java.util.BitSet.nextSetBit(I)I @ 87
Event: 0.659 Thread 0x00000000020fd800 Uncommon trap: reason=unstable_if action=reinterpret pc=0x00000000025bd2b0 method=java.util.BitSet.ensureCapacity(I)V @ 6

Internal exceptions (2 events):
Event: 0.055 Thread 0x00000000020fd800 Exception <a 'java/lang/NoSuchMethodError': Method sun.misc.Unsafe.defineClass(Ljava/lang/String;[BII)Ljava/lang/Class; name or signature does not match> (0x00000000eab07cc0) thrown at [D:\re\workspace\8-2-build-windows-amd64-cygwin\jdk8u92\6642\hotspot\sr[ßç±!¨?
Event: 0.055 Thread 0x00000000020fd800 Exception <a 'java/lang/NoSuchMethodError': Method sun.misc.Unsafe.prefetchRead(Ljava/lang/Object;J)V name or signature does not match> (0x00000000eab07fa8) thrown at [D:\re\workspace\8-2-build-windows-amd64-cygwin\jdk8u92\6642\hotspot\src\share\vm\prims\j

Events (10 events):
Event: 0.634 Thread 0x0000000017045800 Uncommon trap: trap_request=0xffffff65 fr.pc=0x000000000256c630
Event: 0.634 Thread 0x0000000017045800 DEOPT PACKING pc=0x000000000256c630 sp=0x000000001865eb00
Event: 0.634 Thread 0x0000000017045800 DEOPT UNPACKING pc=0x00000000023a582a sp=0x000000001865ea98 mode 2
Event: 0.641 loading class java/util/ArrayList$1
Event: 0.641 loading class java/util/ArrayList$1 done
Event: 0.659 Thread 0x00000000020fd800 Uncommon trap: trap_request=0xffffff65 fr.pc=0x00000000025bd2b0
Event: 0.659 Thread 0x00000000020fd800 DEOPT PACKING pc=0x00000000025bd2b0 sp=0x00000000021fe510
Event: 0.659 Thread 0x00000000020fd800 DEOPT UNPACKING pc=0x00000000023a582a sp=0x00000000021fe450 mode 2
Event: 0.662 loading class com/android/dx/cf/attrib/AttExceptions
Event: 0.662 loading class com/android/dx/cf/attrib/AttExceptions done


Dynamic libraries:
0x00007ff74c760000 - 0x00007ff74c797000 	C:\Program Files\Java\jdk1.8.0_92\bin\java.exe
0x00007ffc2cd40000 - 0x00007ffc2cf01000 	C:\WINDOWS\SYSTEM32\ntdll.dll
0x00007ffc2aa80000 - 0x00007ffc2ab2d000 	C:\WINDOWS\system32\KERNEL32.DLL
0x00007ffc294f0000 - 0x00007ffc296d8000 	C:\WINDOWS\system32\KERNELBASE.dll
0x00007ffc2cc90000 - 0x00007ffc2cd37000 	C:\WINDOWS\system32\ADVAPI32.dll
0x00007ffc2a8a0000 - 0x00007ffc2a93d000 	C:\WINDOWS\system32\msvcrt.dll
0x00007ffc2af80000 - 0x00007ffc2afdb000 	C:\WINDOWS\system32\sechost.dll
0x00007ffc2ab30000 - 0x00007ffc2ac4c000 	C:\WINDOWS\system32\RPCRT4.dll
0x00007ffc2b200000 - 0x00007ffc2b356000 	C:\WINDOWS\system32\USER32.dll
0x00007ffc2b530000 - 0x00007ffc2b6b6000 	C:\WINDOWS\system32\GDI32.dll
0x00007ffc16690000 - 0x00007ffc16904000 	C:\WINDOWS\WinSxS\amd64_microsoft.windows.common-controls_6595b64144ccf1df_6.0.10586.0_none_8c15ae12515e1c22\COMCTL32.dll
0x00007ffc2ac50000 - 0x00007ffc2aecd000 	C:\WINDOWS\system32\combase.dll
0x00007ffc296e0000 - 0x00007ffc2974a000 	C:\WINDOWS\system32\bcryptPrimitives.dll
0x00007ffc2af30000 - 0x00007ffc2af6b000 	C:\WINDOWS\system32\IMM32.DLL
0x0000000073140000 - 0x0000000073212000 	C:\Program Files\Java\jdk1.8.0_92\jre\bin\msvcr100.dll
0x0000000073860000 - 0x00000000740f6000 	C:\Program Files\Java\jdk1.8.0_92\jre\bin\server\jvm.dll
0x00007ffc2af70000 - 0x00007ffc2af78000 	C:\WINDOWS\system32\PSAPI.DLL
0x00007ffc27980000 - 0x00007ffc279a3000 	C:\WINDOWS\SYSTEM32\WINMM.dll
0x00007ffc1e470000 - 0x00007ffc1e479000 	C:\WINDOWS\SYSTEM32\WSOCK32.dll
0x00007ffc1e4b0000 - 0x00007ffc1e4ba000 	C:\WINDOWS\SYSTEM32\VERSION.dll
0x00007ffc2aa10000 - 0x00007ffc2aa7b000 	C:\WINDOWS\system32\WS2_32.dll
0x0000000002060000 - 0x000000000208c000 	C:\WINDOWS\SYSTEM32\WINMMBASE.dll
0x00007ffc293f0000 - 0x00007ffc29433000 	C:\WINDOWS\system32\cfgmgr32.dll
0x0000000073850000 - 0x000000007385f000 	C:\Program Files\Java\jdk1.8.0_92\jre\bin\verify.dll
0x0000000073820000 - 0x0000000073849000 	C:\Program Files\Java\jdk1.8.0_92\jre\bin\java.dll
0x0000000073800000 - 0x0000000073816000 	C:\Program Files\Java\jdk1.8.0_92\jre\bin\zip.dll
0x00007ffc2b6c0000 - 0x00007ffc2cc1c000 	C:\WINDOWS\system32\SHELL32.dll
0x00007ffc29810000 - 0x00007ffc29e54000 	C:\WINDOWS\system32\windows.storage.dll
0x00007ffc2a300000 - 0x00007ffc2a352000 	C:\WINDOWS\system32\shlwapi.dll
0x00007ffc29380000 - 0x00007ffc2938f000 	C:\WINDOWS\system32\kernel.appcore.dll
0x00007ffc29750000 - 0x00007ffc29805000 	C:\WINDOWS\system32\shcore.dll
0x00007ffc29390000 - 0x00007ffc293db000 	C:\WINDOWS\system32\powrprof.dll
0x00007ffc29360000 - 0x00007ffc29374000 	C:\WINDOWS\system32\profapi.dll

VM Arguments:
jvm_args: -Djava.awt.headless=true -Xmx1024M -Dfile.encoding=windows-1252 -Duser.country=419 -Duser.language=es -Duser.variant 
java_command: com.android.dx.command.Main --dex --force-jumbo --num-threads=4 --multi-dex --output C:\Facu\TipCal\app\build\intermediates\transforms\dex\debug\folders\1000\10\com.android.support-recyclerview-v7-23.1.1_3cd2c635a597309266ab57b52ccd15e93933fb83 C:\Facu\TipCal\app\build\intermediates\exploded-aar\com.android.support\recyclerview-v7\23.1.1\jars\classes.jar
java_class_path (initial): C:\Users\Admin\AppData\Local\Android\android-sdk\build-tools\23.0.3\lib\dx.jar
Launcher Type: SUN_STANDARD

Environment Variables:
PATH=C:\ProgramData\Oracle\Java\javapath;C:\Program Files (x86)\Common Files\Intel\Shared Files\cpp\bin\Intel64;C:\WINDOWS\system32;C:\WINDOWS;C:\WINDOWS\System32\Wbem;C:\WINDOWS\System32\WindowsPowerShell\v1.0\;C:\Program Files (x86)\Microsoft SQL Server\110\Tools\Binn\;C:\Program Files\Microsoft SQL Server\110\Tools\Binn\;C:\Program Files\Microsoft SQL Server\110\DTS\Binn\;C:\Program Files (x86)\Microsoft SQL Server\110\Tools\Binn\ManagementStudio\;C:\Program Files (x86)\Microsoft Visual Studio 10.0\Common7\IDE\PrivateAssemblies\;C:\Program Files (x86)\Microsoft SQL Server\110\DTS\Binn\;C:\Program Files (x86)\Microsoft SQL Server\100\Tools\Binn\;C:\Program Files\Microsoft SQL Server\100\Tools\Binn\;C:\Program Files\Microsoft SQL Server\100\DTS\Binn\;C:\Program Files (x86)\Microsoft SQL Server\100\Tools\Binn\VSShell\Common7\IDE\;C:\Program Files (x86)\Microsoft SQL Server\100\DTS\Binn\;C:\WINDOWS\system32\config\systemprofile\.dnx\bin;C:\Program Files\Microsoft DNX\Dnvm\;C:\Program Files\Microsoft\Web Platform Installer\;C:\Program Files (x86)\Skype\Phone\
USERNAME=MaxiE
OS=Windows_NT
PROCESSOR_IDENTIFIER=Intel64 Family 6 Model 58 Stepping 9, GenuineIntel



---------------  S Y S T E M  ---------------

OS: Windows 10.0 , 64 bit Build 10586 (10.0.10586.0)

CPU:total 8 (4 cores per cpu, 2 threads per core) family 6 model 58 stepping 9, cmov, cx8, fxsr, mmx, sse, sse2, sse3, ssse3, sse4.1, sse4.2, popcnt, avx, aes, clmul, erms, ht, tsc, tscinvbit, tscinv

Memory: 4k page, physical 7826712k(1383976k free), swap 7826712k(3312k free)

vm_info: Java HotSpot(TM) 64-Bit Server VM (25.92-b14) for windows-amd64 JRE (1.8.0_92-b14), built on Mar 31 2016 21:03:04 by "java_re" with MS VC++ 10.0 (VS2010)

time: Wed Jun 01 21:47:25 2016
elapsed time: 0 seconds (0d 0h 0m 0s)

