#
# There is insufficient memory for the Java Runtime Environment to continue.
# Native memory allocation (malloc) failed to allocate 272848 bytes for Chunk::new
# Possible reasons:
#   The system is out of physical RAM or swap space
#   In 32 bit mode, the process size limit was hit
# Possible solutions:
#   Reduce memory load on the system
#   Increase physical memory or swap space
#   Check if swap backing store is full
#   Use 64 bit Java on a 64 bit OS
#   Decrease Java heap size (-Xmx/-Xms)
#   Decrease number of Java threads
#   Decrease Java thread stack sizes (-Xss)
#   Set larger code cache with -XX:ReservedCodeCacheSize=
# This output file may be truncated or incomplete.
#
#  Out of Memory Error (allocation.cpp:390), pid=1216, tid=0x0000000000000d40
#
# JRE version: Java(TM) SE Runtime Environment (8.0_92-b14) (build 1.8.0_92-b14)
# Java VM: Java HotSpot(TM) 64-Bit Server VM (25.92-b14 mixed mode windows-amd64 compressed oops)
# Failed to write core dump. Minidumps are not enabled by default on client versions of Windows
#

---------------  T H R E A D  ---------------

Current thread (0x0000000016d7d800):  JavaThread "C2 CompilerThread2" daemon [_thread_in_native, id=3392, stack(0x0000000017740000,0x0000000017840000)]

Stack: [0x0000000017740000,0x0000000017840000]
[error occurred during error reporting (printing stack bounds), id 0xc0000005]

Native frames: (J=compiled Java code, j=interpreted, Vv=VM code, C=native code)


Current CompileTask:
C2:   2759 1101   !   4       com.android.dx.cf.cst.ConstantPoolParser::parse0 (731 bytes)


---------------  P R O C E S S  ---------------

Java Threads: ( => current thread )
  0x0000000017ba5800 JavaThread "pool-2-thread-4" [_thread_in_vm, id=5292, stack(0x0000000018740000,0x0000000018840000)]
  0x000000001712b000 JavaThread "pool-2-thread-3" [_thread_in_vm, id=9868, stack(0x0000000018640000,0x0000000018740000)]
  0x0000000017121800 JavaThread "pool-2-thread-2" [_thread_in_Java, id=10204, stack(0x0000000018540000,0x0000000018640000)]
  0x0000000017048000 JavaThread "pool-3-thread-1" [_thread_blocked, id=11184, stack(0x0000000018440000,0x0000000018540000)]
  0x0000000017096000 JavaThread "pool-2-thread-1" [_thread_in_vm, id=2360, stack(0x0000000018340000,0x0000000018440000)]
  0x0000000016dfc800 JavaThread "Service Thread" daemon [_thread_blocked, id=1936, stack(0x0000000017940000,0x0000000017a40000)]
  0x0000000016db2800 JavaThread "C1 CompilerThread3" daemon [_thread_in_vm, id=10572, stack(0x0000000017840000,0x0000000017940000)]
=>0x0000000016d7d800 JavaThread "C2 CompilerThread2" daemon [_thread_in_native, id=3392, stack(0x0000000017740000,0x0000000017840000)]
  0x0000000016d70800 JavaThread "C2 CompilerThread1" daemon [_thread_in_native, id=2624, stack(0x0000000017640000,0x0000000017740000)]
  0x0000000016d69000 JavaThread "C2 CompilerThread0" daemon [_thread_in_native, id=5092, stack(0x0000000017540000,0x0000000017640000)]
  0x0000000016d66000 JavaThread "Attach Listener" daemon [_thread_blocked, id=3916, stack(0x0000000017440000,0x0000000017540000)]
  0x0000000016d65000 JavaThread "Signal Dispatcher" daemon [_thread_blocked, id=7880, stack(0x0000000017340000,0x0000000017440000)]
  0x000000000233d800 JavaThread "Finalizer" daemon [_thread_blocked, id=1308, stack(0x0000000017140000,0x0000000017240000)]
  0x0000000014e5d800 JavaThread "Reference Handler" daemon [_thread_blocked, id=8916, stack(0x0000000016c40000,0x0000000016d40000)]
  0x00000000020bd800 JavaThread "main" [_thread_in_vm, id=8280, stack(0x0000000002140000,0x0000000002240000)]

Other Threads:
  0x0000000014e58800 VMThread [stack: 0x0000000016b40000,0x0000000016c40000] [id=9696]
  0x0000000016e00000 WatcherThread [stack: 0x0000000017a40000,0x0000000017b40000] [id=2412]

VM state:not at safepoint (normal execution)

VM Mutex/Monitor currently owned by a thread: None

Heap:
 PSYoungGen      total 35840K, used 22411K [0x00000000eab00000, 0x00000000ed300000, 0x0000000100000000)
  eden space 30720K, 56% used [0x00000000eab00000,0x00000000ebbe4b70,0x00000000ec900000)
  from space 5120K, 99% used [0x00000000ec900000,0x00000000ecdfe208,0x00000000ece00000)
  to   space 5120K, 0% used [0x00000000ece00000,0x00000000ece00000,0x00000000ed300000)
 ParOldGen       total 81920K, used 1578K [0x00000000c0000000, 0x00000000c5000000, 0x00000000eab00000)
  object space 81920K, 1% used [0x00000000c0000000,0x00000000c018aa10,0x00000000c5000000)
 Metaspace       used 6052K, capacity 6962K, committed 7040K, reserved 1056768K
  class space    used 602K, capacity 618K, committed 640K, reserved 1048576K

Card table byte_map: [0x0000000011700000,0x0000000011910000] byte_map_base: 0x0000000011100000

Marking Bits: (ParMarkBitMap*) 0x00000000740764f0
 Begin Bits: [0x0000000012270000, 0x0000000013270000)
 End Bits:   [0x0000000013270000, 0x0000000014270000)

Polling page: 0x00000000004f0000

CodeCache: size=245760Kb used=4932Kb max_used=4932Kb free=240827Kb
 bounds [0x0000000002340000, 0x0000000002820000, 0x0000000011340000]
 total_blobs=1524 nmethods=1255 adapters=182
 compilation: enabled

Compilation events (10 events):
Event: 2.580 Thread 0x0000000016d69000 nmethod 1177 0x00000000027175d0 code [0x0000000002717700, 0x0000000002717778]
Event: 2.580 Thread 0x0000000016d69000 1180       4       java.util.Collections$UnmodifiableCollection$1::next (10 bytes)
Event: 2.586 Thread 0x0000000016d69000 nmethod 1180 0x0000000002776550 code [0x00000000027766a0, 0x00000000027768f8]
Event: 2.586 Thread 0x0000000016d69000 1185       4       com.android.dx.rop.code.RegisterSpec::equals (51 bytes)
Event: 2.589 Thread 0x0000000016d70800 nmethod 1178 0x00000000027a3110 code [0x00000000027a3280, 0x00000000027a3958]
Event: 2.589 Thread 0x0000000016d70800 1186       4       com.android.dx.rop.code.RegisterSpec$ForComparison::equals (31 bytes)
Event: 2.592 Thread 0x0000000016d69000 nmethod 1185 0x00000000027a4010 code [0x00000000027a4160, 0x00000000027a4618]
Event: 2.592 Thread 0x0000000016d69000 1187       4       com.android.dx.ssa.SsaMethod::computeReachability (131 bytes)
Event: 2.595 Thread 0x0000000016d70800 nmethod 1186 0x00000000027a4b10 code [0x00000000027a4c80, 0x00000000027a5178]
Event: 2.595 Thread 0x0000000016d70800 1191       4       java.util.Arrays::hashCode (56 bytes)

GC Heap History (2 events):
Event: 2.029 GC heap before
{Heap before GC invocations=1 (full 0):
 PSYoungGen      total 35840K, used 30720K [0x00000000eab00000, 0x00000000ed300000, 0x0000000100000000)
  eden space 30720K, 100% used [0x00000000eab00000,0x00000000ec900000,0x00000000ec900000)
  from space 5120K, 0% used [0x00000000ece00000,0x00000000ece00000,0x00000000ed300000)
  to   space 5120K, 0% used [0x00000000ec900000,0x00000000ec900000,0x00000000ece00000)
 ParOldGen       total 81920K, used 0K [0x00000000c0000000, 0x00000000c5000000, 0x00000000eab00000)
  object space 81920K, 0% used [0x00000000c0000000,0x00000000c0000000,0x00000000c5000000)
 Metaspace       used 5959K, capacity 6896K, committed 7040K, reserved 1056768K
  class space    used 600K, capacity 616K, committed 640K, reserved 1048576K
Event: 2.541 GC heap after
Heap after GC invocations=1 (full 0):
 PSYoungGen      total 35840K, used 5112K [0x00000000eab00000, 0x00000000ed300000, 0x0000000100000000)
  eden space 30720K, 0% used [0x00000000eab00000,0x00000000eab00000,0x00000000ec900000)
  from space 5120K, 99% used [0x00000000ec900000,0x00000000ecdfe208,0x00000000ece00000)
  to   space 5120K, 0% used [0x00000000ece00000,0x00000000ece00000,0x00000000ed300000)
 ParOldGen       total 81920K, used 1578K [0x00000000c0000000, 0x00000000c5000000, 0x00000000eab00000)
  object space 81920K, 1% used [0x00000000c0000000,0x00000000c018aa10,0x00000000c5000000)
 Metaspace       used 5959K, capacity 6896K, committed 7040K, reserved 1056768K
  class space    used 600K, capacity 616K, committed 640K, reserved 1048576K
}

Deoptimization events (10 events):
Event: 0.938 Thread 0x0000000017096000 Uncommon trap: reason=unstable_if action=reinterpret pc=0x000000000256cc54 method=java.util.HashMap.getNode(ILjava/lang/Object;)Ljava/util/HashMap$Node; @ 129
Event: 1.336 Thread 0x00000000020bd800 Uncommon trap: reason=unstable_if action=reinterpret pc=0x0000000002566670 method=java.util.BitSet.nextSetBit(I)I @ 87
Event: 1.439 Thread 0x0000000017121800 Uncommon trap: reason=unstable_if action=reinterpret pc=0x0000000002590ecc method=java.util.HashMap.getNode(ILjava/lang/Object;)Ljava/util/HashMap$Node; @ 129
Event: 1.443 Thread 0x0000000017096000 Uncommon trap: reason=unstable_if action=reinterpret pc=0x00000000025bdbf4 method=java.util.BitSet.ensureCapacity(I)V @ 6
Event: 1.685 Thread 0x0000000017121800 Uncommon trap: reason=unstable_if action=reinterpret pc=0x00000000026c4ba8 method=com.android.dx.rop.code.RegisterSpec.equals(ILcom/android/dx/rop/type/TypeBearer;Lcom/android/dx/rop/code/LocalItem;)Z @ 16
Event: 1.685 Thread 0x0000000017121800 Uncommon trap: reason=unstable_if action=reinterpret pc=0x0000000002648544 method=com.android.dx.rop.code.RegisterSpec.equals(ILcom/android/dx/rop/type/TypeBearer;Lcom/android/dx/rop/code/LocalItem;)Z @ 16
Event: 1.687 Thread 0x0000000017121800 Uncommon trap: reason=bimorphic action=maybe_recompile pc=0x000000000272b3cc method=java.util.HashMap.putVal(ILjava/lang/Object;Ljava/lang/Object;ZZ)Ljava/lang/Object; @ 91
Event: 1.697 Thread 0x00000000020bd800 Uncommon trap: reason=bimorphic action=maybe_recompile pc=0x000000000272b3cc method=java.util.HashMap.putVal(ILjava/lang/Object;Ljava/lang/Object;ZZ)Ljava/lang/Object; @ 91
Event: 1.698 Thread 0x0000000017121800 Uncommon trap: reason=null_check action=make_not_entrant pc=0x000000000270ee20 method=com.android.dx.rop.type.Type.equals(Ljava/lang/Object;)Z @ 8
Event: 2.578 Thread 0x00000000020bd800 Uncommon trap: reason=bimorphic action=maybe_recompile pc=0x000000000272b3cc method=java.util.HashMap.putVal(ILjava/lang/Object;Ljava/lang/Object;ZZ)Ljava/lang/Object; @ 91

Internal exceptions (3 events):
Event: 0.045 Thread 0x00000000020bd800 Exception <a 'java/lang/NoSuchMethodError': Method sun.misc.Unsafe.defineClass(Ljava/lang/String;[BII)Ljava/lang/Class; name or signature does not match> (0x00000000eab07cc0) thrown at [D:\re\workspace\8-2-build-windows-amd64-cygwin\jdk8u92\6642\hotspot\sr\\ÈL$,§?
Event: 0.045 Thread 0x00000000020bd800 Exception <a 'java/lang/NoSuchMethodError': Method sun.misc.Unsafe.prefetchRead(Ljava/lang/Object;J)V name or signature does not match> (0x00000000eab07fa8) thrown at [D:\re\workspace\8-2-build-windows-amd64-cygwin\jdk8u92\6642\hotspot\src\share\vm\prims\j=4à
Event: 1.698 Thread 0x0000000017121800 Implicit null exception at 0x000000000270ed22 to 0x000000000270ee12

Events (10 events):
Event: 1.697 Thread 0x00000000020bd800 DEOPT PACKING pc=0x000000000272b3cc sp=0x000000000223e410
Event: 1.697 Thread 0x00000000020bd800 DEOPT UNPACKING pc=0x000000000238582a sp=0x000000000223e338 mode 2
Event: 1.698 Thread 0x0000000017121800 Uncommon trap: trap_request=0xfffffff4 fr.pc=0x000000000270ee20
Event: 1.698 Thread 0x0000000017121800 DEOPT PACKING pc=0x000000000270ee20 sp=0x000000001863e870
Event: 1.698 Thread 0x0000000017121800 DEOPT UNPACKING pc=0x000000000238582a sp=0x000000001863e7f8 mode 2
Event: 1.707 Executing VM operation: ParallelGCFailedAllocation
Event: 2.541 Executing VM operation: ParallelGCFailedAllocation done
Event: 2.578 Thread 0x00000000020bd800 Uncommon trap: trap_request=0xffffffc6 fr.pc=0x000000000272b3cc
Event: 2.578 Thread 0x00000000020bd800 DEOPT PACKING pc=0x000000000272b3cc sp=0x000000000223e410
Event: 2.578 Thread 0x00000000020bd800 DEOPT UNPACKING pc=0x000000000238582a sp=0x000000000223e338 mode 2


Dynamic libraries:
0x00007ff74c760000 - 0x00007ff74c797000 	C:\Program Files\Java\jdk1.8.0_92\bin\java.exe
0x00007ffc2cd40000 - 0x00007ffc2cf01000 	C:\WINDOWS\SYSTEM32\ntdll.dll
0x00007ffc2aa80000 - 0x00007ffc2ab2d000 	C:\WINDOWS\system32\KERNEL32.DLL
0x00007ffc294f0000 - 0x00007ffc296d8000 	C:\WINDOWS\system32\KERNELBASE.dll
0x00007ffc2cc90000 - 0x00007ffc2cd37000 	C:\WINDOWS\system32\ADVAPI32.dll
0x00007ffc2a8a0000 - 0x00007ffc2a93d000 	C:\WINDOWS\system32\msvcrt.dll
0x00007ffc2af80000 - 0x00007ffc2afdb000 	C:\WINDOWS\system32\sechost.dll
0x00007ffc2ab30000 - 0x00007ffc2ac4c000 	C:\WINDOWS\system32\RPCRT4.dll
0x00007ffc2b200000 - 0x00007ffc2b356000 	C:\WINDOWS\system32\USER32.dll
0x00007ffc2b530000 - 0x00007ffc2b6b6000 	C:\WINDOWS\system32\GDI32.dll
0x00007ffc16690000 - 0x00007ffc16904000 	C:\WINDOWS\WinSxS\amd64_microsoft.windows.common-controls_6595b64144ccf1df_6.0.10586.0_none_8c15ae12515e1c22\COMCTL32.dll
0x00007ffc2ac50000 - 0x00007ffc2aecd000 	C:\WINDOWS\system32\combase.dll
0x00007ffc296e0000 - 0x00007ffc2974a000 	C:\WINDOWS\system32\bcryptPrimitives.dll
0x00007ffc2af30000 - 0x00007ffc2af6b000 	C:\WINDOWS\system32\IMM32.DLL
0x0000000073140000 - 0x0000000073212000 	C:\Program Files\Java\jdk1.8.0_92\jre\bin\msvcr100.dll
0x0000000073860000 - 0x00000000740f6000 	C:\Program Files\Java\jdk1.8.0_92\jre\bin\server\jvm.dll
0x00007ffc2af70000 - 0x00007ffc2af78000 	C:\WINDOWS\system32\PSAPI.DLL
0x00007ffc1e470000 - 0x00007ffc1e479000 	C:\WINDOWS\SYSTEM32\WSOCK32.dll
0x00007ffc27980000 - 0x00007ffc279a3000 	C:\WINDOWS\SYSTEM32\WINMM.dll
0x00007ffc2aa10000 - 0x00007ffc2aa7b000 	C:\WINDOWS\system32\WS2_32.dll
0x00007ffc1e4b0000 - 0x00007ffc1e4ba000 	C:\WINDOWS\SYSTEM32\VERSION.dll
0x00007ffc27640000 - 0x00007ffc2766c000 	C:\WINDOWS\SYSTEM32\WINMMBASE.dll
0x00007ffc293f0000 - 0x00007ffc29433000 	C:\WINDOWS\system32\cfgmgr32.dll
0x0000000073850000 - 0x000000007385f000 	C:\Program Files\Java\jdk1.8.0_92\jre\bin\verify.dll
0x0000000073820000 - 0x0000000073849000 	C:\Program Files\Java\jdk1.8.0_92\jre\bin\java.dll
0x0000000073800000 - 0x0000000073816000 	C:\Program Files\Java\jdk1.8.0_92\jre\bin\zip.dll
0x00007ffc2b6c0000 - 0x00007ffc2cc1c000 	C:\WINDOWS\system32\SHELL32.dll
0x00007ffc29810000 - 0x00007ffc29e54000 	C:\WINDOWS\system32\windows.storage.dll
0x00007ffc2a300000 - 0x00007ffc2a352000 	C:\WINDOWS\system32\shlwapi.dll
0x00007ffc29380000 - 0x00007ffc2938f000 	C:\WINDOWS\system32\kernel.appcore.dll
0x00007ffc29750000 - 0x00007ffc29805000 	C:\WINDOWS\system32\shcore.dll
0x00007ffc29390000 - 0x00007ffc293db000 	C:\WINDOWS\system32\powrprof.dll
0x00007ffc29360000 - 0x00007ffc29374000 	C:\WINDOWS\system32\profapi.dll

VM Arguments:
jvm_args: -Djava.awt.headless=true -Xmx1024M -Dfile.encoding=windows-1252 -Duser.country=419 -Duser.language=es -Duser.variant 
java_command: com.android.dx.command.Main --dex --force-jumbo --num-threads=4 --multi-dex --output C:\Facu\TipCal\app\build\intermediates\transforms\dex\debug\folders\1000\10\com.android.support-design-23.1.1_a48ad91212a52fb691a754b2b30a1ca31d9812ec C:\Facu\TipCal\app\build\intermediates\exploded-aar\com.android.support\design\23.1.1\jars\classes.jar
java_class_path (initial): C:\Users\Admin\AppData\Local\Android\android-sdk\build-tools\23.0.3\lib\dx.jar
Launcher Type: SUN_STANDARD

Environment Variables:
PATH=C:\ProgramData\Oracle\Java\javapath;C:\Program Files (x86)\Common Files\Intel\Shared Files\cpp\bin\Intel64;C:\WINDOWS\system32;C:\WINDOWS;C:\WINDOWS\System32\Wbem;C:\WINDOWS\System32\WindowsPowerShell\v1.0\;C:\Program Files (x86)\Microsoft SQL Server\110\Tools\Binn\;C:\Program Files\Microsoft SQL Server\110\Tools\Binn\;C:\Program Files\Microsoft SQL Server\110\DTS\Binn\;C:\Program Files (x86)\Microsoft SQL Server\110\Tools\Binn\ManagementStudio\;C:\Program Files (x86)\Microsoft Visual Studio 10.0\Common7\IDE\PrivateAssemblies\;C:\Program Files (x86)\Microsoft SQL Server\110\DTS\Binn\;C:\Program Files (x86)\Microsoft SQL Server\100\Tools\Binn\;C:\Program Files\Microsoft SQL Server\100\Tools\Binn\;C:\Program Files\Microsoft SQL Server\100\DTS\Binn\;C:\Program Files (x86)\Microsoft SQL Server\100\Tools\Binn\VSShell\Common7\IDE\;C:\Program Files (x86)\Microsoft SQL Server\100\DTS\Binn\;C:\WINDOWS\system32\config\systemprofile\.dnx\bin;C:\Program Files\Microsoft DNX\Dnvm\;C:\Program Files\Microsoft\Web Platform Installer\;C:\Program Files (x86)\Skype\Phone\
USERNAME=MaxiE
OS=Windows_NT
PROCESSOR_IDENTIFIER=Intel64 Family 6 Model 58 Stepping 9, GenuineIntel



---------------  S Y S T E M  ---------------

OS: Windows 10.0 , 64 bit Build 10586 (10.0.10586.0)

CPU:total 8 (4 cores per cpu, 2 threads per core) family 6 model 58 stepping 9, cmov, cx8, fxsr, mmx, sse, sse2, sse3, ssse3, sse4.1, sse4.2, popcnt, avx, aes, clmul, erms, ht, tsc, tscinvbit, tscinv

Memory: 4k page, physical 7826712k(1344292k free), swap 7826712k(752k free)

vm_info: Java HotSpot(TM) 64-Bit Server VM (25.92-b14) for windows-amd64 JRE (1.8.0_92-b14), built on Mar 31 2016 21:03:04 by "java_re" with MS VC++ 10.0 (VS2010)

time: Wed Jun 01 21:42:44 2016
elapsed time: 2 seconds (0d 0h 0m 2s)

