#
# There is insufficient memory for the Java Runtime Environment to continue.
# Native memory allocation (malloc) failed to allocate 618496 bytes for Chunk::new
# Possible reasons:
#   The system is out of physical RAM or swap space
#   In 32 bit mode, the process size limit was hit
# Possible solutions:
#   Reduce memory load on the system
#   Increase physical memory or swap space
#   Check if swap backing store is full
#   Use 64 bit Java on a 64 bit OS
#   Decrease Java heap size (-Xmx/-Xms)
#   Decrease number of Java threads
#   Decrease Java thread stack sizes (-Xss)
#   Set larger code cache with -XX:ReservedCodeCacheSize=
# This output file may be truncated or incomplete.
#
#  Out of Memory Error (allocation.cpp:390), pid=2724, tid=0x0000000000002614
#
# JRE version: Java(TM) SE Runtime Environment (8.0_92-b14) (build 1.8.0_92-b14)
# Java VM: Java HotSpot(TM) 64-Bit Server VM (25.92-b14 mixed mode windows-amd64 compressed oops)
# Failed to write core dump. Minidumps are not enabled by default on client versions of Windows
#

---------------  T H R E A D  ---------------

Current thread (0x0000000016d9a000):  JavaThread "C2 CompilerThread0" daemon [_thread_in_native, id=9748, stack(0x0000000017570000,0x0000000017670000)]

Stack: [0x0000000017570000,0x0000000017670000]
[error occurred during error reporting (printing stack bounds), id 0xc0000005]

Native frames: (J=compiled Java code, j=interpreted, Vv=VM code, C=native code)


Current CompileTask:
C2:   2436 1297   !   4       com.android.dx.cf.code.BytecodeArray::parseInstruction (2764 bytes)


---------------  P R O C E S S  ---------------

Java Threads: ( => current thread )
  0x0000000017b80000 JavaThread "pool-2-thread-4" [_thread_blocked, id=1224, stack(0x0000000018770000,0x0000000018870000)]
  0x0000000017b86000 JavaThread "pool-2-thread-3" [_thread_in_Java, id=6156, stack(0x0000000018670000,0x0000000018770000)]
  0x0000000017b85000 JavaThread "pool-2-thread-2" [_thread_blocked, id=7032, stack(0x0000000018570000,0x0000000018670000)]
  0x0000000017b72800 JavaThread "pool-3-thread-1" [_thread_blocked, id=1060, stack(0x0000000018470000,0x0000000018570000)]
  0x00000000170e6800 JavaThread "pool-2-thread-1" [_thread_blocked, id=2072, stack(0x0000000018370000,0x0000000018470000)]
  0x0000000016e36800 JavaThread "Service Thread" daemon [_thread_blocked, id=5308, stack(0x0000000017970000,0x0000000017a70000)]
  0x0000000016dac800 JavaThread "C1 CompilerThread3" daemon [_thread_blocked, id=2608, stack(0x0000000017870000,0x0000000017970000)]
  0x0000000016da1000 JavaThread "C2 CompilerThread2" daemon [_thread_in_native, id=9644, stack(0x0000000017770000,0x0000000017870000)]
  0x0000000016d9e000 JavaThread "C2 CompilerThread1" daemon [_thread_in_native, id=9116, stack(0x0000000017670000,0x0000000017770000)]
=>0x0000000016d9a000 JavaThread "C2 CompilerThread0" daemon [_thread_in_native, id=9748, stack(0x0000000017570000,0x0000000017670000)]
  0x0000000016d97000 JavaThread "Attach Listener" daemon [_thread_blocked, id=7980, stack(0x0000000017470000,0x0000000017570000)]
  0x0000000016d96000 JavaThread "Signal Dispatcher" daemon [_thread_blocked, id=6296, stack(0x0000000017370000,0x0000000017470000)]
  0x000000000238e000 JavaThread "Finalizer" daemon [_thread_blocked, id=5848, stack(0x0000000017170000,0x0000000017270000)]
  0x0000000014ead800 JavaThread "Reference Handler" daemon [_thread_blocked, id=5808, stack(0x0000000016c70000,0x0000000016d70000)]
  0x00000000020ad800 JavaThread "main" [_thread_in_Java, id=5532, stack(0x0000000002190000,0x0000000002290000)]

Other Threads:
  0x0000000014ea8800 VMThread [stack: 0x0000000016b70000,0x0000000016c70000] [id=10424]
  0x0000000016e42000 WatcherThread [stack: 0x0000000017a70000,0x0000000017b70000] [id=11108]

VM state:not at safepoint (normal execution)

VM Mutex/Monitor currently owned by a thread:  ([mutex/lock_event])
[0x0000000002291a50] CompiledIC_lock - owner thread: 0x00000000170e6800

Heap:
 PSYoungGen      total 35840K, used 27030K [0x00000000eab00000, 0x00000000ed300000, 0x0000000100000000)
  eden space 30720K, 72% used [0x00000000eab00000,0x00000000ec0d3cf8,0x00000000ec900000)
  from space 5120K, 91% used [0x00000000ec900000,0x00000000ecd91b58,0x00000000ece00000)
  to   space 5120K, 0% used [0x00000000ece00000,0x00000000ece00000,0x00000000ed300000)
 ParOldGen       total 81920K, used 8K [0x00000000c0000000, 0x00000000c5000000, 0x00000000eab00000)
  object space 81920K, 0% used [0x00000000c0000000,0x00000000c0002000,0x00000000c5000000)
 Metaspace       used 6092K, capacity 6962K, committed 7040K, reserved 1056768K
  class space    used 604K, capacity 618K, committed 640K, reserved 1048576K

Card table byte_map: [0x0000000011750000,0x0000000011960000] byte_map_base: 0x0000000011150000

Marking Bits: (ParMarkBitMap*) 0x00000000740764f0
 Begin Bits: [0x00000000122c0000, 0x00000000132c0000)
 End Bits:   [0x00000000132c0000, 0x00000000142c0000)

Polling page: 0x0000000000540000

CodeCache: size=245760Kb used=5319Kb max_used=5332Kb free=240440Kb
 bounds [0x0000000002390000, 0x00000000028d0000, 0x0000000011390000]
 total_blobs=1616 nmethods=1347 adapters=182
 compilation: enabled

Compilation events (10 events):
Event: 2.428 Thread 0x0000000016dac800 1362       3       com.android.dx.cf.iface.StdAttributeList::findNext (85 bytes)
Event: 2.429 Thread 0x0000000016dac800 nmethod 1362 0x00000000028c68d0 code [0x00000000028c6ac0, 0x00000000028c76c8]
Event: 2.429 Thread 0x0000000016dac800 1359       3       com.android.dx.cf.iface.StdMethodList::get (9 bytes)
Event: 2.429 Thread 0x0000000016dac800 nmethod 1359 0x00000000028c7a90 code [0x00000000028c7c00, 0x00000000028c7f08]
Event: 2.429 Thread 0x0000000016dac800 1360       3       com.android.dx.rop.code.AccessFlags::isPrivate (12 bytes)
Event: 2.430 Thread 0x0000000016d9e000 nmethod 1332 0x00000000028c7fd0 code [0x00000000028c81e0, 0x00000000028c91a0]
Event: 2.430 Thread 0x0000000016dac800 nmethod 1360 0x00000000028c5710 code [0x00000000028c5860, 0x00000000028c59f0]
Event: 2.430 Thread 0x0000000016dac800 1358       1       com.android.dx.dex.file.DexFile::getStringIds (5 bytes)
Event: 2.430 Thread 0x0000000016d9e000 1340       4       com.android.dx.ssa.SsaRenamer$BlockRenamer::process (191 bytes)
Event: 2.430 Thread 0x0000000016dac800 nmethod 1358 0x00000000028903d0 code [0x0000000002890520, 0x0000000002890630]

GC Heap History (2 events):
Event: 1.438 GC heap before
{Heap before GC invocations=1 (full 0):
 PSYoungGen      total 35840K, used 30720K [0x00000000eab00000, 0x00000000ed300000, 0x0000000100000000)
  eden space 30720K, 100% used [0x00000000eab00000,0x00000000ec900000,0x00000000ec900000)
  from space 5120K, 0% used [0x00000000ece00000,0x00000000ece00000,0x00000000ed300000)
  to   space 5120K, 0% used [0x00000000ec900000,0x00000000ec900000,0x00000000ece00000)
 ParOldGen       total 81920K, used 0K [0x00000000c0000000, 0x00000000c5000000, 0x00000000eab00000)
  object space 81920K, 0% used [0x00000000c0000000,0x00000000c0000000,0x00000000c5000000)
 Metaspace       used 5887K, capacity 6768K, committed 7040K, reserved 1056768K
  class space    used 602K, capacity 616K, committed 640K, reserved 1048576K
Event: 1.750 GC heap after
Heap after GC invocations=1 (full 0):
 PSYoungGen      total 35840K, used 4678K [0x00000000eab00000, 0x00000000ed300000, 0x0000000100000000)
  eden space 30720K, 0% used [0x00000000eab00000,0x00000000eab00000,0x00000000ec900000)
  from space 5120K, 91% used [0x00000000ec900000,0x00000000ecd91b58,0x00000000ece00000)
  to   space 5120K, 0% used [0x00000000ece00000,0x00000000ece00000,0x00000000ed300000)
 ParOldGen       total 81920K, used 8K [0x00000000c0000000, 0x00000000c5000000, 0x00000000eab00000)
  object space 81920K, 0% used [0x00000000c0000000,0x00000000c0002000,0x00000000c5000000)
 Metaspace       used 5887K, capacity 6768K, committed 7040K, reserved 1056768K
  class space    used 602K, capacity 616K, committed 640K, reserved 1048576K
}

Deoptimization events (8 events):
Event: 0.826 Thread 0x0000000017b80000 Uncommon trap: reason=unstable_if action=reinterpret pc=0x00000000025c18fc method=java.util.HashMap.getNode(ILjava/lang/Object;)Ljava/util/HashMap$Node; @ 62
Event: 1.948 Thread 0x00000000020ad800 Uncommon trap: reason=class_check action=maybe_recompile pc=0x000000000268443c method=com.android.dx.rop.type.Type.equals(Ljava/lang/Object;)Z @ 8
Event: 1.948 Thread 0x00000000020ad800 Uncommon trap: reason=class_check action=maybe_recompile pc=0x000000000268443c method=com.android.dx.rop.type.Type.equals(Ljava/lang/Object;)Z @ 8
Event: 1.948 Thread 0x00000000020ad800 Uncommon trap: reason=class_check action=maybe_recompile pc=0x000000000268443c method=com.android.dx.rop.type.Type.equals(Ljava/lang/Object;)Z @ 8
Event: 1.948 Thread 0x00000000020ad800 Uncommon trap: reason=unstable_if action=reinterpret pc=0x00000000025bf6f0 method=java.util.BitSet.nextSetBit(I)I @ 87
Event: 1.952 Thread 0x00000000020ad800 Uncommon trap: reason=class_check action=maybe_recompile pc=0x000000000268443c method=com.android.dx.rop.type.Type.equals(Ljava/lang/Object;)Z @ 8
Event: 2.065 Thread 0x00000000020ad800 Uncommon trap: reason=class_check action=maybe_recompile pc=0x00000000026853b4 method=com.android.dx.rop.type.Type.equals(Ljava/lang/Object;)Z @ 8
Event: 2.360 Thread 0x00000000170e6800 Uncommon trap: reason=unstable_if action=reinterpret pc=0x000000000277791c method=com.android.dx.rop.cst.Constant.compareTo(Lcom/android/dx/rop/cst/Constant;)I @ 12

Internal exceptions (2 events):
Event: 0.037 Thread 0x00000000020ad800 Exception <a 'java/lang/NoSuchMethodError': Method sun.misc.Unsafe.defineClass(Ljava/lang/String;[BII)Ljava/lang/Class; name or signature does not match> (0x00000000eab07cc0) thrown at [D:\re\workspace\8-2-build-windows-amd64-cygwin\jdk8u92\6642\hotspot\sr.y	í£?
Event: 0.037 Thread 0x00000000020ad800 Exception <a 'java/lang/NoSuchMethodError': Method sun.misc.Unsafe.prefetchRead(Ljava/lang/Object;J)V name or signature does not match> (0x00000000eab07fa8) thrown at [D:\re\workspace\8-2-build-windows-amd64-cygwin\jdk8u92\6642\hotspot\src\share\vm\prims\j

Events (10 events):
Event: 1.952 Thread 0x00000000020ad800 DEOPT PACKING pc=0x000000000268443c sp=0x000000000228dd70
Event: 1.952 Thread 0x00000000020ad800 DEOPT UNPACKING pc=0x00000000023d582a sp=0x000000000228dca8 mode 2
Event: 2.065 Thread 0x00000000020ad800 Uncommon trap: trap_request=0xffffffde fr.pc=0x00000000026853b4
Event: 2.065 Thread 0x00000000020ad800 DEOPT PACKING pc=0x00000000026853b4 sp=0x000000000228d5c0
Event: 2.065 Thread 0x00000000020ad800 DEOPT UNPACKING pc=0x00000000023d582a sp=0x000000000228d3a0 mode 2
Event: 2.360 Thread 0x00000000170e6800 Uncommon trap: trap_request=0xffffff65 fr.pc=0x000000000277791c
Event: 2.360 Thread 0x00000000170e6800 DEOPT PACKING pc=0x000000000277791c sp=0x000000001846e0e0
Event: 2.360 Thread 0x00000000170e6800 DEOPT UNPACKING pc=0x00000000023d582a sp=0x000000001846e080 mode 2
Event: 2.384 Executing VM operation: ForceSafepoint
Event: 2.427 Executing VM operation: ForceSafepoint done


Dynamic libraries:
0x00007ff74c760000 - 0x00007ff74c797000 	C:\Program Files\Java\jdk1.8.0_92\bin\java.exe
0x00007ffc2cd40000 - 0x00007ffc2cf01000 	C:\WINDOWS\SYSTEM32\ntdll.dll
0x00007ffc2aa80000 - 0x00007ffc2ab2d000 	C:\WINDOWS\system32\KERNEL32.DLL
0x00007ffc294f0000 - 0x00007ffc296d8000 	C:\WINDOWS\system32\KERNELBASE.dll
0x00007ffc2cc90000 - 0x00007ffc2cd37000 	C:\WINDOWS\system32\ADVAPI32.dll
0x00007ffc2a8a0000 - 0x00007ffc2a93d000 	C:\WINDOWS\system32\msvcrt.dll
0x00007ffc2af80000 - 0x00007ffc2afdb000 	C:\WINDOWS\system32\sechost.dll
0x00007ffc2ab30000 - 0x00007ffc2ac4c000 	C:\WINDOWS\system32\RPCRT4.dll
0x00007ffc2b200000 - 0x00007ffc2b356000 	C:\WINDOWS\system32\USER32.dll
0x00007ffc2b530000 - 0x00007ffc2b6b6000 	C:\WINDOWS\system32\GDI32.dll
0x00007ffc16690000 - 0x00007ffc16904000 	C:\WINDOWS\WinSxS\amd64_microsoft.windows.common-controls_6595b64144ccf1df_6.0.10586.0_none_8c15ae12515e1c22\COMCTL32.dll
0x00007ffc2ac50000 - 0x00007ffc2aecd000 	C:\WINDOWS\system32\combase.dll
0x00007ffc296e0000 - 0x00007ffc2974a000 	C:\WINDOWS\system32\bcryptPrimitives.dll
0x00007ffc2af30000 - 0x00007ffc2af6b000 	C:\WINDOWS\system32\IMM32.DLL
0x0000000073140000 - 0x0000000073212000 	C:\Program Files\Java\jdk1.8.0_92\jre\bin\msvcr100.dll
0x0000000073860000 - 0x00000000740f6000 	C:\Program Files\Java\jdk1.8.0_92\jre\bin\server\jvm.dll
0x00007ffc2af70000 - 0x00007ffc2af78000 	C:\WINDOWS\system32\PSAPI.DLL
0x00007ffc1e470000 - 0x00007ffc1e479000 	C:\WINDOWS\SYSTEM32\WSOCK32.dll
0x00007ffc2aa10000 - 0x00007ffc2aa7b000 	C:\WINDOWS\system32\WS2_32.dll
0x00007ffc27980000 - 0x00007ffc279a3000 	C:\WINDOWS\SYSTEM32\WINMM.dll
0x00007ffc1e4b0000 - 0x00007ffc1e4ba000 	C:\WINDOWS\SYSTEM32\VERSION.dll
0x00007ffc27640000 - 0x00007ffc2766c000 	C:\WINDOWS\SYSTEM32\WINMMBASE.dll
0x00007ffc293f0000 - 0x00007ffc29433000 	C:\WINDOWS\system32\cfgmgr32.dll
0x0000000073850000 - 0x000000007385f000 	C:\Program Files\Java\jdk1.8.0_92\jre\bin\verify.dll
0x0000000073820000 - 0x0000000073849000 	C:\Program Files\Java\jdk1.8.0_92\jre\bin\java.dll
0x0000000073800000 - 0x0000000073816000 	C:\Program Files\Java\jdk1.8.0_92\jre\bin\zip.dll
0x00007ffc2b6c0000 - 0x00007ffc2cc1c000 	C:\WINDOWS\system32\SHELL32.dll
0x00007ffc29810000 - 0x00007ffc29e54000 	C:\WINDOWS\system32\windows.storage.dll
0x00007ffc2a300000 - 0x00007ffc2a352000 	C:\WINDOWS\system32\shlwapi.dll
0x00007ffc29380000 - 0x00007ffc2938f000 	C:\WINDOWS\system32\kernel.appcore.dll
0x00007ffc29750000 - 0x00007ffc29805000 	C:\WINDOWS\system32\shcore.dll
0x00007ffc29390000 - 0x00007ffc293db000 	C:\WINDOWS\system32\powrprof.dll
0x00007ffc29360000 - 0x00007ffc29374000 	C:\WINDOWS\system32\profapi.dll

VM Arguments:
jvm_args: -Djava.awt.headless=true -Xmx1024M -Dfile.encoding=windows-1252 -Duser.country=419 -Duser.language=es -Duser.variant 
java_command: com.android.dx.command.Main --dex --force-jumbo --num-threads=4 --multi-dex --output C:\Facu\TipCal\app\build\intermediates\transforms\dex\debug\folders\1000\10\com.android.support-support-v4-23.1.1_d3c1463bce4e7c4850af167ff9d7ea18ddcbaf0f C:\Facu\TipCal\app\build\intermediates\exploded-aar\com.android.support\support-v4\23.1.1\jars\classes.jar
java_class_path (initial): C:\Users\Admin\AppData\Local\Android\android-sdk\build-tools\23.0.3\lib\dx.jar
Launcher Type: SUN_STANDARD

Environment Variables:
PATH=C:\ProgramData\Oracle\Java\javapath;C:\Program Files (x86)\Common Files\Intel\Shared Files\cpp\bin\Intel64;C:\WINDOWS\system32;C:\WINDOWS;C:\WINDOWS\System32\Wbem;C:\WINDOWS\System32\WindowsPowerShell\v1.0\;C:\Program Files (x86)\Microsoft SQL Server\110\Tools\Binn\;C:\Program Files\Microsoft SQL Server\110\Tools\Binn\;C:\Program Files\Microsoft SQL Server\110\DTS\Binn\;C:\Program Files (x86)\Microsoft SQL Server\110\Tools\Binn\ManagementStudio\;C:\Program Files (x86)\Microsoft Visual Studio 10.0\Common7\IDE\PrivateAssemblies\;C:\Program Files (x86)\Microsoft SQL Server\110\DTS\Binn\;C:\Program Files (x86)\Microsoft SQL Server\100\Tools\Binn\;C:\Program Files\Microsoft SQL Server\100\Tools\Binn\;C:\Program Files\Microsoft SQL Server\100\DTS\Binn\;C:\Program Files (x86)\Microsoft SQL Server\100\Tools\Binn\VSShell\Common7\IDE\;C:\Program Files (x86)\Microsoft SQL Server\100\DTS\Binn\;C:\WINDOWS\system32\config\systemprofile\.dnx\bin;C:\Program Files\Microsoft DNX\Dnvm\;C:\Program Files\Microsoft\Web Platform Installer\;C:\Program Files (x86)\Skype\Phone\
USERNAME=MaxiE
OS=Windows_NT
PROCESSOR_IDENTIFIER=Intel64 Family 6 Model 58 Stepping 9, GenuineIntel



---------------  S Y S T E M  ---------------

OS: Windows 10.0 , 64 bit Build 10586 (10.0.10586.0)

CPU:total 8 (4 cores per cpu, 2 threads per core) family 6 model 58 stepping 9, cmov, cx8, fxsr, mmx, sse, sse2, sse3, ssse3, sse4.1, sse4.2, popcnt, avx, aes, clmul, erms, ht, tsc, tscinvbit, tscinv

Memory: 4k page, physical 7826712k(1360076k free), swap 7826712k(5512k free)

vm_info: Java HotSpot(TM) 64-Bit Server VM (25.92-b14) for windows-amd64 JRE (1.8.0_92-b14), built on Mar 31 2016 21:03:04 by "java_re" with MS VC++ 10.0 (VS2010)

time: Wed Jun 01 21:42:44 2016
elapsed time: 2 seconds (0d 0h 0m 2s)

