#
# There is insufficient memory for the Java Runtime Environment to continue.
# Native memory allocation (malloc) failed to allocate 32784 bytes for Chunk::new
# Possible reasons:
#   The system is out of physical RAM or swap space
#   In 32 bit mode, the process size limit was hit
# Possible solutions:
#   Reduce memory load on the system
#   Increase physical memory or swap space
#   Check if swap backing store is full
#   Use 64 bit Java on a 64 bit OS
#   Decrease Java heap size (-Xmx/-Xms)
#   Decrease number of Java threads
#   Decrease Java thread stack sizes (-Xss)
#   Set larger code cache with -XX:ReservedCodeCacheSize=
# This output file may be truncated or incomplete.
#
#  Out of Memory Error (allocation.cpp:390), pid=6744, tid=0x00000000000022e0
#
# JRE version: Java(TM) SE Runtime Environment (8.0_92-b14) (build 1.8.0_92-b14)
# Java VM: Java HotSpot(TM) 64-Bit Server VM (25.92-b14 mixed mode windows-amd64 compressed oops)
# Failed to write core dump. Minidumps are not enabled by default on client versions of Windows
#

---------------  T H R E A D  ---------------

Current thread (0x0000000016ddf800):  JavaThread "C2 CompilerThread2" daemon [_thread_in_native, id=8928, stack(0x00000000177b0000,0x00000000178b0000)]

Stack: [0x00000000177b0000,0x00000000178b0000]
[error occurred during error reporting (printing stack bounds), id 0xc0000005]

Native frames: (J=compiled Java code, j=interpreted, Vv=VM code, C=native code)


Current CompileTask:
C2:    811 1056   !   4       com.android.dx.rop.code.RegisterSpec::intern (70 bytes)


---------------  P R O C E S S  ---------------

Java Threads: ( => current thread )
  0x0000000017c09000 JavaThread "pool-2-thread-4" [_thread_in_Java, id=9980, stack(0x00000000187b0000,0x00000000188b0000)]
  0x0000000017c07800 JavaThread "pool-2-thread-3" [_thread_in_Java, id=6308, stack(0x00000000186b0000,0x00000000187b0000)]
  0x0000000017c05000 JavaThread "pool-2-thread-2" [_thread_in_Java, id=1612, stack(0x00000000185b0000,0x00000000186b0000)]
  0x0000000017bde800 JavaThread "pool-3-thread-1" [_thread_blocked, id=3284, stack(0x00000000184b0000,0x00000000185b0000)]
  0x0000000017c39000 JavaThread "pool-2-thread-1" [_thread_in_Java, id=10820, stack(0x00000000183b0000,0x00000000184b0000)]
  0x0000000016e29000 JavaThread "Service Thread" daemon [_thread_blocked, id=1168, stack(0x00000000179b0000,0x0000000017ab0000)]
  0x0000000016de8000 JavaThread "C1 CompilerThread3" daemon [_thread_blocked, id=1608, stack(0x00000000178b0000,0x00000000179b0000)]
=>0x0000000016ddf800 JavaThread "C2 CompilerThread2" daemon [_thread_in_native, id=8928, stack(0x00000000177b0000,0x00000000178b0000)]
  0x0000000016dde800 JavaThread "C2 CompilerThread1" daemon [_thread_in_native, id=9196, stack(0x00000000176b0000,0x00000000177b0000)]
  0x0000000016dda800 JavaThread "C2 CompilerThread0" daemon [_thread_blocked, id=10192, stack(0x00000000175b0000,0x00000000176b0000)]
  0x0000000016dd8000 JavaThread "Attach Listener" daemon [_thread_blocked, id=9344, stack(0x00000000174b0000,0x00000000175b0000)]
  0x0000000016dd7000 JavaThread "Signal Dispatcher" daemon [_thread_blocked, id=9804, stack(0x00000000173b0000,0x00000000174b0000)]
  0x0000000014ed3000 JavaThread "Finalizer" daemon [_thread_blocked, id=4852, stack(0x00000000171b0000,0x00000000172b0000)]
  0x00000000023a7000 JavaThread "Reference Handler" daemon [_thread_blocked, id=6900, stack(0x0000000016cb0000,0x0000000016db0000)]
  0x00000000021ad800 JavaThread "main" [_thread_in_Java, id=6132, stack(0x00000000021b0000,0x00000000022b0000)]

Other Threads:
  0x0000000014ec8800 VMThread [stack: 0x0000000016bb0000,0x0000000016cb0000] [id=3540]
  0x0000000016e2b800 WatcherThread [stack: 0x0000000017ab0000,0x0000000017bb0000] [id=4244]

VM state:not at safepoint (normal execution)

VM Mutex/Monitor currently owned by a thread: None

Heap:
 PSYoungGen      total 35840K, used 18788K [0x00000000eab00000, 0x00000000ed300000, 0x0000000100000000)
  eden space 30720K, 45% used [0x00000000eab00000,0x00000000eb8a7770,0x00000000ec900000)
  from space 5120K, 93% used [0x00000000ec900000,0x00000000ecdb19f0,0x00000000ece00000)
  to   space 5120K, 0% used [0x00000000ece00000,0x00000000ece00000,0x00000000ed300000)
 ParOldGen       total 81920K, used 8K [0x00000000c0000000, 0x00000000c5000000, 0x00000000eab00000)
  object space 81920K, 0% used [0x00000000c0000000,0x00000000c0002000,0x00000000c5000000)
 Metaspace       used 6000K, capacity 6898K, committed 7040K, reserved 1056768K
  class space    used 603K, capacity 618K, committed 640K, reserved 1048576K

Card table byte_map: [0x0000000011770000,0x0000000011980000] byte_map_base: 0x0000000011170000

Marking Bits: (ParMarkBitMap*) 0x00000000740764f0
 Begin Bits: [0x00000000122e0000, 0x00000000132e0000)
 End Bits:   [0x00000000132e0000, 0x00000000142e0000)

Polling page: 0x0000000000560000

CodeCache: size=245760Kb used=4007Kb max_used=4011Kb free=241752Kb
 bounds [0x00000000023b0000, 0x00000000027a0000, 0x00000000113b0000]
 total_blobs=1324 nmethods=1053 adapters=182
 compilation: disabled (not enough contiguous free space left)

Compilation events (10 events):
Event: 0.780 Thread 0x0000000016dda800 nmethod 1059 0x000000000276e850 code [0x000000000276e980, 0x000000000276e9f8]
Event: 0.780 Thread 0x0000000016dda800 1060       4       com.android.dx.ssa.SsaInsn::mapRegisters (35 bytes)
Event: 0.782 Thread 0x0000000016dda800 nmethod 1060 0x00000000027718d0 code [0x0000000002771a40, 0x0000000002771c08]
Event: 0.782 Thread 0x0000000016dda800 1057       4       java.util.ArrayList::grow (45 bytes)
Event: 0.785 Thread 0x0000000016dda800 nmethod 1057 0x000000000276e350 code [0x000000000276e4a0, 0x000000000276e6f8]
Event: 0.785 Thread 0x0000000016dda800 1062       4       java.lang.Object::equals (11 bytes)
Event: 0.785 Thread 0x0000000016dda800 nmethod 1062 0x00000000027716d0 code [0x0000000002771800, 0x0000000002771878]
Event: 0.785 Thread 0x0000000016dda800 1066       4       com.android.dx.util.IntList::indexOf (16 bytes)
Event: 0.786 Thread 0x0000000016de8000 nmethod 1051 0x0000000002778350 code [0x0000000002778ee0, 0x0000000002782af8]
Event: 0.786 Thread 0x0000000016de8000 1063   !   3       com.android.dx.cf.code.Simulator::simulate (74 bytes)

GC Heap History (2 events):
Event: 0.625 GC heap before
{Heap before GC invocations=1 (full 0):
 PSYoungGen      total 35840K, used 30720K [0x00000000eab00000, 0x00000000ed300000, 0x0000000100000000)
  eden space 30720K, 100% used [0x00000000eab00000,0x00000000ec900000,0x00000000ec900000)
  from space 5120K, 0% used [0x00000000ece00000,0x00000000ece00000,0x00000000ed300000)
  to   space 5120K, 0% used [0x00000000ec900000,0x00000000ec900000,0x00000000ece00000)
 ParOldGen       total 81920K, used 0K [0x00000000c0000000, 0x00000000c5000000, 0x00000000eab00000)
  object space 81920K, 0% used [0x00000000c0000000,0x00000000c0000000,0x00000000c5000000)
 Metaspace       used 5833K, capacity 6768K, committed 7040K, reserved 1056768K
  class space    used 601K, capacity 616K, committed 640K, reserved 1048576K
Event: 0.652 GC heap after
Heap after GC invocations=1 (full 0):
 PSYoungGen      total 35840K, used 4806K [0x00000000eab00000, 0x00000000ed300000, 0x0000000100000000)
  eden space 30720K, 0% used [0x00000000eab00000,0x00000000eab00000,0x00000000ec900000)
  from space 5120K, 93% used [0x00000000ec900000,0x00000000ecdb19f0,0x00000000ece00000)
  to   space 5120K, 0% used [0x00000000ece00000,0x00000000ece00000,0x00000000ed300000)
 ParOldGen       total 81920K, used 8K [0x00000000c0000000, 0x00000000c5000000, 0x00000000eab00000)
  object space 81920K, 0% used [0x00000000c0000000,0x00000000c0002000,0x00000000c5000000)
 Metaspace       used 5833K, capacity 6768K, committed 7040K, reserved 1056768K
  class space    used 601K, capacity 616K, committed 640K, reserved 1048576K
}

Deoptimization events (7 events):
Event: 0.492 Thread 0x0000000017c09000 Uncommon trap: reason=unstable_if action=reinterpret pc=0x00000000025c217c method=java.util.HashMap.getNode(ILjava/lang/Object;)Ljava/util/HashMap$Node; @ 62
Event: 0.606 Thread 0x00000000021ad800 Uncommon trap: reason=class_check action=maybe_recompile pc=0x000000000264f8e0 method=com.android.dx.rop.type.Type.equals(Ljava/lang/Object;)Z @ 8
Event: 0.609 Thread 0x00000000021ad800 Uncommon trap: reason=null_check action=make_not_entrant pc=0x000000000264f8f0 method=com.android.dx.rop.type.Type.equals(Ljava/lang/Object;)Z @ 8
Event: 0.652 Thread 0x00000000021ad800 Uncommon trap: reason=unstable_if action=reinterpret pc=0x00000000025d28f0 method=java.util.BitSet.nextSetBit(I)I @ 87
Event: 0.658 Thread 0x0000000017c39000 Uncommon trap: reason=unstable_if action=reinterpret pc=0x00000000026a07c8 method=com.android.dx.rop.code.LocalItem.hashCode()I @ 25
Event: 0.658 Thread 0x0000000017c39000 Uncommon trap: reason=unstable_if action=reinterpret pc=0x0000000002690c90 method=com.android.dx.rop.code.LocalItem.hashCode()I @ 25
Event: 0.767 Thread 0x0000000017c09000 Uncommon trap: reason=unstable_if action=reinterpret pc=0x00000000026e6eb8 method=com.android.dx.cf.code.Ropper.labelToResultIndex(I)I @ 34

Internal exceptions (3 events):
Event: 0.039 Thread 0x00000000021ad800 Exception <a 'java/lang/NoSuchMethodError': Method sun.misc.Unsafe.defineClass(Ljava/lang/String;[BII)Ljava/lang/Class; name or signature does not match> (0x00000000eab07cc0) thrown at [D:\re\workspace\8-2-build-windows-amd64-cygwin\jdk8u92\6642\hotspot\sr³
Event: 0.039 Thread 0x00000000021ad800 Exception <a 'java/lang/NoSuchMethodError': Method sun.misc.Unsafe.prefetchRead(Ljava/lang/Object;J)V name or signature does not match> (0x00000000eab07fa8) thrown at [D:\re\workspace\8-2-build-windows-amd64-cygwin\jdk8u92\6642\hotspot\src\share\vm\prims\j4¸“N}ã?
Event: 0.609 Thread 0x00000000021ad800 Implicit null exception at 0x000000000264f7e2 to 0x000000000264f8e1

Events (10 events):
Event: 0.658 Thread 0x0000000017c39000 DEOPT UNPACKING pc=0x00000000023f582a sp=0x00000000184aec50 mode 2
Event: 0.764 loading class com/android/dx/cf/code/Ropper$ExceptionHandlerSetup
Event: 0.764 loading class com/android/dx/cf/code/Ropper$ExceptionHandlerSetup done
Event: 0.767 loading class java/util/HashMap$Values
Event: 0.767 loading class java/util/HashMap$Values done
Event: 0.767 loading class java/util/HashMap$ValueIterator
Event: 0.767 loading class java/util/HashMap$ValueIterator done
Event: 0.767 Thread 0x0000000017c09000 Uncommon trap: trap_request=0xffffff65 fr.pc=0x00000000026e6eb8
Event: 0.768 Thread 0x0000000017c09000 DEOPT PACKING pc=0x00000000026e6eb8 sp=0x00000000188ae5c0
Event: 0.768 Thread 0x0000000017c09000 DEOPT UNPACKING pc=0x00000000023f582a sp=0x00000000188ae568 mode 2


Dynamic libraries:
0x00007ff74c760000 - 0x00007ff74c797000 	C:\Program Files\Java\jdk1.8.0_92\bin\java.exe
0x00007ffc2cd40000 - 0x00007ffc2cf01000 	C:\WINDOWS\SYSTEM32\ntdll.dll
0x00007ffc2aa80000 - 0x00007ffc2ab2d000 	C:\WINDOWS\system32\KERNEL32.DLL
0x00007ffc294f0000 - 0x00007ffc296d8000 	C:\WINDOWS\system32\KERNELBASE.dll
0x00007ffc2cc90000 - 0x00007ffc2cd37000 	C:\WINDOWS\system32\ADVAPI32.dll
0x00007ffc2a8a0000 - 0x00007ffc2a93d000 	C:\WINDOWS\system32\msvcrt.dll
0x00007ffc2af80000 - 0x00007ffc2afdb000 	C:\WINDOWS\system32\sechost.dll
0x00007ffc2ab30000 - 0x00007ffc2ac4c000 	C:\WINDOWS\system32\RPCRT4.dll
0x00007ffc2b200000 - 0x00007ffc2b356000 	C:\WINDOWS\system32\USER32.dll
0x00007ffc2b530000 - 0x00007ffc2b6b6000 	C:\WINDOWS\system32\GDI32.dll
0x00007ffc16690000 - 0x00007ffc16904000 	C:\WINDOWS\WinSxS\amd64_microsoft.windows.common-controls_6595b64144ccf1df_6.0.10586.0_none_8c15ae12515e1c22\COMCTL32.dll
0x00007ffc2ac50000 - 0x00007ffc2aecd000 	C:\WINDOWS\system32\combase.dll
0x00007ffc296e0000 - 0x00007ffc2974a000 	C:\WINDOWS\system32\bcryptPrimitives.dll
0x00007ffc2af30000 - 0x00007ffc2af6b000 	C:\WINDOWS\system32\IMM32.DLL
0x0000000073140000 - 0x0000000073212000 	C:\Program Files\Java\jdk1.8.0_92\jre\bin\msvcr100.dll
0x0000000073860000 - 0x00000000740f6000 	C:\Program Files\Java\jdk1.8.0_92\jre\bin\server\jvm.dll
0x00007ffc2af70000 - 0x00007ffc2af78000 	C:\WINDOWS\system32\PSAPI.DLL
0x00007ffc1e470000 - 0x00007ffc1e479000 	C:\WINDOWS\SYSTEM32\WSOCK32.dll
0x00007ffc2aa10000 - 0x00007ffc2aa7b000 	C:\WINDOWS\system32\WS2_32.dll
0x00007ffc27980000 - 0x00007ffc279a3000 	C:\WINDOWS\SYSTEM32\WINMM.dll
0x00007ffc1e4b0000 - 0x00007ffc1e4ba000 	C:\WINDOWS\SYSTEM32\VERSION.dll
0x0000000000530000 - 0x000000000055c000 	C:\WINDOWS\SYSTEM32\WINMMBASE.dll
0x00007ffc293f0000 - 0x00007ffc29433000 	C:\WINDOWS\system32\cfgmgr32.dll
0x0000000073850000 - 0x000000007385f000 	C:\Program Files\Java\jdk1.8.0_92\jre\bin\verify.dll
0x0000000073820000 - 0x0000000073849000 	C:\Program Files\Java\jdk1.8.0_92\jre\bin\java.dll
0x0000000073800000 - 0x0000000073816000 	C:\Program Files\Java\jdk1.8.0_92\jre\bin\zip.dll
0x00007ffc2b6c0000 - 0x00007ffc2cc1c000 	C:\WINDOWS\system32\SHELL32.dll
0x00007ffc29810000 - 0x00007ffc29e54000 	C:\WINDOWS\system32\windows.storage.dll
0x00007ffc2a300000 - 0x00007ffc2a352000 	C:\WINDOWS\system32\shlwapi.dll
0x00007ffc29380000 - 0x00007ffc2938f000 	C:\WINDOWS\system32\kernel.appcore.dll
0x00007ffc29750000 - 0x00007ffc29805000 	C:\WINDOWS\system32\shcore.dll
0x00007ffc29390000 - 0x00007ffc293db000 	C:\WINDOWS\system32\powrprof.dll
0x00007ffc29360000 - 0x00007ffc29374000 	C:\WINDOWS\system32\profapi.dll

VM Arguments:
jvm_args: -Djava.awt.headless=true -Xmx1024M -Dfile.encoding=windows-1252 -Duser.country=419 -Duser.language=es -Duser.variant 
java_command: com.android.dx.command.Main --dex --force-jumbo --num-threads=4 --multi-dex --output C:\Facu\TipCal\app\build\intermediates\transforms\dex\debug\folders\1000\10\com.android.support-support-v4-23.1.1_d3c1463bce4e7c4850af167ff9d7ea18ddcbaf0f C:\Facu\TipCal\app\build\intermediates\exploded-aar\com.android.support\support-v4\23.1.1\jars\classes.jar
java_class_path (initial): C:\Users\Admin\AppData\Local\Android\android-sdk\build-tools\23.0.3\lib\dx.jar
Launcher Type: SUN_STANDARD

Environment Variables:
PATH=C:\ProgramData\Oracle\Java\javapath;C:\Program Files (x86)\Common Files\Intel\Shared Files\cpp\bin\Intel64;C:\WINDOWS\system32;C:\WINDOWS;C:\WINDOWS\System32\Wbem;C:\WINDOWS\System32\WindowsPowerShell\v1.0\;C:\Program Files (x86)\Microsoft SQL Server\110\Tools\Binn\;C:\Program Files\Microsoft SQL Server\110\Tools\Binn\;C:\Program Files\Microsoft SQL Server\110\DTS\Binn\;C:\Program Files (x86)\Microsoft SQL Server\110\Tools\Binn\ManagementStudio\;C:\Program Files (x86)\Microsoft Visual Studio 10.0\Common7\IDE\PrivateAssemblies\;C:\Program Files (x86)\Microsoft SQL Server\110\DTS\Binn\;C:\Program Files (x86)\Microsoft SQL Server\100\Tools\Binn\;C:\Program Files\Microsoft SQL Server\100\Tools\Binn\;C:\Program Files\Microsoft SQL Server\100\DTS\Binn\;C:\Program Files (x86)\Microsoft SQL Server\100\Tools\Binn\VSShell\Common7\IDE\;C:\Program Files (x86)\Microsoft SQL Server\100\DTS\Binn\;C:\WINDOWS\system32\config\systemprofile\.dnx\bin;C:\Program Files\Microsoft DNX\Dnvm\;C:\Program Files\Microsoft\Web Platform Installer\;C:\Program Files (x86)\Skype\Phone\
USERNAME=MaxiE
OS=Windows_NT
PROCESSOR_IDENTIFIER=Intel64 Family 6 Model 58 Stepping 9, GenuineIntel



---------------  S Y S T E M  ---------------

OS: Windows 10.0 , 64 bit Build 10586 (10.0.10586.0)

CPU:total 8 (4 cores per cpu, 2 threads per core) family 6 model 58 stepping 9, cmov, cx8, fxsr, mmx, sse, sse2, sse3, ssse3, sse4.1, sse4.2, popcnt, avx, aes, clmul, erms, ht, tsc, tscinvbit, tscinv

Memory: 4k page, physical 7826712k(1366848k free), swap 7826712k(5128k free)

vm_info: Java HotSpot(TM) 64-Bit Server VM (25.92-b14) for windows-amd64 JRE (1.8.0_92-b14), built on Mar 31 2016 21:03:04 by "java_re" with MS VC++ 10.0 (VS2010)

time: Wed Jun 01 21:47:26 2016
elapsed time: 0 seconds (0d 0h 0m 0s)

