#
# There is insufficient memory for the Java Runtime Environment to continue.
# Native memory allocation (malloc) failed to allocate 1304592 bytes for Chunk::new
# Possible reasons:
#   The system is out of physical RAM or swap space
#   In 32 bit mode, the process size limit was hit
# Possible solutions:
#   Reduce memory load on the system
#   Increase physical memory or swap space
#   Check if swap backing store is full
#   Use 64 bit Java on a 64 bit OS
#   Decrease Java heap size (-Xmx/-Xms)
#   Decrease number of Java threads
#   Decrease Java thread stack sizes (-Xss)
#   Set larger code cache with -XX:ReservedCodeCacheSize=
# This output file may be truncated or incomplete.
#
#  Out of Memory Error (allocation.cpp:390), pid=5964, tid=0x0000000000000a9c
#
# JRE version: Java(TM) SE Runtime Environment (8.0_92-b14) (build 1.8.0_92-b14)
# Java VM: Java HotSpot(TM) 64-Bit Server VM (25.92-b14 mixed mode windows-amd64 compressed oops)
# Failed to write core dump. Minidumps are not enabled by default on client versions of Windows
#

---------------  T H R E A D  ---------------

Current thread (0x0000000016dbf000):  JavaThread "C2 CompilerThread2" daemon [_thread_in_native, id=2716, stack(0x0000000017740000,0x0000000017840000)]

Stack: [0x0000000017740000,0x0000000017840000]
[error occurred during error reporting (printing stack bounds), id 0xc0000005]

Native frames: (J=compiled Java code, j=interpreted, Vv=VM code, C=native code)


Current CompileTask:
C2:   3195 1529   !   4       com.android.dx.cf.code.RopperMachine::run (1550 bytes)


---------------  P R O C E S S  ---------------

Java Threads: ( => current thread )
  0x00000000170f3000 JavaThread "pool-2-thread-4" [_thread_in_Java, id=11092, stack(0x0000000017f40000,0x0000000018040000)]
  0x00000000170e2000 JavaThread "pool-2-thread-3" [_thread_in_Java, id=3380, stack(0x0000000017e40000,0x0000000017f40000)]
  0x00000000170d8000 JavaThread "pool-2-thread-2" [_thread_in_Java, id=1748, stack(0x0000000017d40000,0x0000000017e40000)]
  0x0000000017077800 JavaThread "pool-3-thread-1" [_thread_blocked, id=1132, stack(0x0000000017c40000,0x0000000017d40000)]
  0x00000000170af800 JavaThread "pool-2-thread-1" [_thread_blocked, id=2768, stack(0x0000000017b40000,0x0000000017c40000)]
  0x0000000016dd6000 JavaThread "Service Thread" daemon [_thread_blocked, id=10200, stack(0x0000000017940000,0x0000000017a40000)]
  0x0000000016dc2000 JavaThread "C1 CompilerThread3" daemon [_thread_blocked, id=11052, stack(0x0000000017840000,0x0000000017940000)]
=>0x0000000016dbf000 JavaThread "C2 CompilerThread2" daemon [_thread_in_native, id=2716, stack(0x0000000017740000,0x0000000017840000)]
  0x0000000016dbe800 JavaThread "C2 CompilerThread1" daemon [_thread_in_native, id=7624, stack(0x0000000017640000,0x0000000017740000)]
  0x0000000016d69000 JavaThread "C2 CompilerThread0" daemon [_thread_in_native, id=9080, stack(0x0000000017540000,0x0000000017640000)]
  0x0000000016d67000 JavaThread "Attach Listener" daemon [_thread_blocked, id=11196, stack(0x0000000017440000,0x0000000017540000)]
  0x0000000016d66000 JavaThread "Signal Dispatcher" daemon [_thread_blocked, id=10728, stack(0x0000000017340000,0x0000000017440000)]
  0x0000000002349000 JavaThread "Finalizer" daemon [_thread_blocked, id=5096, stack(0x0000000017140000,0x0000000017240000)]
  0x0000000014e6d800 JavaThread "Reference Handler" daemon [_thread_blocked, id=2108, stack(0x0000000016c40000,0x0000000016d40000)]
  0x000000000212d800 JavaThread "main" [_thread_in_Java, id=10664, stack(0x0000000002150000,0x0000000002250000)]

Other Threads:
  0x0000000014e69000 VMThread [stack: 0x0000000016b40000,0x0000000016c40000] [id=2000]
  0x0000000016e0d000 WatcherThread [stack: 0x0000000017a40000,0x0000000017b40000] [id=8000]

VM state:not at safepoint (normal execution)

VM Mutex/Monitor currently owned by a thread: None

Heap:
 PSYoungGen      total 66560K, used 32942K [0x00000000eab00000, 0x00000000ef100000, 0x0000000100000000)
  eden space 61440K, 45% used [0x00000000eab00000,0x00000000ec630178,0x00000000ee700000)
  from space 5120K, 99% used [0x00000000eec00000,0x00000000ef0fb8b0,0x00000000ef100000)
  to   space 5120K, 0% used [0x00000000ee700000,0x00000000ee700000,0x00000000eec00000)
 ParOldGen       total 81920K, used 4942K [0x00000000c0000000, 0x00000000c5000000, 0x00000000eab00000)
  object space 81920K, 6% used [0x00000000c0000000,0x00000000c04d3aa0,0x00000000c5000000)
 Metaspace       used 6298K, capacity 7128K, committed 7424K, reserved 1056768K
  class space    used 626K, capacity 656K, committed 768K, reserved 1048576K

Card table byte_map: [0x0000000011710000,0x0000000011920000] byte_map_base: 0x0000000011110000

Marking Bits: (ParMarkBitMap*) 0x00000000740764f0
 Begin Bits: [0x0000000012280000, 0x0000000013280000)
 End Bits:   [0x0000000013280000, 0x0000000014280000)

Polling page: 0x0000000000440000

CodeCache: size=245760Kb used=7007Kb max_used=7007Kb free=238752Kb
 bounds [0x0000000002350000, 0x0000000002a30000, 0x0000000011350000]
 total_blobs=1903 nmethods=1634 adapters=182
 compilation: enabled

Compilation events (10 events):
Event: 3.115 Thread 0x0000000016dc2000 nmethod 1624 0x0000000002a0e110 code [0x0000000002a0e2a0, 0x0000000002a0e790]
Event: 3.116 Thread 0x0000000016dc2000 1625       3       com.android.dx.cf.code.Simulator$SimVisitor::checkReturnType (64 bytes)
Event: 3.117 Thread 0x0000000016dc2000 nmethod 1625 0x0000000002a0e9d0 code [0x0000000002a0ec20, 0x0000000002a0f9a8]
Event: 3.117 Thread 0x0000000016dc2000 1626       3       com.android.dx.rop.cst.CstBaseMethodRef::getParameterWordCount (12 bytes)
Event: 3.118 Thread 0x0000000016dc2000 nmethod 1626 0x0000000002a0ffd0 code [0x0000000002a10180, 0x0000000002a109e8]
Event: 3.118 Thread 0x0000000016dc2000 1627       3       java.util.Arrays$LegacyMergeSort::access$000 (4 bytes)
Event: 3.118 Thread 0x0000000016dc2000 nmethod 1627 0x0000000002a10d10 code [0x0000000002a10e60, 0x0000000002a10f90]
Event: 3.120 Thread 0x0000000016dc2000 1628       3       java.util.HashMap$EntrySet::iterator (12 bytes)
Event: 3.121 Thread 0x0000000016dc2000 nmethod 1628 0x0000000002a11010 code [0x0000000002a11180, 0x0000000002a113e8]
Event: 3.121 Thread 0x0000000016dc2000 1629       3       java.util.ArrayList::sort (48 bytes)

GC Heap History (4 events):
Event: 1.491 GC heap before
{Heap before GC invocations=1 (full 0):
 PSYoungGen      total 35840K, used 30720K [0x00000000eab00000, 0x00000000ed300000, 0x0000000100000000)
  eden space 30720K, 100% used [0x00000000eab00000,0x00000000ec900000,0x00000000ec900000)
  from space 5120K, 0% used [0x00000000ece00000,0x00000000ece00000,0x00000000ed300000)
  to   space 5120K, 0% used [0x00000000ec900000,0x00000000ec900000,0x00000000ece00000)
 ParOldGen       total 81920K, used 0K [0x00000000c0000000, 0x00000000c5000000, 0x00000000eab00000)
  object space 81920K, 0% used [0x00000000c0000000,0x00000000c0000000,0x00000000c5000000)
 Metaspace       used 5927K, capacity 6834K, committed 7040K, reserved 1056768K
  class space    used 600K, capacity 618K, committed 640K, reserved 1048576K
Event: 1.582 GC heap after
Heap after GC invocations=1 (full 0):
 PSYoungGen      total 35840K, used 5108K [0x00000000eab00000, 0x00000000ef100000, 0x0000000100000000)
  eden space 30720K, 0% used [0x00000000eab00000,0x00000000eab00000,0x00000000ec900000)
  from space 5120K, 99% used [0x00000000ec900000,0x00000000ecdfd2a8,0x00000000ece00000)
  to   space 5120K, 0% used [0x00000000eec00000,0x00000000eec00000,0x00000000ef100000)
 ParOldGen       total 81920K, used 1351K [0x00000000c0000000, 0x00000000c5000000, 0x00000000eab00000)
  object space 81920K, 1% used [0x00000000c0000000,0x00000000c0151ea8,0x00000000c5000000)
 Metaspace       used 5927K, capacity 6834K, committed 7040K, reserved 1056768K
  class space    used 600K, capacity 618K, committed 640K, reserved 1048576K
}
Event: 2.169 GC heap before
{Heap before GC invocations=2 (full 0):
 PSYoungGen      total 35840K, used 35828K [0x00000000eab00000, 0x00000000ef100000, 0x0000000100000000)
  eden space 30720K, 100% used [0x00000000eab00000,0x00000000ec900000,0x00000000ec900000)
  from space 5120K, 99% used [0x00000000ec900000,0x00000000ecdfd2a8,0x00000000ece00000)
  to   space 5120K, 0% used [0x00000000eec00000,0x00000000eec00000,0x00000000ef100000)
 ParOldGen       total 81920K, used 1351K [0x00000000c0000000, 0x00000000c5000000, 0x00000000eab00000)
  object space 81920K, 1% used [0x00000000c0000000,0x00000000c0151ea8,0x00000000c5000000)
 Metaspace       used 6111K, capacity 7026K, committed 7296K, reserved 1056768K
  class space    used 600K, capacity 618K, committed 640K, reserved 1048576K
Event: 2.252 GC heap after
Heap after GC invocations=2 (full 0):
 PSYoungGen      total 66560K, used 5102K [0x00000000eab00000, 0x00000000ef100000, 0x0000000100000000)
  eden space 61440K, 0% used [0x00000000eab00000,0x00000000eab00000,0x00000000ee700000)
  from space 5120K, 99% used [0x00000000eec00000,0x00000000ef0fb8b0,0x00000000ef100000)
  to   space 5120K, 0% used [0x00000000ee700000,0x00000000ee700000,0x00000000eec00000)
 ParOldGen       total 81920K, used 4942K [0x00000000c0000000, 0x00000000c5000000, 0x00000000eab00000)
  object space 81920K, 6% used [0x00000000c0000000,0x00000000c04d3aa0,0x00000000c5000000)
 Metaspace       used 6111K, capacity 7026K, committed 7296K, reserved 1056768K
  class space    used 600K, capacity 618K, committed 640K, reserved 1048576K
}

Deoptimization events (10 events):
Event: 1.641 Thread 0x00000000170af800 Uncommon trap: reason=bimorphic action=maybe_recompile pc=0x00000000025623e4 method=java.util.HashMap.getNode(ILjava/lang/Object;)Ljava/util/HashMap$Node; @ 126
Event: 1.662 Thread 0x000000000212d800 Uncommon trap: reason=bimorphic action=maybe_recompile pc=0x00000000027e4e38 method=com.android.dx.cf.code.BytecodeArray.parseInstruction(ILcom/android/dx/cf/code/BytecodeArray$Visitor;)I @ 2135
Event: 1.662 Thread 0x000000000212d800 Uncommon trap: reason=bimorphic action=maybe_recompile pc=0x00000000027e4e38 method=com.android.dx.cf.code.BytecodeArray.parseInstruction(ILcom/android/dx/cf/code/BytecodeArray$Visitor;)I @ 2135
Event: 1.734 Thread 0x000000000212d800 Uncommon trap: reason=unstable_if action=reinterpret pc=0x00000000027e34ec method=com.android.dx.cf.code.BytecodeArray.parseInstruction(ILcom/android/dx/cf/code/BytecodeArray$Visitor;)I @ 1198
Event: 2.044 Thread 0x00000000170d8000 Uncommon trap: reason=null_check action=make_not_entrant pc=0x00000000025ddce8 method=com.android.dx.ssa.SsaRenamer.getLocalForNewReg(I)Lcom/android/dx/rop/code/LocalItem; @ 19
Event: 2.256 Thread 0x00000000170af800 Uncommon trap: reason=unstable_if action=reinterpret pc=0x00000000028a5ce4 method=com.android.dx.ssa.SCCP.simulateBranch(Lcom/android/dx/ssa/SsaInsn;)V @ 64
Event: 2.401 Thread 0x00000000170e2000 Uncommon trap: reason=unstable_if action=reinterpret pc=0x00000000025e6e98 method=java.util.HashMap.putVal(ILjava/lang/Object;Ljava/lang/Object;ZZ)Ljava/lang/Object; @ 162
Event: 2.412 Thread 0x00000000170e2000 Uncommon trap: reason=unstable_if action=reinterpret pc=0x000000000281d590 method=java.util.HashMap.getNode(ILjava/lang/Object;)Ljava/util/HashMap$Node; @ 84
Event: 2.417 Thread 0x00000000170e2000 Uncommon trap: reason=unstable_if action=reinterpret pc=0x000000000281c810 method=java.util.HashMap.getNode(ILjava/lang/Object;)Ljava/util/HashMap$Node; @ 84
Event: 3.000 Thread 0x000000000212d800 Uncommon trap: reason=unstable_if action=reinterpret pc=0x000000000283dacc method=java.util.HashMap.putVal(ILjava/lang/Object;Ljava/lang/Object;ZZ)Ljava/lang/Object; @ 162

Internal exceptions (7 events):
Event: 0.052 Thread 0x000000000212d800 Exception <a 'java/lang/NoSuchMethodError': Method sun.misc.Unsafe.defineClass(Ljava/lang/String;[BII)Ljava/lang/Class; name or signature does not match> (0x00000000eab07cc0) thrown at [D:\re\workspace\8-2-build-windows-amd64-cygwin\jdk8u92\6642\hotspot\srZ ÊÜ•ª?
Event: 0.052 Thread 0x000000000212d800 Exception <a 'java/lang/NoSuchMethodError': Method sun.misc.Unsafe.prefetchRead(Ljava/lang/Object;J)V name or signature does not match> (0x00000000eab07fa8) thrown at [D:\re\workspace\8-2-build-windows-amd64-cygwin\jdk8u92\6642\hotspot\src\share\vm\prims\jXgHHEÎò?
Event: 1.175 Thread 0x00000000170f3000 Implicit null exception at 0x00000000025d24e2 to 0x00000000025d25d2
Event: 2.044 Thread 0x00000000170d8000 Implicit null exception at 0x00000000025dc0c0 to 0x00000000025ddc9d
Event: 2.410 Thread 0x00000000170e2000 Exception <a 'java/lang/ArrayIndexOutOfBoundsException': 18> (0x00000000eafe15a8) thrown at [D:\re\workspace\8-2-build-windows-amd64-cygwin\jdk8u92\6642\hotspot\src\share\vm\interpreter\interpreterRuntime.cpp, line 366]
Event: 2.410 Thread 0x00000000170e2000 Exception <a 'java/lang/ArrayIndexOutOfBoundsException': 145> (0x00000000eafe3128) thrown at [D:\re\workspace\8-2-build-windows-amd64-cygwin\jdk8u92\6642\hotspot\src\share\vm\interpreter\interpreterRuntime.cpp, line 366]
Event: 2.411 Thread 0x00000000170e2000 Exception <a 'java/lang/ArrayIndexOutOfBoundsException': 40> (0x00000000eafe4410) thrown at [D:\re\workspace\8-2-build-windows-amd64-cygwin\jdk8u92\6642\hotspot\src\share\vm\interpreter\interpreterRuntime.cpp, line 366]

Events (10 events):
Event: 2.782 loading class com/android/dx/cf/attrib/AttRuntimeInvisibleParameterAnnotations done
Event: 2.782 loading class com/android/dx/cf/attrib/BaseParameterAnnotations
Event: 2.782 loading class com/android/dx/cf/attrib/BaseParameterAnnotations done
Event: 2.786 loading class com/android/dx/cf/attrib/AttDeprecated
Event: 2.786 loading class com/android/dx/cf/attrib/AttDeprecated done
Event: 2.786 loading class com/android/dx/cf/attrib/AttRuntimeVisibleAnnotations
Event: 2.786 loading class com/android/dx/cf/attrib/AttRuntimeVisibleAnnotations done
Event: 3.000 Thread 0x000000000212d800 Uncommon trap: trap_request=0xffffff65 fr.pc=0x000000000283dacc
Event: 3.000 Thread 0x000000000212d800 DEOPT PACKING pc=0x000000000283dacc sp=0x000000000224d690
Event: 3.000 Thread 0x000000000212d800 DEOPT UNPACKING pc=0x000000000239582a sp=0x000000000224d618 mode 2


Dynamic libraries:
0x00007ff74c760000 - 0x00007ff74c797000 	C:\Program Files\Java\jdk1.8.0_92\bin\java.exe
0x00007ffc2cd40000 - 0x00007ffc2cf01000 	C:\WINDOWS\SYSTEM32\ntdll.dll
0x00007ffc2aa80000 - 0x00007ffc2ab2d000 	C:\WINDOWS\system32\KERNEL32.DLL
0x00007ffc294f0000 - 0x00007ffc296d8000 	C:\WINDOWS\system32\KERNELBASE.dll
0x00007ffc2cc90000 - 0x00007ffc2cd37000 	C:\WINDOWS\system32\ADVAPI32.dll
0x00007ffc2a8a0000 - 0x00007ffc2a93d000 	C:\WINDOWS\system32\msvcrt.dll
0x00007ffc2af80000 - 0x00007ffc2afdb000 	C:\WINDOWS\system32\sechost.dll
0x00007ffc2ab30000 - 0x00007ffc2ac4c000 	C:\WINDOWS\system32\RPCRT4.dll
0x00007ffc2b200000 - 0x00007ffc2b356000 	C:\WINDOWS\system32\USER32.dll
0x00007ffc2b530000 - 0x00007ffc2b6b6000 	C:\WINDOWS\system32\GDI32.dll
0x00007ffc16690000 - 0x00007ffc16904000 	C:\WINDOWS\WinSxS\amd64_microsoft.windows.common-controls_6595b64144ccf1df_6.0.10586.0_none_8c15ae12515e1c22\COMCTL32.dll
0x00007ffc2ac50000 - 0x00007ffc2aecd000 	C:\WINDOWS\system32\combase.dll
0x00007ffc296e0000 - 0x00007ffc2974a000 	C:\WINDOWS\system32\bcryptPrimitives.dll
0x00007ffc2af30000 - 0x00007ffc2af6b000 	C:\WINDOWS\system32\IMM32.DLL
0x0000000073140000 - 0x0000000073212000 	C:\Program Files\Java\jdk1.8.0_92\jre\bin\msvcr100.dll
0x0000000073860000 - 0x00000000740f6000 	C:\Program Files\Java\jdk1.8.0_92\jre\bin\server\jvm.dll
0x00007ffc2af70000 - 0x00007ffc2af78000 	C:\WINDOWS\system32\PSAPI.DLL
0x00007ffc1e470000 - 0x00007ffc1e479000 	C:\WINDOWS\SYSTEM32\WSOCK32.dll
0x00007ffc27980000 - 0x00007ffc279a3000 	C:\WINDOWS\SYSTEM32\WINMM.dll
0x00007ffc1e4b0000 - 0x00007ffc1e4ba000 	C:\WINDOWS\SYSTEM32\VERSION.dll
0x00007ffc2aa10000 - 0x00007ffc2aa7b000 	C:\WINDOWS\system32\WS2_32.dll
0x0000000002070000 - 0x000000000209c000 	C:\WINDOWS\SYSTEM32\WINMMBASE.dll
0x00007ffc293f0000 - 0x00007ffc29433000 	C:\WINDOWS\system32\cfgmgr32.dll
0x0000000073850000 - 0x000000007385f000 	C:\Program Files\Java\jdk1.8.0_92\jre\bin\verify.dll
0x0000000073820000 - 0x0000000073849000 	C:\Program Files\Java\jdk1.8.0_92\jre\bin\java.dll
0x0000000073800000 - 0x0000000073816000 	C:\Program Files\Java\jdk1.8.0_92\jre\bin\zip.dll
0x00007ffc2b6c0000 - 0x00007ffc2cc1c000 	C:\WINDOWS\system32\SHELL32.dll
0x00007ffc29810000 - 0x00007ffc29e54000 	C:\WINDOWS\system32\windows.storage.dll
0x00007ffc2a300000 - 0x00007ffc2a352000 	C:\WINDOWS\system32\shlwapi.dll
0x00007ffc29380000 - 0x00007ffc2938f000 	C:\WINDOWS\system32\kernel.appcore.dll
0x00007ffc29750000 - 0x00007ffc29805000 	C:\WINDOWS\system32\shcore.dll
0x00007ffc29390000 - 0x00007ffc293db000 	C:\WINDOWS\system32\powrprof.dll
0x00007ffc29360000 - 0x00007ffc29374000 	C:\WINDOWS\system32\profapi.dll

VM Arguments:
jvm_args: -Djava.awt.headless=true -Xmx1024M -Dfile.encoding=windows-1252 -Duser.country=419 -Duser.language=es -Duser.variant 
java_command: com.android.dx.command.Main --dex --force-jumbo --num-threads=4 --multi-dex --output C:\Facu\TipCal\app\build\intermediates\transforms\dex\debug\folders\1000\10\com.android.support-recyclerview-v7-23.1.1_3cd2c635a597309266ab57b52ccd15e93933fb83 C:\Facu\TipCal\app\build\intermediates\exploded-aar\com.android.support\recyclerview-v7\23.1.1\jars\classes.jar
java_class_path (initial): C:\Users\Admin\AppData\Local\Android\android-sdk\build-tools\23.0.3\lib\dx.jar
Launcher Type: SUN_STANDARD

Environment Variables:
PATH=C:\ProgramData\Oracle\Java\javapath;C:\Program Files (x86)\Common Files\Intel\Shared Files\cpp\bin\Intel64;C:\WINDOWS\system32;C:\WINDOWS;C:\WINDOWS\System32\Wbem;C:\WINDOWS\System32\WindowsPowerShell\v1.0\;C:\Program Files (x86)\Microsoft SQL Server\110\Tools\Binn\;C:\Program Files\Microsoft SQL Server\110\Tools\Binn\;C:\Program Files\Microsoft SQL Server\110\DTS\Binn\;C:\Program Files (x86)\Microsoft SQL Server\110\Tools\Binn\ManagementStudio\;C:\Program Files (x86)\Microsoft Visual Studio 10.0\Common7\IDE\PrivateAssemblies\;C:\Program Files (x86)\Microsoft SQL Server\110\DTS\Binn\;C:\Program Files (x86)\Microsoft SQL Server\100\Tools\Binn\;C:\Program Files\Microsoft SQL Server\100\Tools\Binn\;C:\Program Files\Microsoft SQL Server\100\DTS\Binn\;C:\Program Files (x86)\Microsoft SQL Server\100\Tools\Binn\VSShell\Common7\IDE\;C:\Program Files (x86)\Microsoft SQL Server\100\DTS\Binn\;C:\WINDOWS\system32\config\systemprofile\.dnx\bin;C:\Program Files\Microsoft DNX\Dnvm\;C:\Program Files\Microsoft\Web Platform Installer\;C:\Program Files (x86)\Skype\Phone\
USERNAME=MaxiE
OS=Windows_NT
PROCESSOR_IDENTIFIER=Intel64 Family 6 Model 58 Stepping 9, GenuineIntel



---------------  S Y S T E M  ---------------

OS: Windows 10.0 , 64 bit Build 10586 (10.0.10586.0)

CPU:total 8 (4 cores per cpu, 2 threads per core) family 6 model 58 stepping 9, cmov, cx8, fxsr, mmx, sse, sse2, sse3, ssse3, sse4.1, sse4.2, popcnt, avx, aes, clmul, erms, ht, tsc, tscinvbit, tscinv

Memory: 4k page, physical 7826712k(1386264k free), swap 7826712k(8628k free)

vm_info: Java HotSpot(TM) 64-Bit Server VM (25.92-b14) for windows-amd64 JRE (1.8.0_92-b14), built on Mar 31 2016 21:03:04 by "java_re" with MS VC++ 10.0 (VS2010)

time: Wed Jun 01 21:42:06 2016
elapsed time: 3 seconds (0d 0h 0m 3s)

