#
# There is insufficient memory for the Java Runtime Environment to continue.
# Native memory allocation (malloc) failed to allocate 569856 bytes for Chunk::new
# Possible reasons:
#   The system is out of physical RAM or swap space
#   In 32 bit mode, the process size limit was hit
# Possible solutions:
#   Reduce memory load on the system
#   Increase physical memory or swap space
#   Check if swap backing store is full
#   Use 64 bit Java on a 64 bit OS
#   Decrease Java heap size (-Xmx/-Xms)
#   Decrease number of Java threads
#   Decrease Java thread stack sizes (-Xss)
#   Set larger code cache with -XX:ReservedCodeCacheSize=
# This output file may be truncated or incomplete.
#
#  Out of Memory Error (allocation.cpp:390), pid=9700, tid=0x0000000000000740
#
# JRE version: Java(TM) SE Runtime Environment (8.0_92-b14) (build 1.8.0_92-b14)
# Java VM: Java HotSpot(TM) 64-Bit Server VM (25.92-b14 mixed mode windows-amd64 compressed oops)
# Failed to write core dump. Minidumps are not enabled by default on client versions of Windows
#

---------------  T H R E A D  ---------------

Current thread (0x0000000016d99000):  JavaThread "C2 CompilerThread0" daemon [_thread_in_native, id=1856, stack(0x0000000017570000,0x0000000017670000)]

Stack: [0x0000000017570000,0x0000000017670000]
[error occurred during error reporting (printing stack bounds), id 0xc0000005]

Native frames: (J=compiled Java code, j=interpreted, Vv=VM code, C=native code)


Current CompileTask:
C2:   1817 1380       4       com.android.dx.ssa.SCCP::simulatePhi (169 bytes)


---------------  P R O C E S S  ---------------

Java Threads: ( => current thread )
  0x00000000170de000 JavaThread "pool-2-thread-4" [_thread_blocked, id=10164, stack(0x0000000018770000,0x0000000018870000)]
  0x00000000170da800 JavaThread "pool-2-thread-3" [_thread_blocked, id=3392, stack(0x0000000018670000,0x0000000018770000)]
  0x00000000170d8000 JavaThread "pool-2-thread-2" [_thread_blocked, id=9284, stack(0x0000000018570000,0x0000000018670000)]
  0x000000001711c000 JavaThread "pool-3-thread-1" [_thread_blocked, id=9772, stack(0x0000000018470000,0x0000000018570000)]
  0x0000000017110800 JavaThread "pool-2-thread-1" [_thread_blocked, id=9364, stack(0x0000000018370000,0x0000000018470000)]
  0x0000000016e45800 JavaThread "Service Thread" daemon [_thread_blocked, id=6096, stack(0x0000000017970000,0x0000000017a70000)]
  0x0000000016daa000 JavaThread "C1 CompilerThread3" daemon [_thread_blocked, id=5508, stack(0x0000000017870000,0x0000000017970000)]
  0x0000000016da7000 JavaThread "C2 CompilerThread2" daemon [_thread_in_native, id=5308, stack(0x0000000017770000,0x0000000017870000)]
  0x0000000016d9d000 JavaThread "C2 CompilerThread1" daemon [_thread_in_native, id=5068, stack(0x0000000017670000,0x0000000017770000)]
=>0x0000000016d99000 JavaThread "C2 CompilerThread0" daemon [_thread_in_native, id=1856, stack(0x0000000017570000,0x0000000017670000)]
  0x0000000016d96000 JavaThread "Attach Listener" daemon [_thread_blocked, id=10148, stack(0x0000000017470000,0x0000000017570000)]
  0x0000000016d95000 JavaThread "Signal Dispatcher" daemon [_thread_blocked, id=3720, stack(0x0000000017370000,0x0000000017470000)]
  0x00000000022c8000 JavaThread "Finalizer" daemon [_thread_blocked, id=3284, stack(0x0000000017170000,0x0000000017270000)]
  0x0000000014e9d800 JavaThread "Reference Handler" daemon [_thread_blocked, id=4744, stack(0x0000000016c70000,0x0000000016d70000)]
  0x000000000237d800 JavaThread "main" [_thread_in_native, id=9900, stack(0x00000000020a0000,0x00000000021a0000)]

Other Threads:
  0x0000000014e98800 VMThread [stack: 0x0000000016b70000,0x0000000016c70000] [id=9644]
  0x0000000016deb000 WatcherThread [stack: 0x0000000017a70000,0x0000000017b70000] [id=10828]

VM state:not at safepoint (normal execution)

VM Mutex/Monitor currently owned by a thread: None

Heap:
 PSYoungGen      total 35840K, used 21709K [0x00000000eab00000, 0x00000000ed300000, 0x0000000100000000)
  eden space 30720K, 54% used [0x00000000eab00000,0x00000000ebb3aea0,0x00000000ec900000)
  from space 5120K, 99% used [0x00000000ec900000,0x00000000ecdf8678,0x00000000ece00000)
  to   space 5120K, 0% used [0x00000000ece00000,0x00000000ece00000,0x00000000ed300000)
 ParOldGen       total 81920K, used 581K [0x00000000c0000000, 0x00000000c5000000, 0x00000000eab00000)
  object space 81920K, 0% used [0x00000000c0000000,0x00000000c0091628,0x00000000c5000000)
 Metaspace       used 6136K, capacity 7026K, committed 7296K, reserved 1056768K
  class space    used 600K, capacity 618K, committed 640K, reserved 1048576K

Card table byte_map: [0x0000000011740000,0x0000000011950000] byte_map_base: 0x0000000011140000

Marking Bits: (ParMarkBitMap*) 0x00000000740764f0
 Begin Bits: [0x00000000122b0000, 0x00000000132b0000)
 End Bits:   [0x00000000132b0000, 0x00000000142b0000)

Polling page: 0x00000000021a0000

CodeCache: size=245760Kb used=5630Kb max_used=5630Kb free=240129Kb
 bounds [0x0000000002380000, 0x0000000002910000, 0x0000000011380000]
 total_blobs=1677 nmethods=1407 adapters=182
 compilation: enabled

Compilation events (10 events):
Event: 1.774 Thread 0x0000000016daa000 1412       3       com.android.dx.dex.cf.AttributeTranslator::getAnnotations0 (62 bytes)
Event: 1.775 Thread 0x0000000016daa000 nmethod 1412 0x0000000002901090 code [0x00000000029012e0, 0x0000000002902158]
Event: 1.775 Thread 0x0000000016daa000 1411       3       java.util.concurrent.locks.ReentrantLock$FairSync::tryAcquire (74 bytes)
Event: 1.776 Thread 0x0000000016daa000 nmethod 1411 0x0000000002900510 code [0x00000000029006c0, 0x0000000002900ef8]
Event: 1.776 Thread 0x0000000016daa000 1413       3       java.util.concurrent.locks.AbstractQueuedSynchronizer::hasQueuedPredecessors (40 bytes)
Event: 1.777 Thread 0x0000000016daa000 nmethod 1413 0x0000000002900090 code [0x0000000002900200, 0x0000000002900450]
Event: 1.777 Thread 0x0000000016daa000 1414       3       com.android.dx.rop.type.Type::<init> (84 bytes)
Event: 1.778 Thread 0x0000000016daa000 nmethod 1414 0x00000000028ff7d0 code [0x00000000028ff980, 0x00000000028ffea8]
Event: 1.778 Thread 0x0000000016daa000 1415   !   3       com.android.dx.rop.type.Type::putIntern (50 bytes)
Event: 1.779 Thread 0x0000000016daa000 nmethod 1415 0x00000000029053d0 code [0x00000000029055c0, 0x0000000002906098]

GC Heap History (2 events):
Event: 1.328 GC heap before
{Heap before GC invocations=1 (full 0):
 PSYoungGen      total 35840K, used 30720K [0x00000000eab00000, 0x00000000ed300000, 0x0000000100000000)
  eden space 30720K, 100% used [0x00000000eab00000,0x00000000ec900000,0x00000000ec900000)
  from space 5120K, 0% used [0x00000000ece00000,0x00000000ece00000,0x00000000ed300000)
  to   space 5120K, 0% used [0x00000000ec900000,0x00000000ec900000,0x00000000ece00000)
 ParOldGen       total 81920K, used 0K [0x00000000c0000000, 0x00000000c5000000, 0x00000000eab00000)
  object space 81920K, 0% used [0x00000000c0000000,0x00000000c0000000,0x00000000c5000000)
 Metaspace       used 5972K, capacity 6898K, committed 7040K, reserved 1056768K
  class space    used 597K, capacity 618K, committed 640K, reserved 1048576K
Event: 1.342 GC heap after
Heap after GC invocations=1 (full 0):
 PSYoungGen      total 35840K, used 5089K [0x00000000eab00000, 0x00000000ed300000, 0x0000000100000000)
  eden space 30720K, 0% used [0x00000000eab00000,0x00000000eab00000,0x00000000ec900000)
  from space 5120K, 99% used [0x00000000ec900000,0x00000000ecdf8678,0x00000000ece00000)
  to   space 5120K, 0% used [0x00000000ece00000,0x00000000ece00000,0x00000000ed300000)
 ParOldGen       total 81920K, used 581K [0x00000000c0000000, 0x00000000c5000000, 0x00000000eab00000)
  object space 81920K, 0% used [0x00000000c0000000,0x00000000c0091628,0x00000000c5000000)
 Metaspace       used 5972K, capacity 6898K, committed 7040K, reserved 1056768K
  class space    used 597K, capacity 618K, committed 640K, reserved 1048576K
}

Deoptimization events (10 events):
Event: 0.745 Thread 0x0000000017110800 Uncommon trap: reason=class_check action=maybe_recompile pc=0x00000000025fbc54 method=com.android.dx.ssa.NormalSsaInsn.accept(Lcom/android/dx/ssa/SsaInsn$Visitor;)V @ 9
Event: 0.745 Thread 0x00000000170de000 Uncommon trap: reason=class_check action=maybe_recompile pc=0x00000000025fbc54 method=com.android.dx.ssa.NormalSsaInsn.accept(Lcom/android/dx/ssa/SsaInsn$Visitor;)V @ 9
Event: 0.745 Thread 0x00000000170de000 Uncommon trap: reason=class_check action=maybe_recompile pc=0x00000000025fbc54 method=com.android.dx.ssa.NormalSsaInsn.accept(Lcom/android/dx/ssa/SsaInsn$Visitor;)V @ 9
Event: 0.746 Thread 0x00000000170de000 Uncommon trap: reason=class_check action=maybe_recompile pc=0x00000000025a33b0 method=com.android.dx.ssa.NormalSsaInsn.accept(Lcom/android/dx/ssa/SsaInsn$Visitor;)V @ 9
Event: 1.080 Thread 0x00000000170de000 Uncommon trap: reason=class_check action=maybe_recompile pc=0x00000000025af30c method=com.android.dx.rop.type.Type.equals(Ljava/lang/Object;)Z @ 8
Event: 1.080 Thread 0x00000000170de000 Uncommon trap: reason=class_check action=maybe_recompile pc=0x00000000025af30c method=com.android.dx.rop.type.Type.equals(Ljava/lang/Object;)Z @ 8
Event: 1.080 Thread 0x00000000170de000 Uncommon trap: reason=class_check action=maybe_recompile pc=0x00000000025af30c method=com.android.dx.rop.type.Type.equals(Ljava/lang/Object;)Z @ 8
Event: 1.080 Thread 0x00000000170de000 Uncommon trap: reason=class_check action=maybe_recompile pc=0x00000000025af30c method=com.android.dx.rop.type.Type.equals(Ljava/lang/Object;)Z @ 8
Event: 1.391 Thread 0x0000000017110800 Uncommon trap: reason=null_check action=make_not_entrant pc=0x00000000026588d0 method=com.android.dx.ssa.SsaRenamer.getLocalForNewReg(I)Lcom/android/dx/rop/code/LocalItem; @ 19
Event: 1.392 Thread 0x0000000017110800 Uncommon trap: reason=null_check action=make_not_entrant pc=0x0000000002647fc4 method=com.android.dx.ssa.SsaRenamer.getLocalForNewReg(I)Lcom/android/dx/rop/code/LocalItem; @ 19

Internal exceptions (4 events):
Event: 0.044 Thread 0x000000000237d800 Exception <a 'java/lang/NoSuchMethodError': Method sun.misc.Unsafe.defineClass(Ljava/lang/String;[BII)Ljava/lang/Class; name or signature does not match> (0x00000000eab07cc0) thrown at [D:\re\workspace\8-2-build-windows-amd64-cygwin\jdk8u92\6642\hotspot\sr¡°±Ë™¦?
Event: 0.044 Thread 0x000000000237d800 Exception <a 'java/lang/NoSuchMethodError': Method sun.misc.Unsafe.prefetchRead(Ljava/lang/Object;J)V name or signature does not match> (0x00000000eab07fa8) thrown at [D:\re\workspace\8-2-build-windows-amd64-cygwin\jdk8u92\6642\hotspot\src\share\vm\prims\j•[ËuBö?
Event: 1.391 Thread 0x0000000017110800 Implicit null exception at 0x000000000265712b to 0x0000000002658885
Event: 1.392 Thread 0x0000000017110800 Implicit null exception at 0x0000000002646a28 to 0x0000000002647fa1

Events (10 events):
Event: 1.778 loading class com/android/dx/cf/attrib/AttRuntimeInvisibleParameterAnnotations
Event: 1.778 loading class com/android/dx/cf/attrib/AttRuntimeInvisibleParameterAnnotations done
Event: 1.778 loading class com/android/dx/cf/attrib/BaseParameterAnnotations
Event: 1.778 loading class com/android/dx/cf/attrib/BaseParameterAnnotations done
Event: 1.781 loading class com/android/dx/dex/file/ParameterAnnotationStruct
Event: 1.781 loading class com/android/dx/dex/file/ParameterAnnotationStruct done
Event: 1.784 loading class com/android/dx/dex/file/UniformListItem
Event: 1.784 loading class com/android/dx/dex/file/UniformListItem done
Event: 1.784 loading class com/android/dx/dex/file/AnnotationSetRefItem
Event: 1.784 loading class com/android/dx/dex/file/AnnotationSetRefItem done


Dynamic libraries:
0x00007ff74c760000 - 0x00007ff74c797000 	C:\Program Files\Java\jdk1.8.0_92\bin\java.exe
0x00007ffc2cd40000 - 0x00007ffc2cf01000 	C:\WINDOWS\SYSTEM32\ntdll.dll
0x00007ffc2aa80000 - 0x00007ffc2ab2d000 	C:\WINDOWS\system32\KERNEL32.DLL
0x00007ffc294f0000 - 0x00007ffc296d8000 	C:\WINDOWS\system32\KERNELBASE.dll
0x00007ffc2cc90000 - 0x00007ffc2cd37000 	C:\WINDOWS\system32\ADVAPI32.dll
0x00007ffc2a8a0000 - 0x00007ffc2a93d000 	C:\WINDOWS\system32\msvcrt.dll
0x00007ffc2af80000 - 0x00007ffc2afdb000 	C:\WINDOWS\system32\sechost.dll
0x00007ffc2ab30000 - 0x00007ffc2ac4c000 	C:\WINDOWS\system32\RPCRT4.dll
0x00007ffc2b200000 - 0x00007ffc2b356000 	C:\WINDOWS\system32\USER32.dll
0x00007ffc2b530000 - 0x00007ffc2b6b6000 	C:\WINDOWS\system32\GDI32.dll
0x00007ffc16690000 - 0x00007ffc16904000 	C:\WINDOWS\WinSxS\amd64_microsoft.windows.common-controls_6595b64144ccf1df_6.0.10586.0_none_8c15ae12515e1c22\COMCTL32.dll
0x00007ffc2ac50000 - 0x00007ffc2aecd000 	C:\WINDOWS\system32\combase.dll
0x00007ffc296e0000 - 0x00007ffc2974a000 	C:\WINDOWS\system32\bcryptPrimitives.dll
0x00007ffc2af30000 - 0x00007ffc2af6b000 	C:\WINDOWS\system32\IMM32.DLL
0x0000000073140000 - 0x0000000073212000 	C:\Program Files\Java\jdk1.8.0_92\jre\bin\msvcr100.dll
0x0000000073860000 - 0x00000000740f6000 	C:\Program Files\Java\jdk1.8.0_92\jre\bin\server\jvm.dll
0x00007ffc2af70000 - 0x00007ffc2af78000 	C:\WINDOWS\system32\PSAPI.DLL
0x00007ffc1e470000 - 0x00007ffc1e479000 	C:\WINDOWS\SYSTEM32\WSOCK32.dll
0x00007ffc27980000 - 0x00007ffc279a3000 	C:\WINDOWS\SYSTEM32\WINMM.dll
0x00007ffc2aa10000 - 0x00007ffc2aa7b000 	C:\WINDOWS\system32\WS2_32.dll
0x00007ffc1e4b0000 - 0x00007ffc1e4ba000 	C:\WINDOWS\SYSTEM32\VERSION.dll
0x00007ffc27640000 - 0x00007ffc2766c000 	C:\WINDOWS\SYSTEM32\WINMMBASE.dll
0x00007ffc293f0000 - 0x00007ffc29433000 	C:\WINDOWS\system32\cfgmgr32.dll
0x0000000073850000 - 0x000000007385f000 	C:\Program Files\Java\jdk1.8.0_92\jre\bin\verify.dll
0x0000000073820000 - 0x0000000073849000 	C:\Program Files\Java\jdk1.8.0_92\jre\bin\java.dll
0x0000000073800000 - 0x0000000073816000 	C:\Program Files\Java\jdk1.8.0_92\jre\bin\zip.dll
0x00007ffc2b6c0000 - 0x00007ffc2cc1c000 	C:\WINDOWS\system32\SHELL32.dll
0x00007ffc29810000 - 0x00007ffc29e54000 	C:\WINDOWS\system32\windows.storage.dll
0x00007ffc2a300000 - 0x00007ffc2a352000 	C:\WINDOWS\system32\shlwapi.dll
0x00007ffc29380000 - 0x00007ffc2938f000 	C:\WINDOWS\system32\kernel.appcore.dll
0x00007ffc29750000 - 0x00007ffc29805000 	C:\WINDOWS\system32\shcore.dll
0x00007ffc29390000 - 0x00007ffc293db000 	C:\WINDOWS\system32\powrprof.dll
0x00007ffc29360000 - 0x00007ffc29374000 	C:\WINDOWS\system32\profapi.dll

VM Arguments:
jvm_args: -Djava.awt.headless=true -Xmx1024M -Dfile.encoding=windows-1252 -Duser.country=419 -Duser.language=es -Duser.variant 
java_command: com.android.dx.command.Main --dex --force-jumbo --num-threads=4 --multi-dex --output C:\Facu\TipCal\app\build\intermediates\transforms\dex\debug\folders\1000\10\internal_impl-23.1.1_8756610e9e5dded381ebdc4f1c64d42156f09dc0 C:\Facu\TipCal\app\build\intermediates\exploded-aar\com.android.support\support-v4\23.1.1\jars\libs\internal_impl-23.1.1.jar
java_class_path (initial): C:\Users\Admin\AppData\Local\Android\android-sdk\build-tools\23.0.3\lib\dx.jar
Launcher Type: SUN_STANDARD

Environment Variables:
PATH=C:\ProgramData\Oracle\Java\javapath;C:\Program Files (x86)\Common Files\Intel\Shared Files\cpp\bin\Intel64;C:\WINDOWS\system32;C:\WINDOWS;C:\WINDOWS\System32\Wbem;C:\WINDOWS\System32\WindowsPowerShell\v1.0\;C:\Program Files (x86)\Microsoft SQL Server\110\Tools\Binn\;C:\Program Files\Microsoft SQL Server\110\Tools\Binn\;C:\Program Files\Microsoft SQL Server\110\DTS\Binn\;C:\Program Files (x86)\Microsoft SQL Server\110\Tools\Binn\ManagementStudio\;C:\Program Files (x86)\Microsoft Visual Studio 10.0\Common7\IDE\PrivateAssemblies\;C:\Program Files (x86)\Microsoft SQL Server\110\DTS\Binn\;C:\Program Files (x86)\Microsoft SQL Server\100\Tools\Binn\;C:\Program Files\Microsoft SQL Server\100\Tools\Binn\;C:\Program Files\Microsoft SQL Server\100\DTS\Binn\;C:\Program Files (x86)\Microsoft SQL Server\100\Tools\Binn\VSShell\Common7\IDE\;C:\Program Files (x86)\Microsoft SQL Server\100\DTS\Binn\;C:\WINDOWS\system32\config\systemprofile\.dnx\bin;C:\Program Files\Microsoft DNX\Dnvm\;C:\Program Files\Microsoft\Web Platform Installer\;C:\Program Files (x86)\Skype\Phone\
USERNAME=MaxiE
OS=Windows_NT
PROCESSOR_IDENTIFIER=Intel64 Family 6 Model 58 Stepping 9, GenuineIntel



---------------  S Y S T E M  ---------------

OS: Windows 10.0 , 64 bit Build 10586 (10.0.10586.0)

CPU:total 8 (4 cores per cpu, 2 threads per core) family 6 model 58 stepping 9, cmov, cx8, fxsr, mmx, sse, sse2, sse3, ssse3, sse4.1, sse4.2, popcnt, avx, aes, clmul, erms, ht, tsc, tscinvbit, tscinv

Memory: 4k page, physical 7826712k(1525848k free), swap 7826712k(4632k free)

vm_info: Java HotSpot(TM) 64-Bit Server VM (25.92-b14) for windows-amd64 JRE (1.8.0_92-b14), built on Mar 31 2016 21:03:04 by "java_re" with MS VC++ 10.0 (VS2010)

time: Wed Jun 01 21:41:43 2016
elapsed time: 1 seconds (0d 0h 0m 1s)

