#
# There is insufficient memory for the Java Runtime Environment to continue.
# Native memory allocation (malloc) failed to allocate 1188016 bytes for Chunk::new
# Possible reasons:
#   The system is out of physical RAM or swap space
#   In 32 bit mode, the process size limit was hit
# Possible solutions:
#   Reduce memory load on the system
#   Increase physical memory or swap space
#   Check if swap backing store is full
#   Use 64 bit Java on a 64 bit OS
#   Decrease Java heap size (-Xmx/-Xms)
#   Decrease number of Java threads
#   Decrease Java thread stack sizes (-Xss)
#   Set larger code cache with -XX:ReservedCodeCacheSize=
# This output file may be truncated or incomplete.
#
#  Out of Memory Error (allocation.cpp:390), pid=9868, tid=0x0000000000000f0c
#
# JRE version: Java(TM) SE Runtime Environment (8.0_92-b14) (build 1.8.0_92-b14)
# Java VM: Java HotSpot(TM) 64-Bit Server VM (25.92-b14 mixed mode windows-amd64 compressed oops)
# Failed to write core dump. Minidumps are not enabled by default on client versions of Windows
#

---------------  T H R E A D  ---------------

Current thread (0x0000000016c91000):  JavaThread "C2 CompilerThread2" daemon [_thread_in_native, id=3852, stack(0x0000000017660000,0x0000000017760000)]

Stack: [0x0000000017660000,0x0000000017760000]
[error occurred during error reporting (printing stack bounds), id 0xc0000005]

Native frames: (J=compiled Java code, j=interpreted, Vv=VM code, C=native code)


Current CompileTask:
C2:   3580 1478   !   4       com.android.dx.cf.code.RopperMachine::run (1550 bytes)


---------------  P R O C E S S  ---------------

Java Threads: ( => current thread )
  0x0000000017022800 JavaThread "pool-2-thread-4" [_thread_in_Java, id=6876, stack(0x0000000017e60000,0x0000000017f60000)]
  0x0000000016f8b800 JavaThread "pool-2-thread-3" [_thread_blocked, id=9496, stack(0x0000000017d60000,0x0000000017e60000)]
  0x000000001703e000 JavaThread "pool-2-thread-2" [_thread_in_Java, id=5372, stack(0x0000000017c60000,0x0000000017d60000)]
  0x0000000016f67000 JavaThread "pool-3-thread-1" [_thread_blocked, id=9296, stack(0x0000000017b60000,0x0000000017c60000)]
  0x0000000016f66800 JavaThread "pool-2-thread-1" [_thread_in_Java, id=9080, stack(0x0000000017a60000,0x0000000017b60000)]
  0x0000000016d12000 JavaThread "Service Thread" daemon [_thread_blocked, id=5056, stack(0x0000000017860000,0x0000000017960000)]
  0x0000000016cbe000 JavaThread "C1 CompilerThread3" daemon [_thread_blocked, id=2108, stack(0x0000000017760000,0x0000000017860000)]
=>0x0000000016c91000 JavaThread "C2 CompilerThread2" daemon [_thread_in_native, id=3852, stack(0x0000000017660000,0x0000000017760000)]
  0x0000000016c8e000 JavaThread "C2 CompilerThread1" daemon [_thread_in_native, id=9820, stack(0x0000000017560000,0x0000000017660000)]
  0x0000000016c8a000 JavaThread "C2 CompilerThread0" daemon [_thread_in_native, id=6748, stack(0x0000000017460000,0x0000000017560000)]
  0x0000000016c87000 JavaThread "Attach Listener" daemon [_thread_blocked, id=7244, stack(0x0000000017360000,0x0000000017460000)]
  0x0000000016c86000 JavaThread "Signal Dispatcher" daemon [_thread_blocked, id=4844, stack(0x0000000017260000,0x0000000017360000)]
  0x0000000002268000 JavaThread "Finalizer" daemon [_thread_blocked, id=5116, stack(0x0000000017060000,0x0000000017160000)]
  0x0000000014d8d800 JavaThread "Reference Handler" daemon [_thread_blocked, id=5096, stack(0x0000000016b60000,0x0000000016c60000)]
  0x0000000001fed800 JavaThread "main" [_thread_in_Java, id=8892, stack(0x0000000001ff0000,0x00000000020f0000)]

Other Threads:
  0x0000000014d88800 VMThread [stack: 0x0000000016a60000,0x0000000016b60000] [id=7624]
  0x0000000016d25800 WatcherThread [stack: 0x0000000017960000,0x0000000017a60000] [id=2000]

VM state:not at safepoint (normal execution)

VM Mutex/Monitor currently owned by a thread: None

Heap:
 PSYoungGen      total 66560K, used 16347K [0x00000000eab00000, 0x00000000ef100000, 0x0000000100000000)
  eden space 61440K, 18% used [0x00000000eab00000,0x00000000eb5f76a8,0x00000000ee700000)
  from space 5120K, 99% used [0x00000000ee700000,0x00000000eebff818,0x00000000eec00000)
  to   space 5120K, 0% used [0x00000000eec00000,0x00000000eec00000,0x00000000ef100000)
 ParOldGen       total 81920K, used 14131K [0x00000000c0000000, 0x00000000c5000000, 0x00000000eab00000)
  object space 81920K, 17% used [0x00000000c0000000,0x00000000c0dccef0,0x00000000c5000000)
 Metaspace       used 6361K, capacity 7192K, committed 7424K, reserved 1056768K
  class space    used 625K, capacity 656K, committed 768K, reserved 1048576K

Card table byte_map: [0x0000000011630000,0x0000000011840000] byte_map_base: 0x0000000011030000

Marking Bits: (ParMarkBitMap*) 0x00000000740764f0
 Begin Bits: [0x00000000121a0000, 0x00000000131a0000)
 End Bits:   [0x00000000131a0000, 0x00000000141a0000)

Polling page: 0x00000000009c0000

CodeCache: size=245760Kb used=7319Kb max_used=7333Kb free=238440Kb
 bounds [0x0000000002270000, 0x00000000029b0000, 0x0000000011270000]
 total_blobs=1989 nmethods=1720 adapters=182
 compilation: enabled

Compilation events (10 events):
Event: 3.497 Thread 0x0000000016cbe000 1740       2       com.android.dx.cf.code.LocalVariableList$Item::withSignature (29 bytes)
Event: 3.497 Thread 0x0000000016cbe000 nmethod 1740 0x0000000002979790 code [0x0000000002979900, 0x0000000002979b08]
Event: 3.512 Thread 0x0000000016c8a000 nmethod 1455 0x0000000002979bd0 code [0x000000000297a620, 0x0000000002986618]
Event: 3.513 Thread 0x0000000016c8a000 1735       4       com.android.dx.ssa.SCCP::simulateBranch (666 bytes)
Event: 3.516 Thread 0x0000000016cbe000 1741       2       java.util.TreeMap::entrySet (27 bytes)
Event: 3.517 Thread 0x0000000016cbe000 nmethod 1741 0x00000000029677d0 code [0x0000000002967920, 0x0000000002967af0]
Event: 3.517 Thread 0x0000000016cbe000 1742       2       java.util.TreeMap$EntrySet::iterator (19 bytes)
Event: 3.517 Thread 0x0000000016cbe000 nmethod 1742 0x0000000002975e50 code [0x0000000002975fc0, 0x0000000002976230]
Event: 3.521 Thread 0x0000000016cbe000 1743       2       com.android.dx.util.ByteArray::getByte (14 bytes)
Event: 3.521 Thread 0x0000000016cbe000 nmethod 1743 0x00000000029759d0 code [0x0000000002975b40, 0x0000000002975d08]

GC Heap History (6 events):
Event: 1.659 GC heap before
{Heap before GC invocations=1 (full 0):
 PSYoungGen      total 35840K, used 30720K [0x00000000eab00000, 0x00000000ed300000, 0x0000000100000000)
  eden space 30720K, 100% used [0x00000000eab00000,0x00000000ec900000,0x00000000ec900000)
  from space 5120K, 0% used [0x00000000ece00000,0x00000000ece00000,0x00000000ed300000)
  to   space 5120K, 0% used [0x00000000ec900000,0x00000000ec900000,0x00000000ece00000)
 ParOldGen       total 81920K, used 0K [0x00000000c0000000, 0x00000000c5000000, 0x00000000eab00000)
  object space 81920K, 0% used [0x00000000c0000000,0x00000000c0000000,0x00000000c5000000)
 Metaspace       used 5983K, capacity 6898K, committed 7040K, reserved 1056768K
  class space    used 600K, capacity 618K, committed 640K, reserved 1048576K
Event: 1.679 GC heap after
Heap after GC invocations=1 (full 0):
 PSYoungGen      total 35840K, used 5112K [0x00000000eab00000, 0x00000000ef100000, 0x0000000100000000)
  eden space 30720K, 0% used [0x00000000eab00000,0x00000000eab00000,0x00000000ec900000)
  from space 5120K, 99% used [0x00000000ec900000,0x00000000ecdfe0d8,0x00000000ece00000)
  to   space 5120K, 0% used [0x00000000eec00000,0x00000000eec00000,0x00000000ef100000)
 ParOldGen       total 81920K, used 932K [0x00000000c0000000, 0x00000000c5000000, 0x00000000eab00000)
  object space 81920K, 1% used [0x00000000c0000000,0x00000000c00e90d0,0x00000000c5000000)
 Metaspace       used 5983K, capacity 6898K, committed 7040K, reserved 1056768K
  class space    used 600K, capacity 618K, committed 640K, reserved 1048576K
}
Event: 2.473 GC heap before
{Heap before GC invocations=2 (full 0):
 PSYoungGen      total 35840K, used 35832K [0x00000000eab00000, 0x00000000ef100000, 0x0000000100000000)
  eden space 30720K, 100% used [0x00000000eab00000,0x00000000ec900000,0x00000000ec900000)
  from space 5120K, 99% used [0x00000000ec900000,0x00000000ecdfe0d8,0x00000000ece00000)
  to   space 5120K, 0% used [0x00000000eec00000,0x00000000eec00000,0x00000000ef100000)
 ParOldGen       total 81920K, used 932K [0x00000000c0000000, 0x00000000c5000000, 0x00000000eab00000)
  object space 81920K, 1% used [0x00000000c0000000,0x00000000c00e90d0,0x00000000c5000000)
 Metaspace       used 6133K, capacity 7026K, committed 7296K, reserved 1056768K
  class space    used 600K, capacity 618K, committed 640K, reserved 1048576K
Event: 2.656 GC heap after
Heap after GC invocations=2 (full 0):
 PSYoungGen      total 66560K, used 5114K [0x00000000eab00000, 0x00000000ef100000, 0x0000000100000000)
  eden space 61440K, 0% used [0x00000000eab00000,0x00000000eab00000,0x00000000ee700000)
  from space 5120K, 99% used [0x00000000eec00000,0x00000000ef0feaa0,0x00000000ef100000)
  to   space 5120K, 0% used [0x00000000ee700000,0x00000000ee700000,0x00000000eec00000)
 ParOldGen       total 81920K, used 5017K [0x00000000c0000000, 0x00000000c5000000, 0x00000000eab00000)
  object space 81920K, 6% used [0x00000000c0000000,0x00000000c04e6760,0x00000000c5000000)
 Metaspace       used 6133K, capacity 7026K, committed 7296K, reserved 1056768K
  class space    used 600K, capacity 618K, committed 640K, reserved 1048576K
}
Event: 3.397 GC heap before
{Heap before GC invocations=3 (full 0):
 PSYoungGen      total 66560K, used 66554K [0x00000000eab00000, 0x00000000ef100000, 0x0000000100000000)
  eden space 61440K, 100% used [0x00000000eab00000,0x00000000ee700000,0x00000000ee700000)
  from space 5120K, 99% used [0x00000000eec00000,0x00000000ef0feaa0,0x00000000ef100000)
  to   space 5120K, 0% used [0x00000000ee700000,0x00000000ee700000,0x00000000eec00000)
 ParOldGen       total 81920K, used 5017K [0x00000000c0000000, 0x00000000c5000000, 0x00000000eab00000)
  object space 81920K, 6% used [0x00000000c0000000,0x00000000c04e6760,0x00000000c5000000)
 Metaspace       used 6342K, capacity 7128K, committed 7424K, reserved 1056768K
  class space    used 625K, capacity 656K, committed 768K, reserved 1048576K
Event: 3.483 GC heap after
Heap after GC invocations=3 (full 0):
 PSYoungGen      total 66560K, used 5118K [0x00000000eab00000, 0x00000000ef100000, 0x0000000100000000)
  eden space 61440K, 0% used [0x00000000eab00000,0x00000000eab00000,0x00000000ee700000)
  from space 5120K, 99% used [0x00000000ee700000,0x00000000eebff818,0x00000000eec00000)
  to   space 5120K, 0% used [0x00000000eec00000,0x00000000eec00000,0x00000000ef100000)
 ParOldGen       total 81920K, used 14131K [0x00000000c0000000, 0x00000000c5000000, 0x00000000eab00000)
  object space 81920K, 17% used [0x00000000c0000000,0x00000000c0dccef0,0x00000000c5000000)
 Metaspace       used 6342K, capacity 7128K, committed 7424K, reserved 1056768K
  class space    used 625K, capacity 656K, committed 768K, reserved 1048576K
}

Deoptimization events (10 events):
Event: 2.754 Thread 0x0000000016f8b800 Uncommon trap: reason=unstable_if action=reinterpret pc=0x0000000002686d78 method=com.android.dx.cf.code.Ropper.labelToResultIndex(I)I @ 34
Event: 2.813 Thread 0x0000000017022800 Uncommon trap: reason=unstable_if action=reinterpret pc=0x00000000028d650c method=com.android.dx.cf.code.BaseMachine.getLocalTarget(Z)Lcom/android/dx/rop/code/RegisterSpec; @ 131
Event: 2.916 Thread 0x000000001703e000 Uncommon trap: reason=unstable_if action=reinterpret pc=0x00000000027f3634 method=java.util.HashMap.putVal(ILjava/lang/Object;Ljava/lang/Object;ZZ)Ljava/lang/Object; @ 162
Event: 2.940 Thread 0x0000000017022800 Uncommon trap: reason=null_check action=make_not_entrant pc=0x00000000025143d4 method=com.android.dx.ssa.SsaRenamer.getLocalForNewReg(I)Lcom/android/dx/rop/code/LocalItem; @ 19
Event: 2.957 Thread 0x0000000016f8b800 Uncommon trap: reason=bimorphic action=maybe_recompile pc=0x000000000281e0cc method=com.android.dx.ssa.LiteralOpUpgrader.tryReplacingWithConstant(Lcom/android/dx/ssa/NormalSsaInsn;)Z @ 52
Event: 2.964 Thread 0x0000000016f8b800 Uncommon trap: reason=bimorphic action=maybe_recompile pc=0x000000000281e0cc method=com.android.dx.ssa.LiteralOpUpgrader.tryReplacingWithConstant(Lcom/android/dx/ssa/NormalSsaInsn;)Z @ 52
Event: 3.215 Thread 0x0000000017022800 Uncommon trap: reason=bimorphic action=maybe_recompile pc=0x000000000294560c method=com.android.dx.cf.code.BytecodeArray.parseInstruction(ILcom/android/dx/cf/code/BytecodeArray$Visitor;)I @ 1357
Event: 3.216 Thread 0x0000000017022800 Uncommon trap: reason=bimorphic action=maybe_recompile pc=0x000000000294560c method=com.android.dx.cf.code.BytecodeArray.parseInstruction(ILcom/android/dx/cf/code/BytecodeArray$Visitor;)I @ 1357
Event: 3.301 Thread 0x000000001703e000 Uncommon trap: reason=unstable_if action=reinterpret pc=0x000000000293d874 method=java.util.HashMap.putVal(ILjava/lang/Object;Ljava/lang/Object;ZZ)Ljava/lang/Object; @ 109
Event: 3.341 Thread 0x0000000016f66800 Uncommon trap: reason=bimorphic action=maybe_recompile pc=0x000000000281e0cc method=com.android.dx.ssa.LiteralOpUpgrader.tryReplacingWithConstant(Lcom/android/dx/ssa/NormalSsaInsn;)Z @ 52

Internal exceptions (8 events):
Event: 0.087 Thread 0x0000000001fed800 Exception <a 'java/lang/NoSuchMethodError': Method sun.misc.Unsafe.defineClass(Ljava/lang/String;[BII)Ljava/lang/Class; name or signature does not match> (0x00000000eab07cc0) thrown at [D:\re\workspace\8-2-build-windows-amd64-cygwin\jdk8u92\6642\hotspot\srQú@XW¶?
Event: 0.087 Thread 0x0000000001fed800 Exception <a 'java/lang/NoSuchMethodError': Method sun.misc.Unsafe.prefetchRead(Ljava/lang/Object;J)V name or signature does not match> (0x00000000eab07fa8) thrown at [D:\re\workspace\8-2-build-windows-amd64-cygwin\jdk8u92\6642\hotspot\src\share\vm\prims\j>–".$÷?
Event: 1.446 Thread 0x0000000017022800 Implicit null exception at 0x0000000002556c62 to 0x0000000002556d52
Event: 2.100 Thread 0x000000001703e000 Implicit null exception at 0x0000000002533e33 to 0x0000000002535ed1
Event: 2.666 Thread 0x0000000016f66800 Exception <a 'java/lang/ArrayIndexOutOfBoundsException': 18> (0x00000000eaca7090) thrown at [D:\re\workspace\8-2-build-windows-amd64-cygwin\jdk8u92\6642\hotspot\src\share\vm\interpreter\interpreterRuntime.cpp, line 366]
Event: 2.667 Thread 0x0000000016f66800 Exception <a 'java/lang/ArrayIndexOutOfBoundsException': 145> (0x00000000eaca8c10) thrown at [D:\re\workspace\8-2-build-windows-amd64-cygwin\jdk8u92\6642\hotspot\src\share\vm\interpreter\interpreterRuntime.cpp, line 366]
Event: 2.668 Thread 0x0000000016f66800 Exception <a 'java/lang/ArrayIndexOutOfBoundsException': 40> (0x00000000eaca9ef8) thrown at [D:\re\workspace\8-2-build-windows-amd64-cygwin\jdk8u92\6642\hotspot\src\share\vm\interpreter\interpreterRuntime.cpp, line 366]
Event: 2.940 Thread 0x0000000017022800 Implicit null exception at 0x0000000002512a2d to 0x00000000025143b5

Events (10 events):
Event: 3.216 Thread 0x0000000017022800 DEOPT PACKING pc=0x000000000294560c sp=0x0000000017f5e8a0
Event: 3.216 Thread 0x0000000017022800 DEOPT UNPACKING pc=0x00000000022b582a sp=0x0000000017f5e820 mode 2
Event: 3.301 Thread 0x000000001703e000 Uncommon trap: trap_request=0xffffff65 fr.pc=0x000000000293d874
Event: 3.301 Thread 0x000000001703e000 DEOPT PACKING pc=0x000000000293d874 sp=0x0000000017d5ec00
Event: 3.301 Thread 0x000000001703e000 DEOPT UNPACKING pc=0x00000000022b582a sp=0x0000000017d5eaa8 mode 2
Event: 3.341 Thread 0x0000000016f66800 Uncommon trap: trap_request=0xffffffc6 fr.pc=0x000000000281e0cc
Event: 3.341 Thread 0x0000000016f66800 DEOPT PACKING pc=0x000000000281e0cc sp=0x0000000017b5e590
Event: 3.341 Thread 0x0000000016f66800 DEOPT UNPACKING pc=0x00000000022b582a sp=0x0000000017b5e488 mode 2
Event: 3.397 Executing VM operation: ParallelGCFailedAllocation
Event: 3.483 Executing VM operation: ParallelGCFailedAllocation done


Dynamic libraries:
0x00007ff74c760000 - 0x00007ff74c797000 	C:\Program Files\Java\jdk1.8.0_92\bin\java.exe
0x00007ffc2cd40000 - 0x00007ffc2cf01000 	C:\WINDOWS\SYSTEM32\ntdll.dll
0x00007ffc2aa80000 - 0x00007ffc2ab2d000 	C:\WINDOWS\system32\KERNEL32.DLL
0x00007ffc294f0000 - 0x00007ffc296d8000 	C:\WINDOWS\system32\KERNELBASE.dll
0x00007ffc2cc90000 - 0x00007ffc2cd37000 	C:\WINDOWS\system32\ADVAPI32.dll
0x00007ffc2a8a0000 - 0x00007ffc2a93d000 	C:\WINDOWS\system32\msvcrt.dll
0x00007ffc2af80000 - 0x00007ffc2afdb000 	C:\WINDOWS\system32\sechost.dll
0x00007ffc2ab30000 - 0x00007ffc2ac4c000 	C:\WINDOWS\system32\RPCRT4.dll
0x00007ffc2b200000 - 0x00007ffc2b356000 	C:\WINDOWS\system32\USER32.dll
0x00007ffc2b530000 - 0x00007ffc2b6b6000 	C:\WINDOWS\system32\GDI32.dll
0x00007ffc16690000 - 0x00007ffc16904000 	C:\WINDOWS\WinSxS\amd64_microsoft.windows.common-controls_6595b64144ccf1df_6.0.10586.0_none_8c15ae12515e1c22\COMCTL32.dll
0x00007ffc2ac50000 - 0x00007ffc2aecd000 	C:\WINDOWS\system32\combase.dll
0x00007ffc296e0000 - 0x00007ffc2974a000 	C:\WINDOWS\system32\bcryptPrimitives.dll
0x00007ffc2af30000 - 0x00007ffc2af6b000 	C:\WINDOWS\system32\IMM32.DLL
0x0000000073140000 - 0x0000000073212000 	C:\Program Files\Java\jdk1.8.0_92\jre\bin\msvcr100.dll
0x0000000073860000 - 0x00000000740f6000 	C:\Program Files\Java\jdk1.8.0_92\jre\bin\server\jvm.dll
0x00007ffc2af70000 - 0x00007ffc2af78000 	C:\WINDOWS\system32\PSAPI.DLL
0x00007ffc1e470000 - 0x00007ffc1e479000 	C:\WINDOWS\SYSTEM32\WSOCK32.dll
0x00007ffc27980000 - 0x00007ffc279a3000 	C:\WINDOWS\SYSTEM32\WINMM.dll
0x00007ffc2aa10000 - 0x00007ffc2aa7b000 	C:\WINDOWS\system32\WS2_32.dll
0x00007ffc1e4b0000 - 0x00007ffc1e4ba000 	C:\WINDOWS\SYSTEM32\VERSION.dll
0x00007ffc27640000 - 0x00007ffc2766c000 	C:\WINDOWS\SYSTEM32\WINMMBASE.dll
0x00007ffc293f0000 - 0x00007ffc29433000 	C:\WINDOWS\system32\cfgmgr32.dll
0x0000000073850000 - 0x000000007385f000 	C:\Program Files\Java\jdk1.8.0_92\jre\bin\verify.dll
0x0000000073820000 - 0x0000000073849000 	C:\Program Files\Java\jdk1.8.0_92\jre\bin\java.dll
0x0000000073800000 - 0x0000000073816000 	C:\Program Files\Java\jdk1.8.0_92\jre\bin\zip.dll
0x00007ffc2b6c0000 - 0x00007ffc2cc1c000 	C:\WINDOWS\system32\SHELL32.dll
0x00007ffc29810000 - 0x00007ffc29e54000 	C:\WINDOWS\system32\windows.storage.dll
0x00007ffc2a300000 - 0x00007ffc2a352000 	C:\WINDOWS\system32\shlwapi.dll
0x00007ffc29380000 - 0x00007ffc2938f000 	C:\WINDOWS\system32\kernel.appcore.dll
0x00007ffc29750000 - 0x00007ffc29805000 	C:\WINDOWS\system32\shcore.dll
0x00007ffc29390000 - 0x00007ffc293db000 	C:\WINDOWS\system32\powrprof.dll
0x00007ffc29360000 - 0x00007ffc29374000 	C:\WINDOWS\system32\profapi.dll

VM Arguments:
jvm_args: -Djava.awt.headless=true -Xmx1024M -Dfile.encoding=windows-1252 -Duser.country=419 -Duser.language=es -Duser.variant 
java_command: com.android.dx.command.Main --dex --force-jumbo --num-threads=4 --multi-dex --output C:\Facu\TipCal\app\build\intermediates\transforms\dex\debug\folders\1000\10\com.android.support-recyclerview-v7-23.1.1_3cd2c635a597309266ab57b52ccd15e93933fb83 C:\Facu\TipCal\app\build\intermediates\exploded-aar\com.android.support\recyclerview-v7\23.1.1\jars\classes.jar
java_class_path (initial): C:\Users\Admin\AppData\Local\Android\android-sdk\build-tools\23.0.3\lib\dx.jar
Launcher Type: SUN_STANDARD

Environment Variables:
PATH=C:\ProgramData\Oracle\Java\javapath;C:\Program Files (x86)\Common Files\Intel\Shared Files\cpp\bin\Intel64;C:\WINDOWS\system32;C:\WINDOWS;C:\WINDOWS\System32\Wbem;C:\WINDOWS\System32\WindowsPowerShell\v1.0\;C:\Program Files (x86)\Microsoft SQL Server\110\Tools\Binn\;C:\Program Files\Microsoft SQL Server\110\Tools\Binn\;C:\Program Files\Microsoft SQL Server\110\DTS\Binn\;C:\Program Files (x86)\Microsoft SQL Server\110\Tools\Binn\ManagementStudio\;C:\Program Files (x86)\Microsoft Visual Studio 10.0\Common7\IDE\PrivateAssemblies\;C:\Program Files (x86)\Microsoft SQL Server\110\DTS\Binn\;C:\Program Files (x86)\Microsoft SQL Server\100\Tools\Binn\;C:\Program Files\Microsoft SQL Server\100\Tools\Binn\;C:\Program Files\Microsoft SQL Server\100\DTS\Binn\;C:\Program Files (x86)\Microsoft SQL Server\100\Tools\Binn\VSShell\Common7\IDE\;C:\Program Files (x86)\Microsoft SQL Server\100\DTS\Binn\;C:\WINDOWS\system32\config\systemprofile\.dnx\bin;C:\Program Files\Microsoft DNX\Dnvm\;C:\Program Files\Microsoft\Web Platform Installer\;C:\Program Files (x86)\Skype\Phone\
USERNAME=MaxiE
OS=Windows_NT
PROCESSOR_IDENTIFIER=Intel64 Family 6 Model 58 Stepping 9, GenuineIntel



---------------  S Y S T E M  ---------------

OS: Windows 10.0 , 64 bit Build 10586 (10.0.10586.0)

CPU:total 8 (4 cores per cpu, 2 threads per core) family 6 model 58 stepping 9, cmov, cx8, fxsr, mmx, sse, sse2, sse3, ssse3, sse4.1, sse4.2, popcnt, avx, aes, clmul, erms, ht, tsc, tscinvbit, tscinv

Memory: 4k page, physical 7826712k(1329852k free), swap 7826712k(5240k free)

vm_info: Java HotSpot(TM) 64-Bit Server VM (25.92-b14) for windows-amd64 JRE (1.8.0_92-b14), built on Mar 31 2016 21:03:04 by "java_re" with MS VC++ 10.0 (VS2010)

time: Wed Jun 01 21:41:41 2016
elapsed time: 3 seconds (0d 0h 0m 3s)

