#
# There is insufficient memory for the Java Runtime Environment to continue.
# Native memory allocation (malloc) failed to allocate 391296 bytes for Chunk::new
# Possible reasons:
#   The system is out of physical RAM or swap space
#   In 32 bit mode, the process size limit was hit
# Possible solutions:
#   Reduce memory load on the system
#   Increase physical memory or swap space
#   Check if swap backing store is full
#   Use 64 bit Java on a 64 bit OS
#   Decrease Java heap size (-Xmx/-Xms)
#   Decrease number of Java threads
#   Decrease Java thread stack sizes (-Xss)
#   Set larger code cache with -XX:ReservedCodeCacheSize=
# This output file may be truncated or incomplete.
#
#  Out of Memory Error (allocation.cpp:390), pid=7220, tid=0x00000000000025c0
#
# JRE version: Java(TM) SE Runtime Environment (8.0_92-b14) (build 1.8.0_92-b14)
# Java VM: Java HotSpot(TM) 64-Bit Server VM (25.92-b14 mixed mode windows-amd64 compressed oops)
# Failed to write core dump. Minidumps are not enabled by default on client versions of Windows
#

---------------  T H R E A D  ---------------

Current thread (0x0000000016d7a000):  JavaThread "C2 CompilerThread0" daemon [_thread_in_native, id=9664, stack(0x0000000017550000,0x0000000017650000)]

Stack: [0x0000000017550000,0x0000000017650000]
[error occurred during error reporting (printing stack bounds), id 0xc0000005]

Native frames: (J=compiled Java code, j=interpreted, Vv=VM code, C=native code)


Current CompileTask:
C2:   2759 1357       4       com.android.dx.ssa.LocalVariableExtractor::processBlock (383 bytes)


---------------  P R O C E S S  ---------------

Java Threads: ( => current thread )
  0x00000000170cb800 JavaThread "pool-2-thread-4" [_thread_blocked, id=6040, stack(0x0000000017f50000,0x0000000018050000)]
  0x00000000170ba800 JavaThread "pool-2-thread-3" [_thread_blocked, id=4552, stack(0x0000000017e50000,0x0000000017f50000)]
  0x00000000170b6000 JavaThread "pool-2-thread-2" [_thread_blocked, id=568, stack(0x0000000017d50000,0x0000000017e50000)]
  0x0000000017056000 JavaThread "pool-3-thread-1" [_thread_blocked, id=9080, stack(0x0000000017c50000,0x0000000017d50000)]
  0x0000000017055000 JavaThread "pool-2-thread-1" [_thread_blocked, id=10460, stack(0x0000000017b50000,0x0000000017c50000)]
  0x0000000016e1e800 JavaThread "Service Thread" daemon [_thread_blocked, id=10836, stack(0x0000000017950000,0x0000000017a50000)]
  0x0000000016d89800 JavaThread "C1 CompilerThread3" daemon [_thread_blocked, id=116, stack(0x0000000017850000,0x0000000017950000)]
  0x0000000016d83800 JavaThread "C2 CompilerThread2" daemon [_thread_in_native, id=5964, stack(0x0000000017750000,0x0000000017850000)]
  0x0000000016d7e000 JavaThread "C2 CompilerThread1" daemon [_thread_in_native, id=7964, stack(0x0000000017650000,0x0000000017750000)]
=>0x0000000016d7a000 JavaThread "C2 CompilerThread0" daemon [_thread_in_native, id=9664, stack(0x0000000017550000,0x0000000017650000)]
  0x0000000016d77000 JavaThread "Attach Listener" daemon [_thread_blocked, id=9668, stack(0x0000000017450000,0x0000000017550000)]
  0x0000000016d76000 JavaThread "Signal Dispatcher" daemon [_thread_blocked, id=6164, stack(0x0000000017350000,0x0000000017450000)]
  0x0000000016d70800 JavaThread "Finalizer" daemon [_thread_blocked, id=6320, stack(0x0000000017150000,0x0000000017250000)]
  0x0000000014e8d800 JavaThread "Reference Handler" daemon [_thread_blocked, id=8400, stack(0x0000000016c50000,0x0000000016d50000)]
  0x000000000216d800 JavaThread "main" [_thread_blocked, id=1700, stack(0x0000000002170000,0x0000000002270000)]

Other Threads:
  0x0000000014e88800 VMThread [stack: 0x0000000016b50000,0x0000000016c50000] [id=11176]
  0x0000000016dce800 WatcherThread [stack: 0x0000000017a50000,0x0000000017b50000] [id=8108]

VM state:at safepoint (normal execution)

VM Mutex/Monitor currently owned by a thread:  ([mutex/lock_event])
[0x000000000216c4a0] Threads_lock - owner thread: 0x0000000014e88800
[0x000000000216cb20] Heap_lock - owner thread: 0x0000000017055000

Heap:
 PSYoungGen      total 35840K, used 35832K [0x00000000eab00000, 0x00000000ef100000, 0x0000000100000000)
  eden space 30720K, 100% used [0x00000000eab00000,0x00000000ec900000,0x00000000ec900000)
  from space 5120K, 99% used [0x00000000ec900000,0x00000000ecdfe0e8,0x00000000ece00000)
  to   space 5120K, 99% used [0x00000000eec00000,0x00000000ef0f9d98,0x00000000ef100000)
 ParOldGen       total 81920K, used 5057K [0x00000000c0000000, 0x00000000c5000000, 0x00000000eab00000)
  object space 81920K, 6% used [0x00000000c0000000,0x00000000c04f0688,0x00000000c5000000)
 Metaspace       used 6073K, capacity 6964K, committed 7040K, reserved 1056768K
  class space    used 601K, capacity 620K, committed 640K, reserved 1048576K

Card table byte_map: [0x0000000011730000,0x0000000011940000] byte_map_base: 0x0000000011130000

Marking Bits: (ParMarkBitMap*) 0x00000000740764f0
 Begin Bits: [0x00000000122a0000, 0x00000000132a0000)
 End Bits:   [0x00000000132a0000, 0x00000000142a0000)

Polling page: 0x00000000004f0000

CodeCache: size=245760Kb used=5708Kb max_used=5719Kb free=240051Kb
 bounds [0x0000000002370000, 0x0000000002910000, 0x0000000011370000]
 total_blobs=1649 nmethods=1380 adapters=182
 compilation: enabled

Compilation events (10 events):
Event: 2.554 Thread 0x0000000016d89800 1330       3       com.android.dx.dex.file.StringIdsSection::intern (13 bytes)
Event: 2.554 Thread 0x0000000016d89800 nmethod 1330 0x00000000028f6710 code [0x00000000028f68c0, 0x00000000028f6dd8]
Event: 2.554 Thread 0x0000000016d89800 1331       3       com.android.dx.dex.file.StringIdItem::<init> (29 bytes)
Event: 2.555 Thread 0x0000000016d89800 nmethod 1331 0x00000000028f7050 code [0x00000000028f71e0, 0x00000000028f7588]
Event: 2.555 Thread 0x0000000016d89800 1332  s    3       com.android.dx.dex.file.StringIdsSection::intern (53 bytes)
Event: 2.555 Thread 0x0000000016d89800 nmethod 1332 0x00000000028f7710 code [0x00000000028f78e0, 0x00000000028f8258]
Event: 2.555 Thread 0x0000000016d89800 1359       1       java.util.HashMap$Node::getKey (5 bytes)
Event: 2.555 Thread 0x0000000016d89800 nmethod 1359 0x00000000028cd010 code [0x00000000028cd160, 0x00000000028cd270]
Event: 2.570 Thread 0x0000000016d7e000 nmethod 1363% 0x00000000028fbc10 code [0x00000000028fbdc0, 0x00000000028fc7b8]
Event: 2.570 Thread 0x0000000016d7e000 1367       4       com.android.dx.rop.code.RegisterSpecSet::size (49 bytes)

GC Heap History (2 events):
Event: 1.921 GC heap before
{Heap before GC invocations=1 (full 0):
 PSYoungGen      total 35840K, used 30720K [0x00000000eab00000, 0x00000000ed300000, 0x0000000100000000)
  eden space 30720K, 100% used [0x00000000eab00000,0x00000000ec900000,0x00000000ec900000)
  from space 5120K, 0% used [0x00000000ece00000,0x00000000ece00000,0x00000000ed300000)
  to   space 5120K, 0% used [0x00000000ec900000,0x00000000ec900000,0x00000000ece00000)
 ParOldGen       total 81920K, used 0K [0x00000000c0000000, 0x00000000c5000000, 0x00000000eab00000)
  object space 81920K, 0% used [0x00000000c0000000,0x00000000c0000000,0x00000000c5000000)
 Metaspace       used 5920K, capacity 6836K, committed 7040K, reserved 1056768K
  class space    used 601K, capacity 620K, committed 640K, reserved 1048576K
Event: 2.003 GC heap after
Heap after GC invocations=1 (full 0):
 PSYoungGen      total 35840K, used 5112K [0x00000000eab00000, 0x00000000ef100000, 0x0000000100000000)
  eden space 30720K, 0% used [0x00000000eab00000,0x00000000eab00000,0x00000000ec900000)
  from space 5120K, 99% used [0x00000000ec900000,0x00000000ecdfe0e8,0x00000000ece00000)
  to   space 5120K, 0% used [0x00000000eec00000,0x00000000eec00000,0x00000000ef100000)
 ParOldGen       total 81920K, used 1098K [0x00000000c0000000, 0x00000000c5000000, 0x00000000eab00000)
  object space 81920K, 1% used [0x00000000c0000000,0x00000000c0112978,0x00000000c5000000)
 Metaspace       used 5920K, capacity 6836K, committed 7040K, reserved 1056768K
  class space    used 601K, capacity 620K, committed 640K, reserved 1048576K
}

Deoptimization events (10 events):
Event: 1.856 Thread 0x0000000017055000 Uncommon trap: reason=bimorphic action=maybe_recompile pc=0x00000000025df470 method=java.util.HashMap.getNode(ILjava/lang/Object;)Ljava/util/HashMap$Node; @ 126
Event: 1.856 Thread 0x0000000017055000 Uncommon trap: reason=class_check action=maybe_recompile pc=0x0000000002701d50 method=java.util.HashMap.putVal(ILjava/lang/Object;Ljava/lang/Object;ZZ)Ljava/lang/Object; @ 203
Event: 1.857 Thread 0x0000000017055000 Uncommon trap: reason=bimorphic action=maybe_recompile pc=0x00000000025df470 method=java.util.HashMap.getNode(ILjava/lang/Object;)Ljava/util/HashMap$Node; @ 126
Event: 1.857 Thread 0x0000000017055000 Uncommon trap: reason=class_check action=maybe_recompile pc=0x0000000002701d50 method=java.util.HashMap.putVal(ILjava/lang/Object;Ljava/lang/Object;ZZ)Ljava/lang/Object; @ 203
Event: 1.857 Thread 0x0000000017055000 Uncommon trap: reason=bimorphic action=maybe_recompile pc=0x00000000025ad3a8 method=java.util.HashMap.getNode(ILjava/lang/Object;)Ljava/util/HashMap$Node; @ 126
Event: 1.871 Thread 0x0000000017055000 Uncommon trap: reason=class_check action=maybe_recompile pc=0x00000000026fed9c method=java.util.HashMap.putVal(ILjava/lang/Object;Ljava/lang/Object;ZZ)Ljava/lang/Object; @ 203
Event: 2.045 Thread 0x0000000017055000 Uncommon trap: reason=unstable_if action=reinterpret pc=0x00000000025dc490 method=com.android.dx.rop.code.RegisterSpec.equals(ILcom/android/dx/rop/type/TypeBearer;Lcom/android/dx/rop/code/LocalItem;)Z @ 42
Event: 2.117 Thread 0x00000000170b6000 Uncommon trap: reason=unstable_if action=reinterpret pc=0x0000000002796714 method=com.android.dx.ssa.SCCP.simulateStmt(Lcom/android/dx/ssa/SsaInsn;)V @ 53
Event: 2.433 Thread 0x00000000170b6000 Uncommon trap: reason=unstable_if action=reinterpret pc=0x0000000002804b28 method=com.android.dx.cf.code.BytecodeArray.parseInstruction(ILcom/android/dx/cf/code/BytecodeArray$Visitor;)I @ 1198
Event: 2.435 Thread 0x000000000216d800 Uncommon trap: reason=unstable_if action=reinterpret pc=0x00000000027fcf20 method=com.android.dx.ssa.SCCP.simulateBranch(Lcom/android/dx/ssa/SsaInsn;)V @ 64

Internal exceptions (3 events):
Event: 0.044 Thread 0x000000000216d800 Exception <a 'java/lang/NoSuchMethodError': Method sun.misc.Unsafe.defineClass(Ljava/lang/String;[BII)Ljava/lang/Class; name or signature does not match> (0x00000000eab07cc0) thrown at [D:\re\workspace\8-2-build-windows-amd64-cygwin\jdk8u92\6642\hotspot\sr–R)nj¶?
Event: 0.044 Thread 0x000000000216d800 Exception <a 'java/lang/NoSuchMethodError': Method sun.misc.Unsafe.prefetchRead(Ljava/lang/Object;J)V name or signature does not match> (0x00000000eab07fa8) thrown at [D:\re\workspace\8-2-build-windows-amd64-cygwin\jdk8u92\6642\hotspot\src\share\vm\prims\j∆O±éMÙ?
Event: 1.269 Thread 0x000000000216d800 Implicit null exception at 0x00000000025ec3ee to 0x00000000025ed8f5

Events (10 events):
Event: 2.433 Thread 0x00000000170b6000 Uncommon trap: trap_request=0xffffff65 fr.pc=0x0000000002804b28
Event: 2.433 Thread 0x00000000170b6000 DEOPT PACKING pc=0x0000000002804b28 sp=0x0000000017e4eac0
Event: 2.433 Thread 0x00000000170b6000 DEOPT UNPACKING pc=0x00000000023b582a sp=0x0000000017e4ea58 mode 2
Event: 2.435 Thread 0x000000000216d800 Uncommon trap: trap_request=0xffffff65 fr.pc=0x00000000027fcf20
Event: 2.435 Thread 0x000000000216d800 DEOPT PACKING pc=0x00000000027fcf20 sp=0x000000000226e4d0
Event: 2.435 Thread 0x000000000216d800 DEOPT UNPACKING pc=0x00000000023b582a sp=0x000000000226e480 mode 2
Event: 2.455 Thread 0x0000000017055000 DEOPT PACKING pc=0x00000000026d3350 sp=0x0000000017c4e900
Event: 2.455 Thread 0x0000000017055000 DEOPT UNPACKING pc=0x00000000023b787f sp=0x0000000017c4e698 mode 0
Event: 2.534 Thread 0x0000000017055000 DEOPT PACKING pc=0x000000000273cb1b sp=0x0000000017c4e9c0
Event: 2.534 Thread 0x0000000017055000 DEOPT UNPACKING pc=0x00000000023b787f sp=0x0000000017c4e788 mode 0


Dynamic libraries:
0x00007ff74c760000 - 0x00007ff74c797000 	C:\Program Files\Java\jdk1.8.0_92\bin\java.exe
0x00007ffc2cd40000 - 0x00007ffc2cf01000 	C:\WINDOWS\SYSTEM32\ntdll.dll
0x00007ffc2aa80000 - 0x00007ffc2ab2d000 	C:\WINDOWS\system32\KERNEL32.DLL
0x00007ffc294f0000 - 0x00007ffc296d8000 	C:\WINDOWS\system32\KERNELBASE.dll
0x00007ffc2cc90000 - 0x00007ffc2cd37000 	C:\WINDOWS\system32\ADVAPI32.dll
0x00007ffc2a8a0000 - 0x00007ffc2a93d000 	C:\WINDOWS\system32\msvcrt.dll
0x00007ffc2af80000 - 0x00007ffc2afdb000 	C:\WINDOWS\system32\sechost.dll
0x00007ffc2ab30000 - 0x00007ffc2ac4c000 	C:\WINDOWS\system32\RPCRT4.dll
0x00007ffc2b200000 - 0x00007ffc2b356000 	C:\WINDOWS\system32\USER32.dll
0x00007ffc2b530000 - 0x00007ffc2b6b6000 	C:\WINDOWS\system32\GDI32.dll
0x00007ffc16690000 - 0x00007ffc16904000 	C:\WINDOWS\WinSxS\amd64_microsoft.windows.common-controls_6595b64144ccf1df_6.0.10586.0_none_8c15ae12515e1c22\COMCTL32.dll
0x00007ffc2ac50000 - 0x00007ffc2aecd000 	C:\WINDOWS\system32\combase.dll
0x00007ffc296e0000 - 0x00007ffc2974a000 	C:\WINDOWS\system32\bcryptPrimitives.dll
0x00007ffc2af30000 - 0x00007ffc2af6b000 	C:\WINDOWS\system32\IMM32.DLL
0x0000000073140000 - 0x0000000073212000 	C:\Program Files\Java\jdk1.8.0_92\jre\bin\msvcr100.dll
0x0000000073860000 - 0x00000000740f6000 	C:\Program Files\Java\jdk1.8.0_92\jre\bin\server\jvm.dll
0x00007ffc2af70000 - 0x00007ffc2af78000 	C:\WINDOWS\system32\PSAPI.DLL
0x00007ffc1e470000 - 0x00007ffc1e479000 	C:\WINDOWS\SYSTEM32\WSOCK32.dll
0x00007ffc2aa10000 - 0x00007ffc2aa7b000 	C:\WINDOWS\system32\WS2_32.dll
0x00007ffc27980000 - 0x00007ffc279a3000 	C:\WINDOWS\SYSTEM32\WINMM.dll
0x00007ffc1e4b0000 - 0x00007ffc1e4ba000 	C:\WINDOWS\SYSTEM32\VERSION.dll
0x00007ffc27640000 - 0x00007ffc2766c000 	C:\WINDOWS\SYSTEM32\WINMMBASE.dll
0x00007ffc293f0000 - 0x00007ffc29433000 	C:\WINDOWS\system32\cfgmgr32.dll
0x0000000073850000 - 0x000000007385f000 	C:\Program Files\Java\jdk1.8.0_92\jre\bin\verify.dll
0x0000000073820000 - 0x0000000073849000 	C:\Program Files\Java\jdk1.8.0_92\jre\bin\java.dll
0x0000000073800000 - 0x0000000073816000 	C:\Program Files\Java\jdk1.8.0_92\jre\bin\zip.dll
0x00007ffc2b6c0000 - 0x00007ffc2cc1c000 	C:\WINDOWS\system32\SHELL32.dll
0x00007ffc29810000 - 0x00007ffc29e54000 	C:\WINDOWS\system32\windows.storage.dll
0x00007ffc2a300000 - 0x00007ffc2a352000 	C:\WINDOWS\system32\shlwapi.dll
0x00007ffc29380000 - 0x00007ffc2938f000 	C:\WINDOWS\system32\kernel.appcore.dll
0x00007ffc29750000 - 0x00007ffc29805000 	C:\WINDOWS\system32\shcore.dll
0x00007ffc29390000 - 0x00007ffc293db000 	C:\WINDOWS\system32\powrprof.dll
0x00007ffc29360000 - 0x00007ffc29374000 	C:\WINDOWS\system32\profapi.dll

VM Arguments:
jvm_args: -Djava.awt.headless=true -Xmx1024M -Dfile.encoding=windows-1252 -Duser.country=419 -Duser.language=es -Duser.variant 
java_command: com.android.dx.command.Main --dex --force-jumbo --num-threads=4 --multi-dex --output C:\Facu\TipCal\app\build\intermediates\transforms\dex\debug\folders\1000\10\com.android.support-recyclerview-v7-23.1.1_3cd2c635a597309266ab57b52ccd15e93933fb83 C:\Facu\TipCal\app\build\intermediates\exploded-aar\com.android.support\recyclerview-v7\23.1.1\jars\classes.jar
java_class_path (initial): C:\Users\Admin\AppData\Local\Android\android-sdk\build-tools\23.0.3\lib\dx.jar
Launcher Type: SUN_STANDARD

Environment Variables:
PATH=C:\ProgramData\Oracle\Java\javapath;C:\Program Files (x86)\Common Files\Intel\Shared Files\cpp\bin\Intel64;C:\WINDOWS\system32;C:\WINDOWS;C:\WINDOWS\System32\Wbem;C:\WINDOWS\System32\WindowsPowerShell\v1.0\;C:\Program Files (x86)\Microsoft SQL Server\110\Tools\Binn\;C:\Program Files\Microsoft SQL Server\110\Tools\Binn\;C:\Program Files\Microsoft SQL Server\110\DTS\Binn\;C:\Program Files (x86)\Microsoft SQL Server\110\Tools\Binn\ManagementStudio\;C:\Program Files (x86)\Microsoft Visual Studio 10.0\Common7\IDE\PrivateAssemblies\;C:\Program Files (x86)\Microsoft SQL Server\110\DTS\Binn\;C:\Program Files (x86)\Microsoft SQL Server\100\Tools\Binn\;C:\Program Files\Microsoft SQL Server\100\Tools\Binn\;C:\Program Files\Microsoft SQL Server\100\DTS\Binn\;C:\Program Files (x86)\Microsoft SQL Server\100\Tools\Binn\VSShell\Common7\IDE\;C:\Program Files (x86)\Microsoft SQL Server\100\DTS\Binn\;C:\WINDOWS\system32\config\systemprofile\.dnx\bin;C:\Program Files\Microsoft DNX\Dnvm\;C:\Program Files\Microsoft\Web Platform Installer\;C:\Program Files (x86)\Skype\Phone\
USERNAME=MaxiE
OS=Windows_NT
PROCESSOR_IDENTIFIER=Intel64 Family 6 Model 58 Stepping 9, GenuineIntel



---------------  S Y S T E M  ---------------

OS: Windows 10.0 , 64 bit Build 10586 (10.0.10586.0)

CPU:total 8 (4 cores per cpu, 2 threads per core) family 6 model 58 stepping 9, cmov, cx8, fxsr, mmx, sse, sse2, sse3, ssse3, sse4.1, sse4.2, popcnt, avx, aes, clmul, erms, ht, tsc, tscinvbit, tscinv

Memory: 4k page, physical 7826712k(1344292k free), swap 7826712k(752k free)

vm_info: Java HotSpot(TM) 64-Bit Server VM (25.92-b14) for windows-amd64 JRE (1.8.0_92-b14), built on Mar 31 2016 21:03:04 by "java_re" with MS VC++ 10.0 (VS2010)

time: Wed Jun 01 21:42:44 2016
elapsed time: 2 seconds (0d 0h 0m 2s)

