#
# There is insufficient memory for the Java Runtime Environment to continue.
# Native memory allocation (malloc) failed to allocate 503856 bytes for Chunk::new
# Possible reasons:
#   The system is out of physical RAM or swap space
#   In 32 bit mode, the process size limit was hit
# Possible solutions:
#   Reduce memory load on the system
#   Increase physical memory or swap space
#   Check if swap backing store is full
#   Use 64 bit Java on a 64 bit OS
#   Decrease Java heap size (-Xmx/-Xms)
#   Decrease number of Java threads
#   Decrease Java thread stack sizes (-Xss)
#   Set larger code cache with -XX:ReservedCodeCacheSize=
# This output file may be truncated or incomplete.
#
#  Out of Memory Error (allocation.cpp:390), pid=3312, tid=0x0000000000000830
#
# JRE version: Java(TM) SE Runtime Environment (8.0_92-b14) (build 1.8.0_92-b14)
# Java VM: Java HotSpot(TM) 64-Bit Server VM (25.92-b14 mixed mode windows-amd64 compressed oops)
# Failed to write core dump. Minidumps are not enabled by default on client versions of Windows
#

---------------  T H R E A D  ---------------

Current thread (0x0000000016d6f000):  JavaThread "C2 CompilerThread2" daemon [_thread_in_native, id=2096, stack(0x0000000017740000,0x0000000017840000)]

Stack: [0x0000000017740000,0x0000000017840000]
[error occurred during error reporting (printing stack bounds), id 0xc0000005]

Native frames: (J=compiled Java code, j=interpreted, Vv=VM code, C=native code)


Current CompileTask:
C2:   9020 2075       4       com.android.dx.ssa.LocalVariableExtractor::processBlock (383 bytes)


---------------  P R O C E S S  ---------------

Java Threads: ( => current thread )
  0x0000000017b9c000 JavaThread "pool-2-thread-4" [_thread_blocked, id=608, stack(0x0000000018740000,0x0000000018840000)]
  0x0000000017b9b800 JavaThread "pool-2-thread-3" [_thread_blocked, id=4592, stack(0x0000000018640000,0x0000000018740000)]
  0x0000000017b9a800 JavaThread "pool-2-thread-2" [_thread_blocked, id=7752, stack(0x0000000018540000,0x0000000018640000)]
  0x000000001713c000 JavaThread "pool-3-thread-1" [_thread_blocked, id=10952, stack(0x0000000018440000,0x0000000018540000)]
  0x000000001713b800 JavaThread "pool-2-thread-1" [_thread_in_Java, id=11040, stack(0x0000000018340000,0x0000000018440000)]
  0x0000000016d7a800 JavaThread "Service Thread" daemon [_thread_blocked, id=10528, stack(0x0000000017940000,0x0000000017a40000)]
  0x0000000016d74800 JavaThread "C1 CompilerThread3" daemon [_thread_blocked, id=4740, stack(0x0000000017840000,0x0000000017940000)]
=>0x0000000016d6f000 JavaThread "C2 CompilerThread2" daemon [_thread_in_native, id=2096, stack(0x0000000017740000,0x0000000017840000)]
  0x0000000016d6e000 JavaThread "C2 CompilerThread1" daemon [_thread_in_native, id=11136, stack(0x0000000017640000,0x0000000017740000)]
  0x0000000016d6a000 JavaThread "C2 CompilerThread0" daemon [_thread_in_native, id=5508, stack(0x0000000017540000,0x0000000017640000)]
  0x0000000016d67000 JavaThread "Attach Listener" daemon [_thread_blocked, id=10840, stack(0x0000000017440000,0x0000000017540000)]
  0x000000000233e800 JavaThread "Signal Dispatcher" daemon [_thread_blocked, id=10844, stack(0x0000000017340000,0x0000000017440000)]
  0x0000000002339000 JavaThread "Finalizer" daemon [_thread_blocked, id=11232, stack(0x0000000017140000,0x0000000017240000)]
  0x0000000002336000 JavaThread "Reference Handler" daemon [_thread_blocked, id=9804, stack(0x0000000016c40000,0x0000000016d40000)]
  0x000000000213d800 JavaThread "main" [_thread_in_Java, id=7720, stack(0x0000000002140000,0x0000000002240000)]

Other Threads:
  0x0000000014e58800 VMThread [stack: 0x0000000016b40000,0x0000000016c40000] [id=5732]
  0x0000000016dea000 WatcherThread [stack: 0x0000000017a40000,0x0000000017b40000] [id=9284]

VM state:not at safepoint (normal execution)

VM Mutex/Monitor currently owned by a thread: None

Heap:
 PSYoungGen      total 128000K, used 33005K [0x00000000eab00000, 0x00000000fcf00000, 0x0000000100000000)
  eden space 122880K, 22% used [0x00000000eab00000,0x00000000ec63ea30,0x00000000f2300000)
  from space 5120K, 99% used [0x00000000f2300000,0x00000000f27fcb20,0x00000000f2800000)
  to   space 26624K, 0% used [0x00000000fb500000,0x00000000fb500000,0x00000000fcf00000)
 ParOldGen       total 81920K, used 40318K [0x00000000c0000000, 0x00000000c5000000, 0x00000000eab00000)
  object space 81920K, 49% used [0x00000000c0000000,0x00000000c275fb68,0x00000000c5000000)
 Metaspace       used 6512K, capacity 7256K, committed 7424K, reserved 1056768K
  class space    used 624K, capacity 656K, committed 768K, reserved 1048576K

Card table byte_map: [0x0000000011700000,0x0000000011910000] byte_map_base: 0x0000000011100000

Marking Bits: (ParMarkBitMap*) 0x00000000771064f0
 Begin Bits: [0x0000000012270000, 0x0000000013270000)
 End Bits:   [0x0000000013270000, 0x0000000014270000)

Polling page: 0x00000000004f0000

CodeCache: size=245760Kb used=9338Kb max_used=9358Kb free=236421Kb
 bounds [0x0000000002340000, 0x0000000002c70000, 0x0000000011340000]
 total_blobs=2349 nmethods=2079 adapters=182
 compilation: enabled

Compilation events (10 events):
Event: 8.960 Thread 0x0000000016d74800 2160       2       com.android.dx.cf.direct.DirectClassFile::isGoodVersion (38 bytes)
Event: 8.960 Thread 0x0000000016d74800 nmethod 2160 0x0000000002c5f890 code [0x0000000002c5f9e0, 0x0000000002c5fb90]
Event: 8.960 Thread 0x0000000016d74800 2161       2       com.android.dx.cf.cst.ConstantPoolParser::<init> (41 bytes)
Event: 8.961 Thread 0x0000000016d74800 nmethod 2161 0x0000000002c5fc10 code [0x0000000002c5fd80, 0x0000000002c600f8]
Event: 8.961 Thread 0x0000000016d74800 2162       2       com.android.dx.rop.type.Type::getClassName (94 bytes)
Event: 8.962 Thread 0x0000000016d74800 nmethod 2162 0x0000000002c60350 code [0x0000000002c60520, 0x0000000002c60a58]
Event: 8.964 Thread 0x0000000016d6a000 nmethod 2057 0x0000000002c60d90 code [0x0000000002c611c0, 0x0000000002c645a0]
Event: 8.965 Thread 0x0000000016d6a000 2037       4       com.android.dx.ssa.SCCP::simulateStmt (481 bytes)
Event: 8.982 Thread 0x0000000016d74800 2164       2       java.util.HashMap::putVal (300 bytes)
Event: 8.984 Thread 0x0000000016d74800 nmethod 2164 0x0000000002c5e910 code [0x0000000002c5eb20, 0x0000000002c5f238]

GC Heap History (10 events):
Event: 4.623 GC heap before
{Heap before GC invocations=1 (full 0):
 PSYoungGen      total 35840K, used 30720K [0x00000000eab00000, 0x00000000ed300000, 0x0000000100000000)
  eden space 30720K, 100% used [0x00000000eab00000,0x00000000ec900000,0x00000000ec900000)
  from space 5120K, 0% used [0x00000000ece00000,0x00000000ece00000,0x00000000ed300000)
  to   space 5120K, 0% used [0x00000000ec900000,0x00000000ec900000,0x00000000ece00000)
 ParOldGen       total 81920K, used 0K [0x00000000c0000000, 0x00000000c5000000, 0x00000000eab00000)
  object space 81920K, 0% used [0x00000000c0000000,0x00000000c0000000,0x00000000c5000000)
 Metaspace       used 5888K, capacity 6832K, committed 7040K, reserved 1056768K
  class space    used 601K, capacity 616K, committed 640K, reserved 1048576K
Event: 4.977 GC heap after
Heap after GC invocations=1 (full 0):
 PSYoungGen      total 35840K, used 5058K [0x00000000eab00000, 0x00000000ef100000, 0x0000000100000000)
  eden space 30720K, 0% used [0x00000000eab00000,0x00000000eab00000,0x00000000ec900000)
  from space 5120K, 98% used [0x00000000ec900000,0x00000000ecdf0bc0,0x00000000ece00000)
  to   space 5120K, 0% used [0x00000000eec00000,0x00000000eec00000,0x00000000ef100000)
 ParOldGen       total 81920K, used 0K [0x00000000c0000000, 0x00000000c5000000, 0x00000000eab00000)
  object space 81920K, 0% used [0x00000000c0000000,0x00000000c0000000,0x00000000c5000000)
 Metaspace       used 5888K, capacity 6832K, committed 7040K, reserved 1056768K
  class space    used 601K, capacity 616K, committed 640K, reserved 1048576K
}
Event: 5.782 GC heap before
{Heap before GC invocations=2 (full 0):
 PSYoungGen      total 35840K, used 35778K [0x00000000eab00000, 0x00000000ef100000, 0x0000000100000000)
  eden space 30720K, 100% used [0x00000000eab00000,0x00000000ec900000,0x00000000ec900000)
  from space 5120K, 98% used [0x00000000ec900000,0x00000000ecdf0bc0,0x00000000ece00000)
  to   space 5120K, 0% used [0x00000000eec00000,0x00000000eec00000,0x00000000ef100000)
 ParOldGen       total 81920K, used 0K [0x00000000c0000000, 0x00000000c5000000, 0x00000000eab00000)
  object space 81920K, 0% used [0x00000000c0000000,0x00000000c0000000,0x00000000c5000000)
 Metaspace       used 6131K, capacity 7026K, committed 7296K, reserved 1056768K
  class space    used 603K, capacity 618K, committed 640K, reserved 1048576K
Event: 6.109 GC heap after
Heap after GC invocations=2 (full 0):
 PSYoungGen      total 66560K, used 5090K [0x00000000eab00000, 0x00000000ef100000, 0x0000000100000000)
  eden space 61440K, 0% used [0x00000000eab00000,0x00000000eab00000,0x00000000ee700000)
  from space 5120K, 99% used [0x00000000eec00000,0x00000000ef0f8bd8,0x00000000ef100000)
  to   space 5120K, 0% used [0x00000000ee700000,0x00000000ee700000,0x00000000eec00000)
 ParOldGen       total 81920K, used 3061K [0x00000000c0000000, 0x00000000c5000000, 0x00000000eab00000)
  object space 81920K, 3% used [0x00000000c0000000,0x00000000c02fd6d0,0x00000000c5000000)
 Metaspace       used 6131K, capacity 7026K, committed 7296K, reserved 1056768K
  class space    used 603K, capacity 618K, committed 640K, reserved 1048576K
}
Event: 6.953 GC heap before
{Heap before GC invocations=3 (full 0):
 PSYoungGen      total 66560K, used 66530K [0x00000000eab00000, 0x00000000ef100000, 0x0000000100000000)
  eden space 61440K, 100% used [0x00000000eab00000,0x00000000ee700000,0x00000000ee700000)
  from space 5120K, 99% used [0x00000000eec00000,0x00000000ef0f8bd8,0x00000000ef100000)
  to   space 5120K, 0% used [0x00000000ee700000,0x00000000ee700000,0x00000000eec00000)
 ParOldGen       total 81920K, used 3061K [0x00000000c0000000, 0x00000000c5000000, 0x00000000eab00000)
  object space 81920K, 3% used [0x00000000c0000000,0x00000000c02fd6d0,0x00000000c5000000)
 Metaspace       used 6256K, capacity 7090K, committed 7296K, reserved 1056768K
  class space    used 604K, capacity 618K, committed 640K, reserved 1048576K
Event: 7.012 GC heap after
Heap after GC invocations=3 (full 0):
 PSYoungGen      total 66560K, used 5102K [0x00000000eab00000, 0x00000000f2d00000, 0x0000000100000000)
  eden space 61440K, 0% used [0x00000000eab00000,0x00000000eab00000,0x00000000ee700000)
  from space 5120K, 99% used [0x00000000ee700000,0x00000000eebfbbc0,0x00000000eec00000)
  to   space 5120K, 0% used [0x00000000f2800000,0x00000000f2800000,0x00000000f2d00000)
 ParOldGen       total 81920K, used 11341K [0x00000000c0000000, 0x00000000c5000000, 0x00000000eab00000)
  object space 81920K, 13% used [0x00000000c0000000,0x00000000c0b13450,0x00000000c5000000)
 Metaspace       used 6256K, capacity 7090K, committed 7296K, reserved 1056768K
  class space    used 604K, capacity 618K, committed 640K, reserved 1048576K
}
Event: 8.293 GC heap before
{Heap before GC invocations=4 (full 0):
 PSYoungGen      total 66560K, used 66542K [0x00000000eab00000, 0x00000000f2d00000, 0x0000000100000000)
  eden space 61440K, 100% used [0x00000000eab00000,0x00000000ee700000,0x00000000ee700000)
  from space 5120K, 99% used [0x00000000ee700000,0x00000000eebfbbc0,0x00000000eec00000)
  to   space 5120K, 0% used [0x00000000f2800000,0x00000000f2800000,0x00000000f2d00000)
 ParOldGen       total 81920K, used 11341K [0x00000000c0000000, 0x00000000c5000000, 0x00000000eab00000)
  object space 81920K, 13% used [0x00000000c0000000,0x00000000c0b13450,0x00000000c5000000)
 Metaspace       used 6314K, capacity 7154K, committed 7296K, reserved 1056768K
  class space    used 604K, capacity 618K, committed 640K, reserved 1048576K
Event: 8.315 GC heap after
Heap after GC invocations=4 (full 0):
 PSYoungGen      total 128000K, used 5105K [0x00000000eab00000, 0x00000000f2d00000, 0x0000000100000000)
  eden space 122880K, 0% used [0x00000000eab00000,0x00000000eab00000,0x00000000f2300000)
  from space 5120K, 99% used [0x00000000f2800000,0x00000000f2cfc528,0x00000000f2d00000)
  to   space 5120K, 0% used [0x00000000f2300000,0x00000000f2300000,0x00000000f2800000)
 ParOldGen       total 81920K, used 20961K [0x00000000c0000000, 0x00000000c5000000, 0x00000000eab00000)
  object space 81920K, 25% used [0x00000000c0000000,0x00000000c1478648,0x00000000c5000000)
 Metaspace       used 6314K, capacity 7154K, committed 7296K, reserved 1056768K
  class space    used 604K, capacity 618K, committed 640K, reserved 1048576K
}
Event: 8.817 GC heap before
{Heap before GC invocations=5 (full 0):
 PSYoungGen      total 128000K, used 127985K [0x00000000eab00000, 0x00000000f2d00000, 0x0000000100000000)
  eden space 122880K, 100% used [0x00000000eab00000,0x00000000f2300000,0x00000000f2300000)
  from space 5120K, 99% used [0x00000000f2800000,0x00000000f2cfc528,0x00000000f2d00000)
  to   space 5120K, 0% used [0x00000000f2300000,0x00000000f2300000,0x00000000f2800000)
 ParOldGen       total 81920K, used 20961K [0x00000000c0000000, 0x00000000c5000000, 0x00000000eab00000)
  object space 81920K, 25% used [0x00000000c0000000,0x00000000c1478648,0x00000000c5000000)
 Metaspace       used 6482K, capacity 7256K, committed 7424K, reserved 1056768K
  class space    used 624K, capacity 656K, committed 768K, reserved 1048576K
Event: 8.886 GC heap after
Heap after GC invocations=5 (full 0):
 PSYoungGen      total 128000K, used 5106K [0x00000000eab00000, 0x00000000fcf00000, 0x0000000100000000)
  eden space 122880K, 0% used [0x00000000eab00000,0x00000000eab00000,0x00000000f2300000)
  from space 5120K, 99% used [0x00000000f2300000,0x00000000f27fcb20,0x00000000f2800000)
  to   space 26624K, 0% used [0x00000000fb500000,0x00000000fb500000,0x00000000fcf00000)
 ParOldGen       total 81920K, used 40318K [0x00000000c0000000, 0x00000000c5000000, 0x00000000eab00000)
  object space 81920K, 49% used [0x00000000c0000000,0x00000000c275fb68,0x00000000c5000000)
 Metaspace       used 6482K, capacity 7256K, committed 7424K, reserved 1056768K
  class space    used 624K, capacity 656K, committed 768K, reserved 1048576K
}

Deoptimization events (10 events):
Event: 8.444 Thread 0x0000000017b9c000 Uncommon trap: reason=unstable_if action=reinterpret pc=0x0000000002994b48 method=com.android.dx.rop.code.LocalItem.compareHandlesNulls(Lcom/android/dx/rop/cst/CstString;Lcom/android/dx/rop/cst/CstString;)I @ 14
Event: 8.631 Thread 0x0000000017b9b800 Uncommon trap: reason=bimorphic action=maybe_recompile pc=0x0000000002b1da9c method=com.android.dx.cf.code.BytecodeArray.parseInstruction(ILcom/android/dx/cf/code/BytecodeArray$Visitor;)I @ 1161
Event: 8.631 Thread 0x0000000017b9b800 Uncommon trap: reason=bimorphic action=maybe_recompile pc=0x0000000002b1da9c method=com.android.dx.cf.code.BytecodeArray.parseInstruction(ILcom/android/dx/cf/code/BytecodeArray$Visitor;)I @ 1161
Event: 8.736 Thread 0x000000001713b800 Uncommon trap: reason=unstable_if action=reinterpret pc=0x00000000028c1acc method=com.android.dx.ssa.MoveParamCombiner$1.visitNonMoveInsn(Lcom/android/dx/ssa/NormalSsaInsn;)V @ 27
Event: 8.765 Thread 0x0000000017b9c000 Uncommon trap: reason=bimorphic action=maybe_recompile pc=0x000000000295b590 method=com.android.dx.ssa.LiteralOpUpgrader.tryReplacingWithConstant(Lcom/android/dx/ssa/NormalSsaInsn;)Z @ 62
Event: 8.765 Thread 0x0000000017b9c000 Uncommon trap: reason=unstable_if action=reinterpret pc=0x0000000002a4d7c8 method=com.android.dx.ssa.LiteralOpUpgrader$1.visitNonMoveInsn(Lcom/android/dx/ssa/NormalSsaInsn;)V @ 24
Event: 8.774 Thread 0x0000000017b9c000 Uncommon trap: reason=bimorphic action=maybe_recompile pc=0x000000000295b590 method=com.android.dx.ssa.LiteralOpUpgrader.tryReplacingWithConstant(Lcom/android/dx/ssa/NormalSsaInsn;)Z @ 62
Event: 8.797 Thread 0x0000000017b9c000 Uncommon trap: reason=unstable_if action=reinterpret pc=0x00000000026e44ac method=java.util.HashMap.putVal(ILjava/lang/Object;Ljava/lang/Object;ZZ)Ljava/lang/Object; @ 162
Event: 8.935 Thread 0x0000000017b9a800 Uncommon trap: reason=unstable_if action=reinterpret pc=0x00000000029ea918 method=java.util.HashMap.getNode(ILjava/lang/Object;)Ljava/util/HashMap$Node; @ 84
Event: 8.979 Thread 0x000000001713b800 Uncommon trap: reason=unstable_if action=reinterpret pc=0x0000000002c3d728 method=java.util.HashMap.putVal(ILjava/lang/Object;Ljava/lang/Object;ZZ)Ljava/lang/Object; @ 109

Internal exceptions (7 events):
Event: 0.373 Thread 0x000000000213d800 Exception <a 'java/lang/NoSuchMethodError': Method sun.misc.Unsafe.defineClass(Ljava/lang/String;[BII)Ljava/lang/Class; name or signature does not match> (0x00000000eab07cc0) thrown at [D:\re\workspace\8-2-build-windows-amd64-cygwin\jdk8u92\6642\hotspot\sr¢Ycð¨ç×?
Event: 0.374 Thread 0x000000000213d800 Exception <a 'java/lang/NoSuchMethodError': Method sun.misc.Unsafe.prefetchRead(Ljava/lang/Object;J)V name or signature does not match> (0x00000000eab07fa8) thrown at [D:\re\workspace\8-2-build-windows-amd64-cygwin\jdk8u92\6642\hotspot\src\share\vm\prims\jž3DO*Ý @
Event: 8.432 Thread 0x0000000017b9c000 Implicit null exception at 0x0000000002942738 to 0x0000000002943889
Event: 8.444 Thread 0x0000000017b9c000 Implicit null exception at 0x0000000002993436 to 0x0000000002994b15
Event: 8.799 Thread 0x0000000017b9c000 Exception <a 'java/lang/ArrayIndexOutOfBoundsException': 18> (0x00000000f1fc68c0) thrown at [D:\re\workspace\8-2-build-windows-amd64-cygwin\jdk8u92\6642\hotspot\src\share\vm\interpreter\interpreterRuntime.cpp, line 366]
Event: 8.800 Thread 0x0000000017b9c000 Exception <a 'java/lang/ArrayIndexOutOfBoundsException': 145> (0x00000000f1fc8440) thrown at [D:\re\workspace\8-2-build-windows-amd64-cygwin\jdk8u92\6642\hotspot\src\share\vm\interpreter\interpreterRuntime.cpp, line 366]
Event: 8.801 Thread 0x0000000017b9c000 Exception <a 'java/lang/ArrayIndexOutOfBoundsException'> (0x00000000f1fc9728) thrown at [D:\re\workspace\8-2-build-windows-amd64-cygwin\jdk8u92\6642\hotspot\src\share\vm\runtime\sharedRuntime.cpp, line 605]

Events (10 events):
Event: 8.816 Executing VM operation: ParallelGCFailedAllocation
Event: 8.886 Executing VM operation: ParallelGCFailedAllocation done
Event: 8.935 Thread 0x0000000017b9a800 Uncommon trap: trap_request=0xffffff65 fr.pc=0x00000000029ea918
Event: 8.935 Thread 0x0000000017b9a800 DEOPT PACKING pc=0x00000000029ea918 sp=0x000000001863eab0
Event: 8.935 Thread 0x0000000017b9a800 DEOPT UNPACKING pc=0x000000000238582a sp=0x000000001863ea28 mode 2
Event: 8.958 Thread 0x000000000213d800 DEOPT PACKING pc=0x0000000002a6cb28 sp=0x000000000223f1b0
Event: 8.958 Thread 0x000000000213d800 DEOPT UNPACKING pc=0x000000000238787f sp=0x000000000223ee78 mode 0
Event: 8.979 Thread 0x000000001713b800 Uncommon trap: trap_request=0xffffff65 fr.pc=0x0000000002c3d728
Event: 8.979 Thread 0x000000001713b800 DEOPT PACKING pc=0x0000000002c3d728 sp=0x000000001843e9f0
Event: 8.979 Thread 0x000000001713b800 DEOPT UNPACKING pc=0x000000000238582a sp=0x000000001843e980 mode 2


Dynamic libraries:
0x00007ff696010000 - 0x00007ff696047000 	C:\Program Files\Java\jdk1.8.0_92\bin\java.exe
0x00007fffc5e30000 - 0x00007fffc5ff1000 	C:\WINDOWS\SYSTEM32\ntdll.dll
0x00007fffc3c80000 - 0x00007fffc3d2d000 	C:\WINDOWS\system32\KERNEL32.DLL
0x00007fffc2eb0000 - 0x00007fffc3098000 	C:\WINDOWS\system32\KERNELBASE.dll
0x00007fffc3520000 - 0x00007fffc35c7000 	C:\WINDOWS\system32\ADVAPI32.dll
0x00007fffc5d90000 - 0x00007fffc5e2d000 	C:\WINDOWS\system32\msvcrt.dll
0x00007fffc3c20000 - 0x00007fffc3c7b000 	C:\WINDOWS\system32\sechost.dll
0x00007fffc5820000 - 0x00007fffc593c000 	C:\WINDOWS\system32\RPCRT4.dll
0x00007fffc39c0000 - 0x00007fffc3b16000 	C:\WINDOWS\system32\USER32.dll
0x00007fffc3640000 - 0x00007fffc37c6000 	C:\WINDOWS\system32\GDI32.dll
0x00007fffabc20000 - 0x00007fffabe94000 	C:\WINDOWS\WinSxS\amd64_microsoft.windows.common-controls_6595b64144ccf1df_6.0.10586.0_none_8c15ae12515e1c22\COMCTL32.dll
0x00007fffc5a00000 - 0x00007fffc5c7d000 	C:\WINDOWS\system32\combase.dll
0x00007fffc2d60000 - 0x00007fffc2dca000 	C:\WINDOWS\system32\bcryptPrimitives.dll
0x00007fffc3830000 - 0x00007fffc386b000 	C:\WINDOWS\system32\IMM32.DLL
0x0000000076460000 - 0x0000000076532000 	C:\Program Files\Java\jdk1.8.0_92\jre\bin\msvcr100.dll
0x00000000768f0000 - 0x0000000077186000 	C:\Program Files\Java\jdk1.8.0_92\jre\bin\server\jvm.dll
0x00007fffc3510000 - 0x00007fffc3518000 	C:\WINDOWS\system32\PSAPI.DLL
0x00007fffb9970000 - 0x00007fffb9979000 	C:\WINDOWS\SYSTEM32\WSOCK32.dll
0x00007fffc35d0000 - 0x00007fffc363b000 	C:\WINDOWS\system32\WS2_32.dll
0x00007fffc0a70000 - 0x00007fffc0a93000 	C:\WINDOWS\SYSTEM32\WINMM.dll
0x00007fffba360000 - 0x00007fffba36a000 	C:\WINDOWS\SYSTEM32\VERSION.dll
0x00007fffc0730000 - 0x00007fffc075c000 	C:\WINDOWS\SYSTEM32\WINMMBASE.dll
0x00007fffc3130000 - 0x00007fffc3173000 	C:\WINDOWS\system32\cfgmgr32.dll
0x00000000768e0000 - 0x00000000768ef000 	C:\Program Files\Java\jdk1.8.0_92\jre\bin\verify.dll
0x00000000768b0000 - 0x00000000768d9000 	C:\Program Files\Java\jdk1.8.0_92\jre\bin\java.dll
0x0000000076890000 - 0x00000000768a6000 	C:\Program Files\Java\jdk1.8.0_92\jre\bin\zip.dll
0x00007fffc3e90000 - 0x00007fffc53ec000 	C:\WINDOWS\system32\SHELL32.dll
0x00007fffc2540000 - 0x00007fffc2b84000 	C:\WINDOWS\system32\windows.storage.dll
0x00007fffc37d0000 - 0x00007fffc3822000 	C:\WINDOWS\system32\shlwapi.dll
0x00007fffc24c0000 - 0x00007fffc24cf000 	C:\WINDOWS\system32\kernel.appcore.dll
0x00007fffc2df0000 - 0x00007fffc2ea5000 	C:\WINDOWS\system32\shcore.dll
0x00007fffc2470000 - 0x00007fffc24bb000 	C:\WINDOWS\system32\powrprof.dll
0x00007fffc2450000 - 0x00007fffc2464000 	C:\WINDOWS\system32\profapi.dll

VM Arguments:
jvm_args: -Djava.awt.headless=true -Xmx1024M -Dfile.encoding=windows-1252 -Duser.country=419 -Duser.language=es -Duser.variant 
java_command: com.android.dx.command.Main --dex --force-jumbo --num-threads=4 --multi-dex --output C:\Facu\TipCal\app\build\intermediates\transforms\dex\debug\folders\1000\10\com.android.support-support-v4-23.1.1_d3c1463bce4e7c4850af167ff9d7ea18ddcbaf0f C:\Facu\TipCal\app\build\intermediates\exploded-aar\com.android.support\support-v4\23.1.1\jars\classes.jar
java_class_path (initial): C:\Users\Admin\AppData\Local\Android\android-sdk\build-tools\23.0.3\lib\dx.jar
Launcher Type: SUN_STANDARD

Environment Variables:
PATH=C:\ProgramData\Oracle\Java\javapath;C:\Program Files (x86)\Common Files\Intel\Shared Files\cpp\bin\Intel64;C:\WINDOWS\system32;C:\WINDOWS;C:\WINDOWS\System32\Wbem;C:\WINDOWS\System32\WindowsPowerShell\v1.0\;C:\Program Files (x86)\Microsoft SQL Server\110\Tools\Binn\;C:\Program Files\Microsoft SQL Server\110\Tools\Binn\;C:\Program Files\Microsoft SQL Server\110\DTS\Binn\;C:\Program Files (x86)\Microsoft SQL Server\110\Tools\Binn\ManagementStudio\;C:\Program Files (x86)\Microsoft Visual Studio 10.0\Common7\IDE\PrivateAssemblies\;C:\Program Files (x86)\Microsoft SQL Server\110\DTS\Binn\;C:\Program Files (x86)\Microsoft SQL Server\100\Tools\Binn\;C:\Program Files\Microsoft SQL Server\100\Tools\Binn\;C:\Program Files\Microsoft SQL Server\100\DTS\Binn\;C:\Program Files (x86)\Microsoft SQL Server\100\Tools\Binn\VSShell\Common7\IDE\;C:\Program Files (x86)\Microsoft SQL Server\100\DTS\Binn\;C:\WINDOWS\system32\config\systemprofile\.dnx\bin;C:\Program Files\Microsoft DNX\Dnvm\;C:\Program Files\Microsoft\Web Platform Installer\;C:\Program Files (x86)\Skype\Phone\
USERNAME=MaxiE
OS=Windows_NT
PROCESSOR_IDENTIFIER=Intel64 Family 6 Model 58 Stepping 9, GenuineIntel



---------------  S Y S T E M  ---------------

OS: Windows 10.0 , 64 bit Build 10586 (10.0.10586.0)

CPU:total 8 (4 cores per cpu, 2 threads per core) family 6 model 58 stepping 9, cmov, cx8, fxsr, mmx, sse, sse2, sse3, ssse3, sse4.1, sse4.2, popcnt, avx, aes, clmul, erms, ht, tsc, tscinvbit, tscinv

Memory: 4k page, physical 7826712k(1644508k free), swap 7826712k(5596k free)

vm_info: Java HotSpot(TM) 64-Bit Server VM (25.92-b14) for windows-amd64 JRE (1.8.0_92-b14), built on Mar 31 2016 21:03:04 by "java_re" with MS VC++ 10.0 (VS2010)

time: Thu Jun 02 17:01:55 2016
elapsed time: 9 seconds (0d 0h 0m 9s)

